九月 01, 2017 10:49:58 上午 org.apache.catalina.startup.VersionLoggerListener log
信息: Server version:        Apache Tomcat/@VERSION@
九月 01, 2017 10:49:58 上午 org.apache.catalina.startup.VersionLoggerListener log
信息: Server built:          @VERSION_BUILT@
九月 01, 2017 10:49:58 上午 org.apache.catalina.startup.VersionLoggerListener log
信息: Server number:         @VERSION_NUMBER@
九月 01, 2017 10:49:58 上午 org.apache.catalina.startup.VersionLoggerListener log
信息: OS Name:               Mac OS X
九月 01, 2017 10:49:58 上午 org.apache.catalina.startup.VersionLoggerListener log
信息: OS Version:            10.12.6
九月 01, 2017 10:49:58 上午 org.apache.catalina.startup.VersionLoggerListener log
信息: Architecture:          x86_64
九月 01, 2017 10:49:58 上午 org.apache.catalina.startup.VersionLoggerListener log
信息: Java Home:             /Library/Java/JavaVirtualMachines/jdk1.8.0_112.jdk/Contents/Home/jre
九月 01, 2017 10:49:58 上午 org.apache.catalina.startup.VersionLoggerListener log
信息: JVM Version:           1.8.0_112-b16
九月 01, 2017 10:49:58 上午 org.apache.catalina.startup.VersionLoggerListener log
信息: JVM Vendor:            Oracle Corporation
九月 01, 2017 10:49:58 上午 org.apache.catalina.startup.VersionLoggerListener log
信息: CATALINA_BASE:         /Users/daihuijun/IdeaProjects/Tomcat7.0/catalina-home
九月 01, 2017 10:49:58 上午 org.apache.catalina.startup.VersionLoggerListener log
信息: CATALINA_HOME:         /Users/daihuijun/IdeaProjects/Tomcat7.0/catalina-home
九月 01, 2017 10:49:58 上午 org.apache.catalina.startup.VersionLoggerListener log
信息: Command line argument: -agentlib:jdwp=transport=dt_socket,address=127.0.0.1:50924,suspend=y,server=n
九月 01, 2017 10:49:58 上午 org.apache.catalina.startup.VersionLoggerListener log
信息: Command line argument: -Xms2g
九月 01, 2017 10:49:58 上午 org.apache.catalina.startup.VersionLoggerListener log
信息: Command line argument: -Xmx2g
九月 01, 2017 10:49:58 上午 org.apache.catalina.startup.VersionLoggerListener log
信息: Command line argument: -Dcatalina.home=catalina-home
九月 01, 2017 10:49:58 上午 org.apache.catalina.startup.VersionLoggerListener log
信息: Command line argument: -Dcatalina.base=catalina-home
九月 01, 2017 10:49:58 上午 org.apache.catalina.startup.VersionLoggerListener log
信息: Command line argument: -Djava.endorsed.dirs=catalina-home/endorsed
九月 01, 2017 10:49:58 上午 org.apache.catalina.startup.VersionLoggerListener log
信息: Command line argument: -Djava.io.tmpdir=catalina-home/temp
九月 01, 2017 10:49:58 上午 org.apache.catalina.startup.VersionLoggerListener log
信息: Command line argument: -Djava.util.logging.manager=org.apache.juli.ClassLoaderLogManager
九月 01, 2017 10:49:58 上午 org.apache.catalina.startup.VersionLoggerListener log
信息: Command line argument: -Djava.util.logging.config.file=catalina-home/conf/logging.properties
九月 01, 2017 10:49:58 上午 org.apache.catalina.startup.VersionLoggerListener log
信息: Command line argument: -Dfile.encoding=UTF-8
九月 01, 2017 10:49:58 上午 org.apache.catalina.core.AprLifecycleListener lifecycleEvent
信息: The APR based Apache Tomcat Native library which allows optimal performance in production environments was not found on the java.library.path: /Users/daihuijun/Library/Java/Extensions:/Library/Java/Extensions:/Network/Library/Java/Extensions:/System/Library/Java/Extensions:/usr/lib/java:.
九月 01, 2017 10:49:58 上午 org.apache.coyote.AbstractProtocol init
信息: Initializing ProtocolHandler ["http-bio-8080"]
九月 01, 2017 10:49:58 上午 org.apache.coyote.AbstractProtocol init
严重: Failed to initialize end point associated with ProtocolHandler ["http-bio-8080"]
java.net.BindException: Address already in use (Bind failed) <null>:8080
	at org.apache.tomcat.util.net.JIoEndpoint.bind(JIoEndpoint.java:413)
	at org.apache.tomcat.util.net.AbstractEndpoint.init(AbstractEndpoint.java:715)
	at org.apache.coyote.AbstractProtocol.init(AbstractProtocol.java:452)
	at org.apache.coyote.http11.AbstractHttp11JsseProtocol.init(AbstractHttp11JsseProtocol.java:119)
	at org.apache.catalina.connector.Connector.initInternal(Connector.java:978)
	at org.apache.catalina.util.LifecycleBase.init(LifecycleBase.java:102)
	at org.apache.catalina.core.StandardService.initInternal(StandardService.java:560)
	at org.apache.catalina.util.LifecycleBase.init(LifecycleBase.java:102)
	at org.apache.catalina.core.StandardServer.initInternal(StandardServer.java:840)
	at org.apache.catalina.util.LifecycleBase.init(LifecycleBase.java:102)
	at org.apache.catalina.startup.Catalina.load(Catalina.java:642)
	at sun.reflect.NativeMethodAccessorImpl.invoke0(Native Method)
	at sun.reflect.NativeMethodAccessorImpl.invoke(NativeMethodAccessorImpl.java:62)
	at sun.reflect.DelegatingMethodAccessorImpl.invoke(DelegatingMethodAccessorImpl.java:43)
	at java.lang.reflect.Method.invoke(Method.java:498)
	at org.apache.catalina.startup.Bootstrap.load(Bootstrap.java:253)
	at org.apache.catalina.startup.Bootstrap.main(Bootstrap.java:427)
Caused by: java.net.BindException: Address already in use (Bind failed)
	at java.net.PlainSocketImpl.socketBind(Native Method)
	at java.net.AbstractPlainSocketImpl.bind(AbstractPlainSocketImpl.java:387)
	at java.net.ServerSocket.bind(ServerSocket.java:375)
	at java.net.ServerSocket.<init>(ServerSocket.java:237)
	at java.net.ServerSocket.<init>(ServerSocket.java:181)
	at org.apache.tomcat.util.net.DefaultServerSocketFactory.createSocket(DefaultServerSocketFactory.java:49)
	at org.apache.tomcat.util.net.JIoEndpoint.bind(JIoEndpoint.java:400)
	... 16 more

九月 01, 2017 10:49:58 上午 org.apache.catalina.core.StandardService initInternal
严重: Failed to initialize connector [Connector[HTTP/1.1-8080]]
org.apache.catalina.LifecycleException: Failed to initialize component [Connector[HTTP/1.1-8080]]
	at org.apache.catalina.util.LifecycleBase.init(LifecycleBase.java:108)
	at org.apache.catalina.core.StandardService.initInternal(StandardService.java:560)
	at org.apache.catalina.util.LifecycleBase.init(LifecycleBase.java:102)
	at org.apache.catalina.core.StandardServer.initInternal(StandardServer.java:840)
	at org.apache.catalina.util.LifecycleBase.init(LifecycleBase.java:102)
	at org.apache.catalina.startup.Catalina.load(Catalina.java:642)
	at sun.reflect.NativeMethodAccessorImpl.invoke0(Native Method)
	at sun.reflect.NativeMethodAccessorImpl.invoke(NativeMethodAccessorImpl.java:62)
	at sun.reflect.DelegatingMethodAccessorImpl.invoke(DelegatingMethodAccessorImpl.java:43)
	at java.lang.reflect.Method.invoke(Method.java:498)
	at org.apache.catalina.startup.Bootstrap.load(Bootstrap.java:253)
	at org.apache.catalina.startup.Bootstrap.main(Bootstrap.java:427)
Caused by: org.apache.catalina.LifecycleException: Protocol handler initialization failed
	at org.apache.catalina.connector.Connector.initInternal(Connector.java:982)
	at org.apache.catalina.util.LifecycleBase.init(LifecycleBase.java:102)
	... 11 more
Caused by: java.net.BindException: Address already in use (Bind failed) <null>:8080
	at org.apache.tomcat.util.net.JIoEndpoint.bind(JIoEndpoint.java:413)
	at org.apache.tomcat.util.net.AbstractEndpoint.init(AbstractEndpoint.java:715)
	at org.apache.coyote.AbstractProtocol.init(AbstractProtocol.java:452)
	at org.apache.coyote.http11.AbstractHttp11JsseProtocol.init(AbstractHttp11JsseProtocol.java:119)
	at org.apache.catalina.connector.Connector.initInternal(Connector.java:978)
	... 12 more
Caused by: java.net.BindException: Address already in use (Bind failed)
	at java.net.PlainSocketImpl.socketBind(Native Method)
	at java.net.AbstractPlainSocketImpl.bind(AbstractPlainSocketImpl.java:387)
	at java.net.ServerSocket.bind(ServerSocket.java:375)
	at java.net.ServerSocket.<init>(ServerSocket.java:237)
	at java.net.ServerSocket.<init>(ServerSocket.java:181)
	at org.apache.tomcat.util.net.DefaultServerSocketFactory.createSocket(DefaultServerSocketFactory.java:49)
	at org.apache.tomcat.util.net.JIoEndpoint.bind(JIoEndpoint.java:400)
	... 16 more

九月 01, 2017 10:49:58 上午 org.apache.coyote.AbstractProtocol init
信息: Initializing ProtocolHandler ["ajp-bio-8009"]
九月 01, 2017 10:49:58 上午 org.apache.coyote.AbstractProtocol init
严重: Failed to initialize end point associated with ProtocolHandler ["ajp-bio-8009"]
java.net.BindException: Address already in use (Bind failed) <null>:8009
	at org.apache.tomcat.util.net.JIoEndpoint.bind(JIoEndpoint.java:413)
	at org.apache.tomcat.util.net.AbstractEndpoint.init(AbstractEndpoint.java:715)
	at org.apache.coyote.AbstractProtocol.init(AbstractProtocol.java:452)
	at org.apache.catalina.connector.Connector.initInternal(Connector.java:978)
	at org.apache.catalina.util.LifecycleBase.init(LifecycleBase.java:102)
	at org.apache.catalina.core.StandardService.initInternal(StandardService.java:560)
	at org.apache.catalina.util.LifecycleBase.init(LifecycleBase.java:102)
	at org.apache.catalina.core.StandardServer.initInternal(StandardServer.java:840)
	at org.apache.catalina.util.LifecycleBase.init(LifecycleBase.java:102)
	at org.apache.catalina.startup.Catalina.load(Catalina.java:642)
	at sun.reflect.NativeMethodAccessorImpl.invoke0(Native Method)
	at sun.reflect.NativeMethodAccessorImpl.invoke(NativeMethodAccessorImpl.java:62)
	at sun.reflect.DelegatingMethodAccessorImpl.invoke(DelegatingMethodAccessorImpl.java:43)
	at java.lang.reflect.Method.invoke(Method.java:498)
	at org.apache.catalina.startup.Bootstrap.load(Bootstrap.java:253)
	at org.apache.catalina.startup.Bootstrap.main(Bootstrap.java:427)
Caused by: java.net.BindException: Address already in use (Bind failed)
	at java.net.PlainSocketImpl.socketBind(Native Method)
	at java.net.AbstractPlainSocketImpl.bind(AbstractPlainSocketImpl.java:387)
	at java.net.ServerSocket.bind(ServerSocket.java:375)
	at java.net.ServerSocket.<init>(ServerSocket.java:237)
	at java.net.ServerSocket.<init>(ServerSocket.java:181)
	at org.apache.tomcat.util.net.DefaultServerSocketFactory.createSocket(DefaultServerSocketFactory.java:49)
	at org.apache.tomcat.util.net.JIoEndpoint.bind(JIoEndpoint.java:400)
	... 15 more

九月 01, 2017 10:49:58 上午 org.apache.catalina.core.StandardService initInternal
严重: Failed to initialize connector [Connector[AJP/1.3-8009]]
org.apache.catalina.LifecycleException: Failed to initialize component [Connector[AJP/1.3-8009]]
	at org.apache.catalina.util.LifecycleBase.init(LifecycleBase.java:108)
	at org.apache.catalina.core.StandardService.initInternal(StandardService.java:560)
	at org.apache.catalina.util.LifecycleBase.init(LifecycleBase.java:102)
	at org.apache.catalina.core.StandardServer.initInternal(StandardServer.java:840)
	at org.apache.catalina.util.LifecycleBase.init(LifecycleBase.java:102)
	at org.apache.catalina.startup.Catalina.load(Catalina.java:642)
	at sun.reflect.NativeMethodAccessorImpl.invoke0(Native Method)
	at sun.reflect.NativeMethodAccessorImpl.invoke(NativeMethodAccessorImpl.java:62)
	at sun.reflect.DelegatingMethodAccessorImpl.invoke(DelegatingMethodAccessorImpl.java:43)
	at java.lang.reflect.Method.invoke(Method.java:498)
	at org.apache.catalina.startup.Bootstrap.load(Bootstrap.java:253)
	at org.apache.catalina.startup.Bootstrap.main(Bootstrap.java:427)
Caused by: org.apache.catalina.LifecycleException: Protocol handler initialization failed
	at org.apache.catalina.connector.Connector.initInternal(Connector.java:982)
	at org.apache.catalina.util.LifecycleBase.init(LifecycleBase.java:102)
	... 11 more
Caused by: java.net.BindException: Address already in use (Bind failed) <null>:8009
	at org.apache.tomcat.util.net.JIoEndpoint.bind(JIoEndpoint.java:413)
	at org.apache.tomcat.util.net.AbstractEndpoint.init(AbstractEndpoint.java:715)
	at org.apache.coyote.AbstractProtocol.init(AbstractProtocol.java:452)
	at org.apache.catalina.connector.Connector.initInternal(Connector.java:978)
	... 12 more
Caused by: java.net.BindException: Address already in use (Bind failed)
	at java.net.PlainSocketImpl.socketBind(Native Method)
	at java.net.AbstractPlainSocketImpl.bind(AbstractPlainSocketImpl.java:387)
	at java.net.ServerSocket.bind(ServerSocket.java:375)
	at java.net.ServerSocket.<init>(ServerSocket.java:237)
	at java.net.ServerSocket.<init>(ServerSocket.java:181)
	at org.apache.tomcat.util.net.DefaultServerSocketFactory.createSocket(DefaultServerSocketFactory.java:49)
	at org.apache.tomcat.util.net.JIoEndpoint.bind(JIoEndpoint.java:400)
	... 15 more

九月 01, 2017 10:49:58 上午 org.apache.catalina.startup.Catalina load
信息: Initialization processed in 786 ms
九月 01, 2017 10:49:58 上午 org.apache.catalina.core.StandardService startInternal
信息: Starting service Catalina
九月 01, 2017 10:49:58 上午 org.apache.catalina.core.StandardEngine startInternal
信息: Starting Servlet Engine: Apache Tomcat/@VERSION@
九月 01, 2017 10:49:58 上午 org.apache.catalina.startup.HostConfig deployDirectory
信息: Deploying web application directory /Users/daihuijun/IdeaProjects/Tomcat7.0/catalina-home/webapps/docs
九月 01, 2017 10:50:01 上午 org.apache.catalina.startup.TldConfig execute
信息: At least one JAR was scanned for TLDs yet contained no TLDs. Enable debug logging for this logger for a complete list of JARs that were scanned but no TLDs were found in them. Skipping unneeded JARs during scanning can improve startup time and JSP compilation time.
九月 01, 2017 10:50:01 上午 org.apache.catalina.startup.HostConfig deployDirectory
信息: Deployment of web application directory /Users/daihuijun/IdeaProjects/Tomcat7.0/catalina-home/webapps/docs has finished in 3,061 ms
九月 01, 2017 10:50:01 上午 org.apache.catalina.startup.HostConfig deployDirectory
信息: Deploying web application directory /Users/daihuijun/IdeaProjects/Tomcat7.0/catalina-home/webapps/examples
九月 01, 2017 10:50:03 上午 org.apache.catalina.startup.TldConfig execute
信息: At least one JAR was scanned for TLDs yet contained no TLDs. Enable debug logging for this logger for a complete list of JARs that were scanned but no TLDs were found in them. Skipping unneeded JARs during scanning can improve startup time and JSP compilation time.
九月 01, 2017 10:50:03 上午 org.apache.catalina.startup.HostConfig deployDirectory
信息: Deployment of web application directory /Users/daihuijun/IdeaProjects/Tomcat7.0/catalina-home/webapps/examples has finished in 1,831 ms
九月 01, 2017 10:50:03 上午 org.apache.catalina.startup.HostConfig deployDirectory
信息: Deploying web application directory /Users/daihuijun/IdeaProjects/Tomcat7.0/catalina-home/webapps/host-manager
九月 01, 2017 10:50:03 上午 org.apache.catalina.startup.TldConfig execute
信息: At least one JAR was scanned for TLDs yet contained no TLDs. Enable debug logging for this logger for a complete list of JARs that were scanned but no TLDs were found in them. Skipping unneeded JARs during scanning can improve startup time and JSP compilation time.
九月 01, 2017 10:50:03 上午 org.apache.catalina.startup.HostConfig deployDirectory
信息: Deployment of web application directory /Users/daihuijun/IdeaProjects/Tomcat7.0/catalina-home/webapps/host-manager has finished in 77 ms
九月 01, 2017 10:50:03 上午 org.apache.catalina.startup.HostConfig deployDirectory
信息: Deploying web application directory /Users/daihuijun/IdeaProjects/Tomcat7.0/catalina-home/webapps/manager
九月 01, 2017 10:50:03 上午 org.apache.catalina.startup.TldConfig execute
信息: At least one JAR was scanned for TLDs yet contained no TLDs. Enable debug logging for this logger for a complete list of JARs that were scanned but no TLDs were found in them. Skipping unneeded JARs during scanning can improve startup time and JSP compilation time.
九月 01, 2017 10:50:03 上午 org.apache.catalina.startup.HostConfig deployDirectory
信息: Deployment of web application directory /Users/daihuijun/IdeaProjects/Tomcat7.0/catalina-home/webapps/manager has finished in 78 ms
九月 01, 2017 10:50:03 上午 org.apache.catalina.startup.HostConfig deployDirectory
信息: Deploying web application directory /Users/daihuijun/IdeaProjects/Tomcat7.0/catalina-home/webapps/ROOT
九月 01, 2017 10:50:05 上午 org.apache.catalina.startup.TldConfig execute
信息: At least one JAR was scanned for TLDs yet contained no TLDs. Enable debug logging for this logger for a complete list of JARs that were scanned but no TLDs were found in them. Skipping unneeded JARs during scanning can improve startup time and JSP compilation time.
九月 01, 2017 10:50:05 上午 org.apache.catalina.startup.HostConfig deployDirectory
信息: Deployment of web application directory /Users/daihuijun/IdeaProjects/Tomcat7.0/catalina-home/webapps/ROOT has finished in 1,389 ms
九月 01, 2017 10:50:05 上午 org.apache.catalina.startup.HostConfig deployDirectory
信息: Deploying web application directory /Users/daihuijun/IdeaProjects/Tomcat7.0/catalina-home/webapps/webapp-3.0
九月 01, 2017 10:50:06 上午 org.apache.catalina.startup.TldConfig execute
信息: At least one JAR was scanned for TLDs yet contained no TLDs. Enable debug logging for this logger for a complete list of JARs that were scanned but no TLDs were found in them. Skipping unneeded JARs during scanning can improve startup time and JSP compilation time.
九月 01, 2017 10:50:06 上午 org.apache.catalina.core.StandardContext startInternal
严重: One or more listeners failed to start. Full details will be found in the appropriate container log file
九月 01, 2017 10:50:06 上午 org.apache.catalina.core.StandardContext startInternal
严重: Context [/webapp-3.0] startup failed due to previous errors
九月 01, 2017 10:50:06 上午 org.apache.catalina.startup.HostConfig deployDirectory
信息: Deployment of web application directory /Users/daihuijun/IdeaProjects/Tomcat7.0/catalina-home/webapps/webapp-3.0 has finished in 1,637 ms
九月 01, 2017 10:50:06 上午 org.apache.catalina.startup.Catalina start
信息: Server startup in 8131 ms
九月 01, 2017 10:50:06 上午 org.apache.catalina.core.StandardServer await
严重: StandardServer.await: create[localhost:8005]: 
java.net.BindException: Address already in use (Bind failed)
	at java.net.PlainSocketImpl.socketBind(Native Method)
	at java.net.AbstractPlainSocketImpl.bind(AbstractPlainSocketImpl.java:387)
	at java.net.ServerSocket.bind(ServerSocket.java:375)
	at java.net.ServerSocket.<init>(ServerSocket.java:237)
	at org.apache.catalina.core.StandardServer.await(StandardServer.java:445)
	at org.apache.catalina.startup.Catalina.await(Catalina.java:781)
	at org.apache.catalina.startup.Catalina.start(Catalina.java:727)
	at sun.reflect.NativeMethodAccessorImpl.invoke0(Native Method)
	at sun.reflect.NativeMethodAccessorImpl.invoke(NativeMethodAccessorImpl.java:62)
	at sun.reflect.DelegatingMethodAccessorImpl.invoke(DelegatingMethodAccessorImpl.java:43)
	at java.lang.reflect.Method.invoke(Method.java:498)
	at org.apache.catalina.startup.Bootstrap.start(Bootstrap.java:294)
	at org.apache.catalina.startup.Bootstrap.main(Bootstrap.java:428)

九月 01, 2017 10:50:06 上午 org.apache.coyote.AbstractProtocol pause
信息: Pausing ProtocolHandler ["http-bio-8080"]
九月 01, 2017 10:50:06 上午 org.apache.coyote.AbstractProtocol pause
信息: Pausing ProtocolHandler ["ajp-bio-8009"]
九月 01, 2017 10:50:06 上午 org.apache.catalina.core.StandardService stopInternal
信息: Stopping service Catalina
九月 01, 2017 10:50:06 上午 org.apache.coyote.AbstractProtocol stop
信息: Stopping ProtocolHandler ["http-bio-8080"]
九月 01, 2017 10:50:06 上午 org.apache.coyote.AbstractProtocol destroy
信息: Destroying ProtocolHandler ["http-bio-8080"]
九月 01, 2017 10:50:06 上午 org.apache.coyote.AbstractProtocol stop
信息: Stopping ProtocolHandler ["ajp-bio-8009"]
九月 01, 2017 10:50:06 上午 org.apache.coyote.AbstractProtocol destroy
信息: Destroying ProtocolHandler ["ajp-bio-8009"]
九月 01, 2017 10:51:39 上午 org.apache.catalina.startup.VersionLoggerListener log
信息: Server version:        Apache Tomcat/@VERSION@
九月 01, 2017 10:51:39 上午 org.apache.catalina.startup.VersionLoggerListener log
信息: Server built:          @VERSION_BUILT@
九月 01, 2017 10:51:39 上午 org.apache.catalina.startup.VersionLoggerListener log
信息: Server number:         @VERSION_NUMBER@
九月 01, 2017 10:51:39 上午 org.apache.catalina.startup.VersionLoggerListener log
信息: OS Name:               Mac OS X
九月 01, 2017 10:51:39 上午 org.apache.catalina.startup.VersionLoggerListener log
信息: OS Version:            10.12.6
九月 01, 2017 10:51:39 上午 org.apache.catalina.startup.VersionLoggerListener log
信息: Architecture:          x86_64
九月 01, 2017 10:51:39 上午 org.apache.catalina.startup.VersionLoggerListener log
信息: Java Home:             /Library/Java/JavaVirtualMachines/jdk1.8.0_112.jdk/Contents/Home/jre
九月 01, 2017 10:51:39 上午 org.apache.catalina.startup.VersionLoggerListener log
信息: JVM Version:           1.8.0_112-b16
九月 01, 2017 10:51:39 上午 org.apache.catalina.startup.VersionLoggerListener log
信息: JVM Vendor:            Oracle Corporation
九月 01, 2017 10:51:39 上午 org.apache.catalina.startup.VersionLoggerListener log
信息: CATALINA_BASE:         /Users/daihuijun/IdeaProjects/Tomcat7.0/catalina-home
九月 01, 2017 10:51:39 上午 org.apache.catalina.startup.VersionLoggerListener log
信息: CATALINA_HOME:         /Users/daihuijun/IdeaProjects/Tomcat7.0/catalina-home
九月 01, 2017 10:51:39 上午 org.apache.catalina.startup.VersionLoggerListener log
信息: Command line argument: -agentlib:jdwp=transport=dt_socket,address=127.0.0.1:50959,suspend=y,server=n
九月 01, 2017 10:51:39 上午 org.apache.catalina.startup.VersionLoggerListener log
信息: Command line argument: -Xms2g
九月 01, 2017 10:51:39 上午 org.apache.catalina.startup.VersionLoggerListener log
信息: Command line argument: -Xmx2g
九月 01, 2017 10:51:39 上午 org.apache.catalina.startup.VersionLoggerListener log
信息: Command line argument: -Dcatalina.home=catalina-home
九月 01, 2017 10:51:39 上午 org.apache.catalina.startup.VersionLoggerListener log
信息: Command line argument: -Dcatalina.base=catalina-home
九月 01, 2017 10:51:39 上午 org.apache.catalina.startup.VersionLoggerListener log
信息: Command line argument: -Djava.endorsed.dirs=catalina-home/endorsed
九月 01, 2017 10:51:39 上午 org.apache.catalina.startup.VersionLoggerListener log
信息: Command line argument: -Djava.io.tmpdir=catalina-home/temp
九月 01, 2017 10:51:39 上午 org.apache.catalina.startup.VersionLoggerListener log
信息: Command line argument: -Djava.util.logging.manager=org.apache.juli.ClassLoaderLogManager
九月 01, 2017 10:51:39 上午 org.apache.catalina.startup.VersionLoggerListener log
信息: Command line argument: -Djava.util.logging.config.file=catalina-home/conf/logging.properties
九月 01, 2017 10:51:39 上午 org.apache.catalina.startup.VersionLoggerListener log
信息: Command line argument: -Dfile.encoding=UTF-8
九月 01, 2017 10:51:39 上午 org.apache.catalina.core.AprLifecycleListener lifecycleEvent
信息: The APR based Apache Tomcat Native library which allows optimal performance in production environments was not found on the java.library.path: /Users/daihuijun/Library/Java/Extensions:/Library/Java/Extensions:/Network/Library/Java/Extensions:/System/Library/Java/Extensions:/usr/lib/java:.
九月 01, 2017 10:51:39 上午 org.apache.coyote.AbstractProtocol init
信息: Initializing ProtocolHandler ["http-bio-8080"]
九月 01, 2017 10:51:39 上午 org.apache.coyote.AbstractProtocol init
信息: Initializing ProtocolHandler ["ajp-bio-8009"]
九月 01, 2017 10:51:39 上午 org.apache.catalina.startup.Catalina load
信息: Initialization processed in 540 ms
九月 01, 2017 10:51:39 上午 org.apache.catalina.core.StandardService startInternal
信息: Starting service Catalina
九月 01, 2017 10:51:39 上午 org.apache.catalina.core.StandardEngine startInternal
信息: Starting Servlet Engine: Apache Tomcat/@VERSION@
九月 01, 2017 10:51:39 上午 org.apache.catalina.startup.HostConfig deployDirectory
信息: Deploying web application directory /Users/daihuijun/IdeaProjects/Tomcat7.0/catalina-home/webapps/docs
九月 01, 2017 10:51:41 上午 org.apache.catalina.startup.TldConfig execute
信息: At least one JAR was scanned for TLDs yet contained no TLDs. Enable debug logging for this logger for a complete list of JARs that were scanned but no TLDs were found in them. Skipping unneeded JARs during scanning can improve startup time and JSP compilation time.
九月 01, 2017 10:51:41 上午 org.apache.catalina.startup.HostConfig deployDirectory
信息: Deployment of web application directory /Users/daihuijun/IdeaProjects/Tomcat7.0/catalina-home/webapps/docs has finished in 2,214 ms
九月 01, 2017 10:51:41 上午 org.apache.catalina.startup.HostConfig deployDirectory
信息: Deploying web application directory /Users/daihuijun/IdeaProjects/Tomcat7.0/catalina-home/webapps/examples
九月 01, 2017 10:51:43 上午 org.apache.catalina.startup.TldConfig execute
信息: At least one JAR was scanned for TLDs yet contained no TLDs. Enable debug logging for this logger for a complete list of JARs that were scanned but no TLDs were found in them. Skipping unneeded JARs during scanning can improve startup time and JSP compilation time.
九月 01, 2017 10:51:43 上午 org.apache.catalina.startup.HostConfig deployDirectory
信息: Deployment of web application directory /Users/daihuijun/IdeaProjects/Tomcat7.0/catalina-home/webapps/examples has finished in 1,965 ms
九月 01, 2017 10:51:43 上午 org.apache.catalina.startup.HostConfig deployDirectory
信息: Deploying web application directory /Users/daihuijun/IdeaProjects/Tomcat7.0/catalina-home/webapps/host-manager
九月 01, 2017 10:51:43 上午 org.apache.catalina.startup.TldConfig execute
信息: At least one JAR was scanned for TLDs yet contained no TLDs. Enable debug logging for this logger for a complete list of JARs that were scanned but no TLDs were found in them. Skipping unneeded JARs during scanning can improve startup time and JSP compilation time.
九月 01, 2017 10:51:43 上午 org.apache.catalina.startup.HostConfig deployDirectory
信息: Deployment of web application directory /Users/daihuijun/IdeaProjects/Tomcat7.0/catalina-home/webapps/host-manager has finished in 71 ms
九月 01, 2017 10:51:43 上午 org.apache.catalina.startup.HostConfig deployDirectory
信息: Deploying web application directory /Users/daihuijun/IdeaProjects/Tomcat7.0/catalina-home/webapps/manager
九月 01, 2017 10:51:44 上午 org.apache.catalina.startup.TldConfig execute
信息: At least one JAR was scanned for TLDs yet contained no TLDs. Enable debug logging for this logger for a complete list of JARs that were scanned but no TLDs were found in them. Skipping unneeded JARs during scanning can improve startup time and JSP compilation time.
九月 01, 2017 10:51:44 上午 org.apache.catalina.startup.HostConfig deployDirectory
信息: Deployment of web application directory /Users/daihuijun/IdeaProjects/Tomcat7.0/catalina-home/webapps/manager has finished in 79 ms
九月 01, 2017 10:51:44 上午 org.apache.catalina.startup.HostConfig deployDirectory
信息: Deploying web application directory /Users/daihuijun/IdeaProjects/Tomcat7.0/catalina-home/webapps/ROOT
九月 01, 2017 10:51:45 上午 org.apache.catalina.startup.TldConfig execute
信息: At least one JAR was scanned for TLDs yet contained no TLDs. Enable debug logging for this logger for a complete list of JARs that were scanned but no TLDs were found in them. Skipping unneeded JARs during scanning can improve startup time and JSP compilation time.
九月 01, 2017 10:51:45 上午 org.apache.catalina.startup.HostConfig deployDirectory
信息: Deployment of web application directory /Users/daihuijun/IdeaProjects/Tomcat7.0/catalina-home/webapps/ROOT has finished in 1,201 ms
九月 01, 2017 10:51:45 上午 org.apache.catalina.startup.HostConfig deployDirectory
信息: Deploying web application directory /Users/daihuijun/IdeaProjects/Tomcat7.0/catalina-home/webapps/webapp-3.0
九月 01, 2017 10:51:46 上午 org.apache.catalina.startup.TldConfig execute
信息: At least one JAR was scanned for TLDs yet contained no TLDs. Enable debug logging for this logger for a complete list of JARs that were scanned but no TLDs were found in them. Skipping unneeded JARs during scanning can improve startup time and JSP compilation time.
九月 01, 2017 10:51:46 上午 org.apache.catalina.core.StandardContext startInternal
严重: One or more listeners failed to start. Full details will be found in the appropriate container log file
九月 01, 2017 10:51:46 上午 org.apache.catalina.core.StandardContext startInternal
严重: Context [/webapp-3.0] startup failed due to previous errors
九月 01, 2017 10:51:46 上午 org.apache.catalina.startup.HostConfig deployDirectory
信息: Deployment of web application directory /Users/daihuijun/IdeaProjects/Tomcat7.0/catalina-home/webapps/webapp-3.0 has finished in 1,445 ms
九月 01, 2017 10:51:46 上午 org.apache.coyote.AbstractProtocol start
信息: Starting ProtocolHandler ["http-bio-8080"]
九月 01, 2017 10:51:46 上午 org.apache.coyote.AbstractProtocol start
信息: Starting ProtocolHandler ["ajp-bio-8009"]
九月 01, 2017 10:51:46 上午 org.apache.catalina.startup.Catalina start
信息: Server startup in 7029 ms
九月 01, 2017 10:54:50 上午 org.apache.coyote.AbstractProtocol pause
信息: Pausing ProtocolHandler ["http-bio-8080"]
九月 01, 2017 10:54:50 上午 org.apache.coyote.AbstractProtocol pause
信息: Pausing ProtocolHandler ["ajp-bio-8009"]
九月 01, 2017 10:54:50 上午 org.apache.catalina.core.StandardService stopInternal
信息: Stopping service Catalina
九月 01, 2017 10:54:50 上午 org.apache.coyote.AbstractProtocol stop
信息: Stopping ProtocolHandler ["http-bio-8080"]
九月 01, 2017 10:54:50 上午 org.apache.coyote.AbstractProtocol stop
信息: Stopping ProtocolHandler ["ajp-bio-8009"]
九月 01, 2017 10:54:50 上午 org.apache.coyote.AbstractProtocol destroy
信息: Destroying ProtocolHandler ["http-bio-8080"]
九月 01, 2017 10:54:50 上午 org.apache.coyote.AbstractProtocol destroy
信息: Destroying ProtocolHandler ["ajp-bio-8009"]
九月 01, 2017 10:54:55 上午 org.apache.catalina.startup.VersionLoggerListener log
信息: Server version:        Apache Tomcat/@VERSION@
九月 01, 2017 10:54:55 上午 org.apache.catalina.startup.VersionLoggerListener log
信息: Server built:          @VERSION_BUILT@
九月 01, 2017 10:54:55 上午 org.apache.catalina.startup.VersionLoggerListener log
信息: Server number:         @VERSION_NUMBER@
九月 01, 2017 10:54:55 上午 org.apache.catalina.startup.VersionLoggerListener log
信息: OS Name:               Mac OS X
九月 01, 2017 10:54:55 上午 org.apache.catalina.startup.VersionLoggerListener log
信息: OS Version:            10.12.6
九月 01, 2017 10:54:55 上午 org.apache.catalina.startup.VersionLoggerListener log
信息: Architecture:          x86_64
九月 01, 2017 10:54:55 上午 org.apache.catalina.startup.VersionLoggerListener log
信息: Java Home:             /Library/Java/JavaVirtualMachines/jdk1.8.0_112.jdk/Contents/Home/jre
九月 01, 2017 10:54:55 上午 org.apache.catalina.startup.VersionLoggerListener log
信息: JVM Version:           1.8.0_112-b16
九月 01, 2017 10:54:55 上午 org.apache.catalina.startup.VersionLoggerListener log
信息: JVM Vendor:            Oracle Corporation
九月 01, 2017 10:54:55 上午 org.apache.catalina.startup.VersionLoggerListener log
信息: CATALINA_BASE:         /Users/daihuijun/IdeaProjects/Tomcat7.0/catalina-home
九月 01, 2017 10:54:55 上午 org.apache.catalina.startup.VersionLoggerListener log
信息: CATALINA_HOME:         /Users/daihuijun/IdeaProjects/Tomcat7.0/catalina-home
九月 01, 2017 10:54:55 上午 org.apache.catalina.startup.VersionLoggerListener log
信息: Command line argument: -agentlib:jdwp=transport=dt_socket,address=127.0.0.1:50990,suspend=y,server=n
九月 01, 2017 10:54:55 上午 org.apache.catalina.startup.VersionLoggerListener log
信息: Command line argument: -Xms2g
九月 01, 2017 10:54:55 上午 org.apache.catalina.startup.VersionLoggerListener log
信息: Command line argument: -Xmx2g
九月 01, 2017 10:54:55 上午 org.apache.catalina.startup.VersionLoggerListener log
信息: Command line argument: -Dcatalina.home=catalina-home
九月 01, 2017 10:54:55 上午 org.apache.catalina.startup.VersionLoggerListener log
信息: Command line argument: -Dcatalina.base=catalina-home
九月 01, 2017 10:54:55 上午 org.apache.catalina.startup.VersionLoggerListener log
信息: Command line argument: -Djava.endorsed.dirs=catalina-home/endorsed
九月 01, 2017 10:54:55 上午 org.apache.catalina.startup.VersionLoggerListener log
信息: Command line argument: -Djava.io.tmpdir=catalina-home/temp
九月 01, 2017 10:54:55 上午 org.apache.catalina.startup.VersionLoggerListener log
信息: Command line argument: -Djava.util.logging.manager=org.apache.juli.ClassLoaderLogManager
九月 01, 2017 10:54:55 上午 org.apache.catalina.startup.VersionLoggerListener log
信息: Command line argument: -Djava.util.logging.config.file=catalina-home/conf/logging.properties
九月 01, 2017 10:54:55 上午 org.apache.catalina.startup.VersionLoggerListener log
信息: Command line argument: -Dfile.encoding=UTF-8
九月 01, 2017 10:54:55 上午 org.apache.catalina.core.AprLifecycleListener lifecycleEvent
信息: The APR based Apache Tomcat Native library which allows optimal performance in production environments was not found on the java.library.path: /Users/daihuijun/Library/Java/Extensions:/Library/Java/Extensions:/Network/Library/Java/Extensions:/System/Library/Java/Extensions:/usr/lib/java:.
九月 01, 2017 10:54:55 上午 org.apache.coyote.AbstractProtocol init
信息: Initializing ProtocolHandler ["http-bio-8080"]
九月 01, 2017 10:54:55 上午 org.apache.coyote.AbstractProtocol init
信息: Initializing ProtocolHandler ["ajp-bio-8009"]
九月 01, 2017 10:54:55 上午 org.apache.catalina.startup.Catalina load
信息: Initialization processed in 611 ms
九月 01, 2017 10:54:55 上午 org.apache.catalina.core.StandardService startInternal
信息: Starting service Catalina
九月 01, 2017 10:54:55 上午 org.apache.catalina.core.StandardEngine startInternal
信息: Starting Servlet Engine: Apache Tomcat/@VERSION@
九月 01, 2017 10:54:55 上午 org.apache.catalina.startup.HostConfig deployDirectory
信息: Deploying web application directory /Users/daihuijun/IdeaProjects/Tomcat7.0/catalina-home/webapps/docs
九月 01, 2017 10:54:58 上午 org.apache.catalina.startup.TldConfig execute
信息: At least one JAR was scanned for TLDs yet contained no TLDs. Enable debug logging for this logger for a complete list of JARs that were scanned but no TLDs were found in them. Skipping unneeded JARs during scanning can improve startup time and JSP compilation time.
九月 01, 2017 10:54:58 上午 org.apache.catalina.startup.HostConfig deployDirectory
信息: Deployment of web application directory /Users/daihuijun/IdeaProjects/Tomcat7.0/catalina-home/webapps/docs has finished in 2,602 ms
九月 01, 2017 10:54:58 上午 org.apache.catalina.startup.HostConfig deployDirectory
信息: Deploying web application directory /Users/daihuijun/IdeaProjects/Tomcat7.0/catalina-home/webapps/examples
九月 01, 2017 10:55:00 上午 org.apache.catalina.startup.TldConfig execute
信息: At least one JAR was scanned for TLDs yet contained no TLDs. Enable debug logging for this logger for a complete list of JARs that were scanned but no TLDs were found in them. Skipping unneeded JARs during scanning can improve startup time and JSP compilation time.
九月 01, 2017 10:55:00 上午 org.apache.catalina.startup.HostConfig deployDirectory
信息: Deployment of web application directory /Users/daihuijun/IdeaProjects/Tomcat7.0/catalina-home/webapps/examples has finished in 2,055 ms
九月 01, 2017 10:55:00 上午 org.apache.catalina.startup.HostConfig deployDirectory
信息: Deploying web application directory /Users/daihuijun/IdeaProjects/Tomcat7.0/catalina-home/webapps/host-manager
九月 01, 2017 10:55:00 上午 org.apache.catalina.startup.TldConfig execute
信息: At least one JAR was scanned for TLDs yet contained no TLDs. Enable debug logging for this logger for a complete list of JARs that were scanned but no TLDs were found in them. Skipping unneeded JARs during scanning can improve startup time and JSP compilation time.
九月 01, 2017 10:55:00 上午 org.apache.catalina.startup.HostConfig deployDirectory
信息: Deployment of web application directory /Users/daihuijun/IdeaProjects/Tomcat7.0/catalina-home/webapps/host-manager has finished in 105 ms
九月 01, 2017 10:55:00 上午 org.apache.catalina.startup.HostConfig deployDirectory
信息: Deploying web application directory /Users/daihuijun/IdeaProjects/Tomcat7.0/catalina-home/webapps/manager
九月 01, 2017 10:55:00 上午 org.apache.catalina.startup.TldConfig execute
信息: At least one JAR was scanned for TLDs yet contained no TLDs. Enable debug logging for this logger for a complete list of JARs that were scanned but no TLDs were found in them. Skipping unneeded JARs during scanning can improve startup time and JSP compilation time.
九月 01, 2017 10:55:00 上午 org.apache.catalina.startup.HostConfig deployDirectory
信息: Deployment of web application directory /Users/daihuijun/IdeaProjects/Tomcat7.0/catalina-home/webapps/manager has finished in 86 ms
九月 01, 2017 10:55:00 上午 org.apache.catalina.startup.HostConfig deployDirectory
信息: Deploying web application directory /Users/daihuijun/IdeaProjects/Tomcat7.0/catalina-home/webapps/ROOT
九月 01, 2017 10:55:01 上午 org.apache.catalina.startup.TldConfig execute
信息: At least one JAR was scanned for TLDs yet contained no TLDs. Enable debug logging for this logger for a complete list of JARs that were scanned but no TLDs were found in them. Skipping unneeded JARs during scanning can improve startup time and JSP compilation time.
九月 01, 2017 10:55:01 上午 org.apache.catalina.startup.HostConfig deployDirectory
信息: Deployment of web application directory /Users/daihuijun/IdeaProjects/Tomcat7.0/catalina-home/webapps/ROOT has finished in 1,304 ms
九月 01, 2017 10:55:01 上午 org.apache.catalina.startup.HostConfig deployDirectory
信息: Deploying web application directory /Users/daihuijun/IdeaProjects/Tomcat7.0/catalina-home/webapps/webapp-3.0
九月 01, 2017 10:55:03 上午 org.apache.catalina.startup.TldConfig execute
信息: At least one JAR was scanned for TLDs yet contained no TLDs. Enable debug logging for this logger for a complete list of JARs that were scanned but no TLDs were found in them. Skipping unneeded JARs during scanning can improve startup time and JSP compilation time.
九月 01, 2017 10:55:03 上午 org.apache.catalina.core.StandardContext startInternal
严重: One or more listeners failed to start. Full details will be found in the appropriate container log file
九月 01, 2017 10:55:03 上午 org.apache.catalina.core.StandardContext startInternal
严重: Context [/webapp-3.0] startup failed due to previous errors
九月 01, 2017 10:55:03 上午 org.apache.catalina.startup.HostConfig deployDirectory
信息: Deployment of web application directory /Users/daihuijun/IdeaProjects/Tomcat7.0/catalina-home/webapps/webapp-3.0 has finished in 1,548 ms
九月 01, 2017 10:55:03 上午 org.apache.coyote.AbstractProtocol start
信息: Starting ProtocolHandler ["http-bio-8080"]
九月 01, 2017 10:55:03 上午 org.apache.coyote.AbstractProtocol start
信息: Starting ProtocolHandler ["ajp-bio-8009"]
九月 01, 2017 10:55:03 上午 org.apache.catalina.startup.Catalina start
信息: Server startup in 7770 ms
九月 01, 2017 10:55:43 上午 org.apache.catalina.startup.HostConfig undeploy
信息: Undeploying context [/webapp-3.0]
九月 01, 2017 10:55:43 上午 org.apache.catalina.startup.HostConfig deployDirectory
信息: Deploying web application directory /Users/daihuijun/IdeaProjects/Tomcat7.0/catalina-home/webapps/webapp
九月 01, 2017 10:55:45 上午 org.apache.catalina.startup.TldConfig execute
信息: At least one JAR was scanned for TLDs yet contained no TLDs. Enable debug logging for this logger for a complete list of JARs that were scanned but no TLDs were found in them. Skipping unneeded JARs during scanning can improve startup time and JSP compilation time.
九月 01, 2017 10:55:45 上午 org.apache.catalina.core.StandardContext startInternal
严重: One or more listeners failed to start. Full details will be found in the appropriate container log file
九月 01, 2017 10:55:45 上午 org.apache.catalina.core.StandardContext startInternal
严重: Context [/webapp] startup failed due to previous errors
九月 01, 2017 10:55:45 上午 org.apache.catalina.startup.HostConfig deployDirectory
信息: Deployment of web application directory /Users/daihuijun/IdeaProjects/Tomcat7.0/catalina-home/webapps/webapp has finished in 1,407 ms
九月 01, 2017 10:55:52 上午 org.apache.coyote.AbstractProtocol pause
信息: Pausing ProtocolHandler ["http-bio-8080"]
九月 01, 2017 10:55:52 上午 org.apache.coyote.AbstractProtocol pause
信息: Pausing ProtocolHandler ["ajp-bio-8009"]
九月 01, 2017 10:55:52 上午 org.apache.catalina.core.StandardService stopInternal
信息: Stopping service Catalina
九月 01, 2017 10:55:52 上午 org.apache.coyote.AbstractProtocol stop
信息: Stopping ProtocolHandler ["http-bio-8080"]
九月 01, 2017 10:55:52 上午 org.apache.coyote.AbstractProtocol stop
信息: Stopping ProtocolHandler ["ajp-bio-8009"]
九月 01, 2017 10:55:52 上午 org.apache.coyote.AbstractProtocol destroy
信息: Destroying ProtocolHandler ["http-bio-8080"]
九月 01, 2017 10:55:52 上午 org.apache.coyote.AbstractProtocol destroy
信息: Destroying ProtocolHandler ["ajp-bio-8009"]
九月 01, 2017 10:55:57 上午 org.apache.catalina.startup.VersionLoggerListener log
信息: Server version:        Apache Tomcat/@VERSION@
九月 01, 2017 10:55:57 上午 org.apache.catalina.startup.VersionLoggerListener log
信息: Server built:          @VERSION_BUILT@
九月 01, 2017 10:55:57 上午 org.apache.catalina.startup.VersionLoggerListener log
信息: Server number:         @VERSION_NUMBER@
九月 01, 2017 10:55:57 上午 org.apache.catalina.startup.VersionLoggerListener log
信息: OS Name:               Mac OS X
九月 01, 2017 10:55:57 上午 org.apache.catalina.startup.VersionLoggerListener log
信息: OS Version:            10.12.6
九月 01, 2017 10:55:57 上午 org.apache.catalina.startup.VersionLoggerListener log
信息: Architecture:          x86_64
九月 01, 2017 10:55:57 上午 org.apache.catalina.startup.VersionLoggerListener log
信息: Java Home:             /Library/Java/JavaVirtualMachines/jdk1.8.0_112.jdk/Contents/Home/jre
九月 01, 2017 10:55:57 上午 org.apache.catalina.startup.VersionLoggerListener log
信息: JVM Version:           1.8.0_112-b16
九月 01, 2017 10:55:57 上午 org.apache.catalina.startup.VersionLoggerListener log
信息: JVM Vendor:            Oracle Corporation
九月 01, 2017 10:55:57 上午 org.apache.catalina.startup.VersionLoggerListener log
信息: CATALINA_BASE:         /Users/daihuijun/IdeaProjects/Tomcat7.0/catalina-home
九月 01, 2017 10:55:57 上午 org.apache.catalina.startup.VersionLoggerListener log
信息: CATALINA_HOME:         /Users/daihuijun/IdeaProjects/Tomcat7.0/catalina-home
九月 01, 2017 10:55:57 上午 org.apache.catalina.startup.VersionLoggerListener log
信息: Command line argument: -agentlib:jdwp=transport=dt_socket,address=127.0.0.1:51011,suspend=y,server=n
九月 01, 2017 10:55:57 上午 org.apache.catalina.startup.VersionLoggerListener log
信息: Command line argument: -Xms2g
九月 01, 2017 10:55:57 上午 org.apache.catalina.startup.VersionLoggerListener log
信息: Command line argument: -Xmx2g
九月 01, 2017 10:55:57 上午 org.apache.catalina.startup.VersionLoggerListener log
信息: Command line argument: -Dcatalina.home=catalina-home
九月 01, 2017 10:55:57 上午 org.apache.catalina.startup.VersionLoggerListener log
信息: Command line argument: -Dcatalina.base=catalina-home
九月 01, 2017 10:55:57 上午 org.apache.catalina.startup.VersionLoggerListener log
信息: Command line argument: -Djava.endorsed.dirs=catalina-home/endorsed
九月 01, 2017 10:55:57 上午 org.apache.catalina.startup.VersionLoggerListener log
信息: Command line argument: -Djava.io.tmpdir=catalina-home/temp
九月 01, 2017 10:55:57 上午 org.apache.catalina.startup.VersionLoggerListener log
信息: Command line argument: -Djava.util.logging.manager=org.apache.juli.ClassLoaderLogManager
九月 01, 2017 10:55:57 上午 org.apache.catalina.startup.VersionLoggerListener log
信息: Command line argument: -Djava.util.logging.config.file=catalina-home/conf/logging.properties
九月 01, 2017 10:55:57 上午 org.apache.catalina.startup.VersionLoggerListener log
信息: Command line argument: -Dfile.encoding=UTF-8
九月 01, 2017 10:55:57 上午 org.apache.catalina.core.AprLifecycleListener lifecycleEvent
信息: The APR based Apache Tomcat Native library which allows optimal performance in production environments was not found on the java.library.path: /Users/daihuijun/Library/Java/Extensions:/Library/Java/Extensions:/Network/Library/Java/Extensions:/System/Library/Java/Extensions:/usr/lib/java:.
九月 01, 2017 10:55:58 上午 org.apache.coyote.AbstractProtocol init
信息: Initializing ProtocolHandler ["http-bio-8080"]
九月 01, 2017 10:55:58 上午 org.apache.coyote.AbstractProtocol init
信息: Initializing ProtocolHandler ["ajp-bio-8009"]
九月 01, 2017 10:55:58 上午 org.apache.catalina.startup.Catalina load
信息: Initialization processed in 543 ms
九月 01, 2017 10:55:58 上午 org.apache.catalina.core.StandardService startInternal
信息: Starting service Catalina
九月 01, 2017 10:55:58 上午 org.apache.catalina.core.StandardEngine startInternal
信息: Starting Servlet Engine: Apache Tomcat/@VERSION@
九月 01, 2017 10:55:58 上午 org.apache.catalina.startup.HostConfig deployDirectory
信息: Deploying web application directory /Users/daihuijun/IdeaProjects/Tomcat7.0/catalina-home/webapps/docs
九月 01, 2017 10:56:00 上午 org.apache.catalina.startup.TldConfig execute
信息: At least one JAR was scanned for TLDs yet contained no TLDs. Enable debug logging for this logger for a complete list of JARs that were scanned but no TLDs were found in them. Skipping unneeded JARs during scanning can improve startup time and JSP compilation time.
九月 01, 2017 10:56:00 上午 org.apache.catalina.startup.HostConfig deployDirectory
信息: Deployment of web application directory /Users/daihuijun/IdeaProjects/Tomcat7.0/catalina-home/webapps/docs has finished in 2,270 ms
九月 01, 2017 10:56:00 上午 org.apache.catalina.startup.HostConfig deployDirectory
信息: Deploying web application directory /Users/daihuijun/IdeaProjects/Tomcat7.0/catalina-home/webapps/examples
九月 01, 2017 10:56:02 上午 org.apache.catalina.startup.TldConfig execute
信息: At least one JAR was scanned for TLDs yet contained no TLDs. Enable debug logging for this logger for a complete list of JARs that were scanned but no TLDs were found in them. Skipping unneeded JARs during scanning can improve startup time and JSP compilation time.
九月 01, 2017 10:56:02 上午 org.apache.catalina.startup.HostConfig deployDirectory
信息: Deployment of web application directory /Users/daihuijun/IdeaProjects/Tomcat7.0/catalina-home/webapps/examples has finished in 1,938 ms
九月 01, 2017 10:56:02 上午 org.apache.catalina.startup.HostConfig deployDirectory
信息: Deploying web application directory /Users/daihuijun/IdeaProjects/Tomcat7.0/catalina-home/webapps/host-manager
九月 01, 2017 10:56:02 上午 org.apache.catalina.startup.TldConfig execute
信息: At least one JAR was scanned for TLDs yet contained no TLDs. Enable debug logging for this logger for a complete list of JARs that were scanned but no TLDs were found in them. Skipping unneeded JARs during scanning can improve startup time and JSP compilation time.
九月 01, 2017 10:56:02 上午 org.apache.catalina.startup.HostConfig deployDirectory
信息: Deployment of web application directory /Users/daihuijun/IdeaProjects/Tomcat7.0/catalina-home/webapps/host-manager has finished in 74 ms
九月 01, 2017 10:56:02 上午 org.apache.catalina.startup.HostConfig deployDirectory
信息: Deploying web application directory /Users/daihuijun/IdeaProjects/Tomcat7.0/catalina-home/webapps/manager
九月 01, 2017 10:56:02 上午 org.apache.catalina.startup.TldConfig execute
信息: At least one JAR was scanned for TLDs yet contained no TLDs. Enable debug logging for this logger for a complete list of JARs that were scanned but no TLDs were found in them. Skipping unneeded JARs during scanning can improve startup time and JSP compilation time.
九月 01, 2017 10:56:02 上午 org.apache.catalina.startup.HostConfig deployDirectory
信息: Deployment of web application directory /Users/daihuijun/IdeaProjects/Tomcat7.0/catalina-home/webapps/manager has finished in 136 ms
九月 01, 2017 10:56:02 上午 org.apache.catalina.startup.HostConfig deployDirectory
信息: Deploying web application directory /Users/daihuijun/IdeaProjects/Tomcat7.0/catalina-home/webapps/ROOT
九月 01, 2017 10:56:03 上午 org.apache.catalina.startup.TldConfig execute
信息: At least one JAR was scanned for TLDs yet contained no TLDs. Enable debug logging for this logger for a complete list of JARs that were scanned but no TLDs were found in them. Skipping unneeded JARs during scanning can improve startup time and JSP compilation time.
九月 01, 2017 10:56:03 上午 org.apache.catalina.startup.HostConfig deployDirectory
信息: Deployment of web application directory /Users/daihuijun/IdeaProjects/Tomcat7.0/catalina-home/webapps/ROOT has finished in 1,249 ms
九月 01, 2017 10:56:03 上午 org.apache.catalina.startup.HostConfig deployDirectory
信息: Deploying web application directory /Users/daihuijun/IdeaProjects/Tomcat7.0/catalina-home/webapps/webapp
九月 01, 2017 10:56:05 上午 org.apache.catalina.startup.TldConfig execute
信息: At least one JAR was scanned for TLDs yet contained no TLDs. Enable debug logging for this logger for a complete list of JARs that were scanned but no TLDs were found in them. Skipping unneeded JARs during scanning can improve startup time and JSP compilation time.
九月 01, 2017 10:56:05 上午 org.apache.catalina.core.StandardContext startInternal
严重: One or more listeners failed to start. Full details will be found in the appropriate container log file
九月 01, 2017 10:56:05 上午 org.apache.catalina.core.StandardContext startInternal
严重: Context [/webapp] startup failed due to previous errors
九月 01, 2017 10:56:05 上午 org.apache.catalina.startup.HostConfig deployDirectory
信息: Deployment of web application directory /Users/daihuijun/IdeaProjects/Tomcat7.0/catalina-home/webapps/webapp has finished in 1,473 ms
九月 01, 2017 10:56:05 上午 org.apache.coyote.AbstractProtocol start
信息: Starting ProtocolHandler ["http-bio-8080"]
九月 01, 2017 10:56:05 上午 org.apache.coyote.AbstractProtocol start
信息: Starting ProtocolHandler ["ajp-bio-8009"]
九月 01, 2017 10:56:05 上午 org.apache.catalina.startup.Catalina start
信息: Server startup in 7198 ms
九月 01, 2017 10:57:26 上午 org.apache.catalina.startup.TldConfig execute
信息: At least one JAR was scanned for TLDs yet contained no TLDs. Enable debug logging for this logger for a complete list of JARs that were scanned but no TLDs were found in them. Skipping unneeded JARs during scanning can improve startup time and JSP compilation time.
九月 01, 2017 10:57:26 上午 org.apache.catalina.core.StandardContext startInternal
严重: One or more listeners failed to start. Full details will be found in the appropriate container log file
九月 01, 2017 10:57:26 上午 org.apache.catalina.core.StandardContext startInternal
严重: Context [/webapp] startup failed due to previous errors
九月 01, 2017 10:57:53 上午 org.apache.catalina.util.LifecycleBase stop
信息: The stop() method was called on component [StandardEngine[Catalina].StandardHost[localhost].StandardContext[/webapp]] after stop() had already been called. The second call will be ignored.
九月 01, 2017 10:57:53 上午 org.apache.catalina.startup.HostConfig undeploy
信息: Undeploying context [/webapp]
九月 01, 2017 10:58:52 上午 org.apache.coyote.AbstractProtocol pause
信息: Pausing ProtocolHandler ["http-bio-8080"]
九月 01, 2017 10:58:52 上午 org.apache.coyote.AbstractProtocol pause
信息: Pausing ProtocolHandler ["ajp-bio-8009"]
九月 01, 2017 10:58:52 上午 org.apache.catalina.core.StandardService stopInternal
信息: Stopping service Catalina
九月 01, 2017 10:58:53 上午 org.apache.coyote.AbstractProtocol stop
信息: Stopping ProtocolHandler ["http-bio-8080"]
九月 01, 2017 10:58:53 上午 org.apache.coyote.AbstractProtocol stop
信息: Stopping ProtocolHandler ["ajp-bio-8009"]
九月 01, 2017 10:58:53 上午 org.apache.coyote.AbstractProtocol destroy
信息: Destroying ProtocolHandler ["http-bio-8080"]
九月 01, 2017 10:58:53 上午 org.apache.coyote.AbstractProtocol destroy
信息: Destroying ProtocolHandler ["ajp-bio-8009"]
九月 01, 2017 11:00:08 上午 org.apache.catalina.startup.VersionLoggerListener log
信息: Server version:        Apache Tomcat/7.0.77
九月 01, 2017 11:00:08 上午 org.apache.catalina.startup.VersionLoggerListener log
信息: Server built:          Mar 28 2017 16:01:48 UTC
九月 01, 2017 11:00:08 上午 org.apache.catalina.startup.VersionLoggerListener log
信息: Server number:         7.0.77.0
九月 01, 2017 11:00:08 上午 org.apache.catalina.startup.VersionLoggerListener log
信息: OS Name:               Mac OS X
九月 01, 2017 11:00:08 上午 org.apache.catalina.startup.VersionLoggerListener log
信息: OS Version:            10.12.6
九月 01, 2017 11:00:08 上午 org.apache.catalina.startup.VersionLoggerListener log
信息: Architecture:          x86_64
九月 01, 2017 11:00:08 上午 org.apache.catalina.startup.VersionLoggerListener log
信息: Java Home:             /Library/Java/JavaVirtualMachines/jdk1.7.0_80.jdk/Contents/Home/jre
九月 01, 2017 11:00:08 上午 org.apache.catalina.startup.VersionLoggerListener log
信息: JVM Version:           1.7.0_80-b15
九月 01, 2017 11:00:08 上午 org.apache.catalina.startup.VersionLoggerListener log
信息: JVM Vendor:            Oracle Corporation
九月 01, 2017 11:00:08 上午 org.apache.catalina.startup.VersionLoggerListener log
信息: CATALINA_BASE:         /Users/daihuijun/IdeaProjects/Tomcat7.0/catalina-home
九月 01, 2017 11:00:08 上午 org.apache.catalina.startup.VersionLoggerListener log
信息: CATALINA_HOME:         /Users/daihuijun/IdeaProjects/Tomcat7.0/catalina-home
九月 01, 2017 11:00:08 上午 org.apache.catalina.startup.VersionLoggerListener log
信息: Command line argument: -Djava.util.logging.config.file=/Users/daihuijun/IdeaProjects/Tomcat7.0/catalina-home/conf/logging.properties
九月 01, 2017 11:00:08 上午 org.apache.catalina.startup.VersionLoggerListener log
信息: Command line argument: -Djava.util.logging.manager=org.apache.juli.ClassLoaderLogManager
九月 01, 2017 11:00:08 上午 org.apache.catalina.startup.VersionLoggerListener log
信息: Command line argument: -Djdk.tls.ephemeralDHKeySize=2048
九月 01, 2017 11:00:08 上午 org.apache.catalina.startup.VersionLoggerListener log
信息: Command line argument: -Djava.endorsed.dirs=/Users/daihuijun/IdeaProjects/Tomcat7.0/catalina-home/endorsed
九月 01, 2017 11:00:08 上午 org.apache.catalina.startup.VersionLoggerListener log
信息: Command line argument: -Dcatalina.base=/Users/daihuijun/IdeaProjects/Tomcat7.0/catalina-home
九月 01, 2017 11:00:08 上午 org.apache.catalina.startup.VersionLoggerListener log
信息: Command line argument: -Dcatalina.home=/Users/daihuijun/IdeaProjects/Tomcat7.0/catalina-home
九月 01, 2017 11:00:08 上午 org.apache.catalina.startup.VersionLoggerListener log
信息: Command line argument: -Djava.io.tmpdir=/Users/daihuijun/IdeaProjects/Tomcat7.0/catalina-home/temp
九月 01, 2017 11:00:08 上午 org.apache.catalina.core.AprLifecycleListener lifecycleEvent
信息: The APR based Apache Tomcat Native library which allows optimal performance in production environments was not found on the java.library.path: /Users/daihuijun/Library/Java/Extensions:/Library/Java/Extensions:/Network/Library/Java/Extensions:/System/Library/Java/Extensions:/usr/lib/java:.
九月 01, 2017 11:00:08 上午 org.apache.coyote.AbstractProtocol init
信息: Initializing ProtocolHandler ["http-bio-8080"]
九月 01, 2017 11:00:08 上午 org.apache.coyote.AbstractProtocol init
信息: Initializing ProtocolHandler ["ajp-bio-8009"]
九月 01, 2017 11:00:08 上午 org.apache.catalina.startup.Catalina load
信息: Initialization processed in 728 ms
九月 01, 2017 11:00:08 上午 org.apache.catalina.core.StandardService startInternal
信息: Starting service Catalina
九月 01, 2017 11:00:08 上午 org.apache.catalina.core.StandardEngine startInternal
信息: Starting Servlet Engine: Apache Tomcat/7.0.77
九月 01, 2017 11:00:08 上午 org.apache.catalina.startup.HostConfig deployDirectory
信息: Deploying web application directory /Users/daihuijun/IdeaProjects/Tomcat7.0/catalina-home/webapps/docs
九月 01, 2017 11:00:08 上午 org.apache.catalina.startup.HostConfig deployDirectory
信息: Deployment of web application directory /Users/daihuijun/IdeaProjects/Tomcat7.0/catalina-home/webapps/docs has finished in 375 ms
九月 01, 2017 11:00:08 上午 org.apache.catalina.startup.HostConfig deployDirectory
信息: Deploying web application directory /Users/daihuijun/IdeaProjects/Tomcat7.0/catalina-home/webapps/examples
九月 01, 2017 11:00:09 上午 org.apache.catalina.startup.HostConfig deployDirectory
信息: Deployment of web application directory /Users/daihuijun/IdeaProjects/Tomcat7.0/catalina-home/webapps/examples has finished in 264 ms
九月 01, 2017 11:00:09 上午 org.apache.catalina.startup.HostConfig deployDirectory
信息: Deploying web application directory /Users/daihuijun/IdeaProjects/Tomcat7.0/catalina-home/webapps/host-manager
九月 01, 2017 11:00:09 上午 org.apache.catalina.startup.HostConfig deployDirectory
信息: Deployment of web application directory /Users/daihuijun/IdeaProjects/Tomcat7.0/catalina-home/webapps/host-manager has finished in 45 ms
九月 01, 2017 11:00:09 上午 org.apache.catalina.startup.HostConfig deployDirectory
信息: Deploying web application directory /Users/daihuijun/IdeaProjects/Tomcat7.0/catalina-home/webapps/manager
九月 01, 2017 11:00:09 上午 org.apache.catalina.startup.HostConfig deployDirectory
信息: Deployment of web application directory /Users/daihuijun/IdeaProjects/Tomcat7.0/catalina-home/webapps/manager has finished in 61 ms
九月 01, 2017 11:00:09 上午 org.apache.catalina.startup.HostConfig deployDirectory
信息: Deploying web application directory /Users/daihuijun/IdeaProjects/Tomcat7.0/catalina-home/webapps/ROOT
九月 01, 2017 11:00:09 上午 org.apache.catalina.startup.HostConfig deployDirectory
信息: Deployment of web application directory /Users/daihuijun/IdeaProjects/Tomcat7.0/catalina-home/webapps/ROOT has finished in 36 ms
九月 01, 2017 11:00:09 上午 org.apache.catalina.startup.HostConfig deployDirectory
信息: Deploying web application directory /Users/daihuijun/IdeaProjects/Tomcat7.0/catalina-home/webapps/testWeb
九月 01, 2017 11:00:09 上午 org.apache.catalina.core.StandardContext startInternal
严重: One or more listeners failed to start. Full details will be found in the appropriate container log file
九月 01, 2017 11:00:09 上午 org.apache.catalina.core.StandardContext startInternal
严重: Context [/testWeb] startup failed due to previous errors
九月 01, 2017 11:00:09 上午 org.apache.catalina.startup.HostConfig deployDirectory
信息: Deployment of web application directory /Users/daihuijun/IdeaProjects/Tomcat7.0/catalina-home/webapps/testWeb has finished in 66 ms
九月 01, 2017 11:00:09 上午 org.apache.coyote.AbstractProtocol start
信息: Starting ProtocolHandler ["http-bio-8080"]
九月 01, 2017 11:00:09 上午 org.apache.coyote.AbstractProtocol start
信息: Starting ProtocolHandler ["ajp-bio-8009"]
九月 01, 2017 11:00:09 上午 org.apache.catalina.startup.Catalina start
信息: Server startup in 909 ms
九月 01, 2017 11:03:40 上午 org.apache.catalina.core.StandardServer await
信息: A valid shutdown command was received via the shutdown port. Stopping the Server instance.
九月 01, 2017 11:03:40 上午 org.apache.coyote.AbstractProtocol pause
信息: Pausing ProtocolHandler ["http-bio-8080"]
九月 01, 2017 11:03:40 上午 org.apache.coyote.AbstractProtocol pause
信息: Pausing ProtocolHandler ["ajp-bio-8009"]
九月 01, 2017 11:03:40 上午 org.apache.catalina.core.StandardService stopInternal
信息: Stopping service Catalina
九月 01, 2017 11:03:40 上午 org.apache.coyote.AbstractProtocol stop
信息: Stopping ProtocolHandler ["http-bio-8080"]
九月 01, 2017 11:03:40 上午 org.apache.coyote.AbstractProtocol stop
信息: Stopping ProtocolHandler ["ajp-bio-8009"]
九月 01, 2017 11:03:40 上午 org.apache.coyote.AbstractProtocol destroy
信息: Destroying ProtocolHandler ["http-bio-8080"]
九月 01, 2017 11:03:40 上午 org.apache.coyote.AbstractProtocol destroy
信息: Destroying ProtocolHandler ["ajp-bio-8009"]
九月 01, 2017 11:22:59 上午 org.apache.catalina.startup.VersionLoggerListener log
信息: Server version:        Apache Tomcat/7.0.77
九月 01, 2017 11:22:59 上午 org.apache.catalina.startup.VersionLoggerListener log
信息: Server built:          Mar 28 2017 16:01:48 UTC
九月 01, 2017 11:22:59 上午 org.apache.catalina.startup.VersionLoggerListener log
信息: Server number:         7.0.77.0
九月 01, 2017 11:22:59 上午 org.apache.catalina.startup.VersionLoggerListener log
信息: OS Name:               Mac OS X
九月 01, 2017 11:22:59 上午 org.apache.catalina.startup.VersionLoggerListener log
信息: OS Version:            10.12.6
九月 01, 2017 11:22:59 上午 org.apache.catalina.startup.VersionLoggerListener log
信息: Architecture:          x86_64
九月 01, 2017 11:22:59 上午 org.apache.catalina.startup.VersionLoggerListener log
信息: Java Home:             /Library/Java/JavaVirtualMachines/jdk1.7.0_80.jdk/Contents/Home/jre
九月 01, 2017 11:22:59 上午 org.apache.catalina.startup.VersionLoggerListener log
信息: JVM Version:           1.7.0_80-b15
九月 01, 2017 11:22:59 上午 org.apache.catalina.startup.VersionLoggerListener log
信息: JVM Vendor:            Oracle Corporation
九月 01, 2017 11:22:59 上午 org.apache.catalina.startup.VersionLoggerListener log
信息: CATALINA_BASE:         /Users/daihuijun/IdeaProjects/Tomcat7.0/catalina-home
九月 01, 2017 11:22:59 上午 org.apache.catalina.startup.VersionLoggerListener log
信息: CATALINA_HOME:         /Users/daihuijun/IdeaProjects/Tomcat7.0/catalina-home
九月 01, 2017 11:22:59 上午 org.apache.catalina.startup.VersionLoggerListener log
信息: Command line argument: -Djava.util.logging.config.file=/Users/daihuijun/IdeaProjects/Tomcat7.0/catalina-home/conf/logging.properties
九月 01, 2017 11:22:59 上午 org.apache.catalina.startup.VersionLoggerListener log
信息: Command line argument: -Djava.util.logging.manager=org.apache.juli.ClassLoaderLogManager
九月 01, 2017 11:22:59 上午 org.apache.catalina.startup.VersionLoggerListener log
信息: Command line argument: -Djdk.tls.ephemeralDHKeySize=2048
九月 01, 2017 11:22:59 上午 org.apache.catalina.startup.VersionLoggerListener log
信息: Command line argument: -Djava.endorsed.dirs=/Users/daihuijun/IdeaProjects/Tomcat7.0/catalina-home/endorsed
九月 01, 2017 11:22:59 上午 org.apache.catalina.startup.VersionLoggerListener log
信息: Command line argument: -Dcatalina.base=/Users/daihuijun/IdeaProjects/Tomcat7.0/catalina-home
九月 01, 2017 11:22:59 上午 org.apache.catalina.startup.VersionLoggerListener log
信息: Command line argument: -Dcatalina.home=/Users/daihuijun/IdeaProjects/Tomcat7.0/catalina-home
九月 01, 2017 11:22:59 上午 org.apache.catalina.startup.VersionLoggerListener log
信息: Command line argument: -Djava.io.tmpdir=/Users/daihuijun/IdeaProjects/Tomcat7.0/catalina-home/temp
九月 01, 2017 11:22:59 上午 org.apache.catalina.core.AprLifecycleListener lifecycleEvent
信息: The APR based Apache Tomcat Native library which allows optimal performance in production environments was not found on the java.library.path: /Users/daihuijun/Library/Java/Extensions:/Library/Java/Extensions:/Network/Library/Java/Extensions:/System/Library/Java/Extensions:/usr/lib/java:.
九月 01, 2017 11:22:59 上午 org.apache.coyote.AbstractProtocol init
信息: Initializing ProtocolHandler ["http-bio-8080"]
九月 01, 2017 11:22:59 上午 org.apache.coyote.AbstractProtocol init
信息: Initializing ProtocolHandler ["ajp-bio-8009"]
九月 01, 2017 11:22:59 上午 org.apache.catalina.startup.Catalina load
信息: Initialization processed in 534 ms
九月 01, 2017 11:22:59 上午 org.apache.catalina.core.StandardService startInternal
信息: Starting service Catalina
九月 01, 2017 11:22:59 上午 org.apache.catalina.core.StandardEngine startInternal
信息: Starting Servlet Engine: Apache Tomcat/7.0.77
九月 01, 2017 11:22:59 上午 org.apache.catalina.startup.HostConfig deployDirectory
信息: Deploying web application directory /Users/daihuijun/IdeaProjects/Tomcat7.0/catalina-home/webapps/docs
九月 01, 2017 11:23:00 上午 org.apache.catalina.startup.HostConfig deployDirectory
信息: Deployment of web application directory /Users/daihuijun/IdeaProjects/Tomcat7.0/catalina-home/webapps/docs has finished in 351 ms
九月 01, 2017 11:23:00 上午 org.apache.catalina.startup.HostConfig deployDirectory
信息: Deploying web application directory /Users/daihuijun/IdeaProjects/Tomcat7.0/catalina-home/webapps/examples
九月 01, 2017 11:23:00 上午 org.apache.catalina.startup.HostConfig deployDirectory
信息: Deployment of web application directory /Users/daihuijun/IdeaProjects/Tomcat7.0/catalina-home/webapps/examples has finished in 262 ms
九月 01, 2017 11:23:00 上午 org.apache.catalina.startup.HostConfig deployDirectory
信息: Deploying web application directory /Users/daihuijun/IdeaProjects/Tomcat7.0/catalina-home/webapps/host-manager
九月 01, 2017 11:23:00 上午 org.apache.catalina.startup.HostConfig deployDirectory
信息: Deployment of web application directory /Users/daihuijun/IdeaProjects/Tomcat7.0/catalina-home/webapps/host-manager has finished in 44 ms
九月 01, 2017 11:23:00 上午 org.apache.catalina.startup.HostConfig deployDirectory
信息: Deploying web application directory /Users/daihuijun/IdeaProjects/Tomcat7.0/catalina-home/webapps/manager
九月 01, 2017 11:23:00 上午 org.apache.catalina.startup.HostConfig deployDirectory
信息: Deployment of web application directory /Users/daihuijun/IdeaProjects/Tomcat7.0/catalina-home/webapps/manager has finished in 56 ms
九月 01, 2017 11:23:00 上午 org.apache.catalina.startup.HostConfig deployDirectory
信息: Deploying web application directory /Users/daihuijun/IdeaProjects/Tomcat7.0/catalina-home/webapps/ROOT
九月 01, 2017 11:23:00 上午 org.apache.catalina.startup.HostConfig deployDirectory
信息: Deployment of web application directory /Users/daihuijun/IdeaProjects/Tomcat7.0/catalina-home/webapps/ROOT has finished in 41 ms
九月 01, 2017 11:23:00 上午 org.apache.catalina.startup.HostConfig deployDirectory
信息: Deploying web application directory /Users/daihuijun/IdeaProjects/Tomcat7.0/catalina-home/webapps/webapp-3.0
九月 01, 2017 11:23:00 上午 org.apache.catalina.core.StandardContext startInternal
严重: One or more listeners failed to start. Full details will be found in the appropriate container log file
九月 01, 2017 11:23:00 上午 org.apache.catalina.core.StandardContext startInternal
严重: Context [/webapp-3.0] startup failed due to previous errors
九月 01, 2017 11:23:00 上午 org.apache.catalina.startup.HostConfig deployDirectory
信息: Deployment of web application directory /Users/daihuijun/IdeaProjects/Tomcat7.0/catalina-home/webapps/webapp-3.0 has finished in 70 ms
九月 01, 2017 11:23:00 上午 org.apache.coyote.AbstractProtocol start
信息: Starting ProtocolHandler ["http-bio-8080"]
九月 01, 2017 11:23:00 上午 org.apache.coyote.AbstractProtocol start
信息: Starting ProtocolHandler ["ajp-bio-8009"]
九月 01, 2017 11:23:00 上午 org.apache.catalina.startup.Catalina start
信息: Server startup in 876 ms
九月 01, 2017 11:25:05 上午 org.apache.catalina.core.StandardServer await
信息: A valid shutdown command was received via the shutdown port. Stopping the Server instance.
九月 01, 2017 11:25:05 上午 org.apache.coyote.AbstractProtocol pause
信息: Pausing ProtocolHandler ["http-bio-8080"]
九月 01, 2017 11:25:05 上午 org.apache.coyote.AbstractProtocol pause
信息: Pausing ProtocolHandler ["ajp-bio-8009"]
九月 01, 2017 11:25:05 上午 org.apache.catalina.core.StandardService stopInternal
信息: Stopping service Catalina
九月 01, 2017 11:25:05 上午 org.apache.catalina.session.StandardManager doUnload
严重: IOException while saving persisted sessions: java.io.FileNotFoundException: /Users/daihuijun/IdeaProjects/Tomcat7.0/catalina-home/work/Catalina/localhost/manager/SESSIONS.ser (No such file or directory)
java.io.FileNotFoundException: /Users/daihuijun/IdeaProjects/Tomcat7.0/catalina-home/work/Catalina/localhost/manager/SESSIONS.ser (No such file or directory)
	at java.io.FileOutputStream.open(Native Method)
	at java.io.FileOutputStream.<init>(FileOutputStream.java:221)
	at java.io.FileOutputStream.<init>(FileOutputStream.java:110)
	at org.apache.catalina.session.StandardManager.doUnload(StandardManager.java:358)
	at org.apache.catalina.session.StandardManager.unload(StandardManager.java:323)
	at org.apache.catalina.session.StandardManager.stopInternal(StandardManager.java:493)
	at org.apache.catalina.util.LifecycleBase.stop(LifecycleBase.java:221)
	at org.apache.catalina.core.StandardContext.stopInternal(StandardContext.java:5825)
	at org.apache.catalina.util.LifecycleBase.stop(LifecycleBase.java:221)
	at org.apache.catalina.core.ContainerBase$StopChild.call(ContainerBase.java:1587)
	at org.apache.catalina.core.ContainerBase$StopChild.call(ContainerBase.java:1576)
	at java.util.concurrent.FutureTask.run(FutureTask.java:262)
	at java.util.concurrent.ThreadPoolExecutor.runWorker(ThreadPoolExecutor.java:1145)
	at java.util.concurrent.ThreadPoolExecutor$Worker.run(ThreadPoolExecutor.java:615)
	at java.lang.Thread.run(Thread.java:745)

九月 01, 2017 11:25:05 上午 org.apache.catalina.session.StandardManager stopInternal
严重: Exception unloading sessions to persistent storage
java.io.FileNotFoundException: /Users/daihuijun/IdeaProjects/Tomcat7.0/catalina-home/work/Catalina/localhost/manager/SESSIONS.ser (No such file or directory)
	at java.io.FileOutputStream.open(Native Method)
	at java.io.FileOutputStream.<init>(FileOutputStream.java:221)
	at java.io.FileOutputStream.<init>(FileOutputStream.java:110)
	at org.apache.catalina.session.StandardManager.doUnload(StandardManager.java:358)
	at org.apache.catalina.session.StandardManager.unload(StandardManager.java:323)
	at org.apache.catalina.session.StandardManager.stopInternal(StandardManager.java:493)
	at org.apache.catalina.util.LifecycleBase.stop(LifecycleBase.java:221)
	at org.apache.catalina.core.StandardContext.stopInternal(StandardContext.java:5825)
	at org.apache.catalina.util.LifecycleBase.stop(LifecycleBase.java:221)
	at org.apache.catalina.core.ContainerBase$StopChild.call(ContainerBase.java:1587)
	at org.apache.catalina.core.ContainerBase$StopChild.call(ContainerBase.java:1576)
	at java.util.concurrent.FutureTask.run(FutureTask.java:262)
	at java.util.concurrent.ThreadPoolExecutor.runWorker(ThreadPoolExecutor.java:1145)
	at java.util.concurrent.ThreadPoolExecutor$Worker.run(ThreadPoolExecutor.java:615)
	at java.lang.Thread.run(Thread.java:745)

九月 01, 2017 11:25:05 上午 org.apache.coyote.AbstractProtocol stop
信息: Stopping ProtocolHandler ["http-bio-8080"]
九月 01, 2017 11:25:05 上午 org.apache.coyote.AbstractProtocol stop
信息: Stopping ProtocolHandler ["ajp-bio-8009"]
九月 01, 2017 11:25:05 上午 org.apache.coyote.AbstractProtocol destroy
信息: Destroying ProtocolHandler ["http-bio-8080"]
九月 01, 2017 11:25:05 上午 org.apache.coyote.AbstractProtocol destroy
信息: Destroying ProtocolHandler ["ajp-bio-8009"]
九月 01, 2017 11:25:18 上午 org.apache.catalina.startup.VersionLoggerListener log
信息: Server version:        Apache Tomcat/7.0.77
九月 01, 2017 11:25:18 上午 org.apache.catalina.startup.VersionLoggerListener log
信息: Server built:          Mar 28 2017 16:01:48 UTC
九月 01, 2017 11:25:18 上午 org.apache.catalina.startup.VersionLoggerListener log
信息: Server number:         7.0.77.0
九月 01, 2017 11:25:18 上午 org.apache.catalina.startup.VersionLoggerListener log
信息: OS Name:               Mac OS X
九月 01, 2017 11:25:18 上午 org.apache.catalina.startup.VersionLoggerListener log
信息: OS Version:            10.12.6
九月 01, 2017 11:25:18 上午 org.apache.catalina.startup.VersionLoggerListener log
信息: Architecture:          x86_64
九月 01, 2017 11:25:18 上午 org.apache.catalina.startup.VersionLoggerListener log
信息: Java Home:             /Library/Java/JavaVirtualMachines/jdk1.7.0_80.jdk/Contents/Home/jre
九月 01, 2017 11:25:18 上午 org.apache.catalina.startup.VersionLoggerListener log
信息: JVM Version:           1.7.0_80-b15
九月 01, 2017 11:25:18 上午 org.apache.catalina.startup.VersionLoggerListener log
信息: JVM Vendor:            Oracle Corporation
九月 01, 2017 11:25:18 上午 org.apache.catalina.startup.VersionLoggerListener log
信息: CATALINA_BASE:         /Users/daihuijun/IdeaProjects/Tomcat7.0/catalina-home
九月 01, 2017 11:25:18 上午 org.apache.catalina.startup.VersionLoggerListener log
信息: CATALINA_HOME:         /Users/daihuijun/IdeaProjects/Tomcat7.0/catalina-home
九月 01, 2017 11:25:18 上午 org.apache.catalina.startup.VersionLoggerListener log
信息: Command line argument: -Djava.util.logging.config.file=/Users/daihuijun/IdeaProjects/Tomcat7.0/catalina-home/conf/logging.properties
九月 01, 2017 11:25:18 上午 org.apache.catalina.startup.VersionLoggerListener log
信息: Command line argument: -Djava.util.logging.manager=org.apache.juli.ClassLoaderLogManager
九月 01, 2017 11:25:18 上午 org.apache.catalina.startup.VersionLoggerListener log
信息: Command line argument: -Djdk.tls.ephemeralDHKeySize=2048
九月 01, 2017 11:25:18 上午 org.apache.catalina.startup.VersionLoggerListener log
信息: Command line argument: -Djava.endorsed.dirs=/Users/daihuijun/IdeaProjects/Tomcat7.0/catalina-home/endorsed
九月 01, 2017 11:25:18 上午 org.apache.catalina.startup.VersionLoggerListener log
信息: Command line argument: -Dcatalina.base=/Users/daihuijun/IdeaProjects/Tomcat7.0/catalina-home
九月 01, 2017 11:25:18 上午 org.apache.catalina.startup.VersionLoggerListener log
信息: Command line argument: -Dcatalina.home=/Users/daihuijun/IdeaProjects/Tomcat7.0/catalina-home
九月 01, 2017 11:25:18 上午 org.apache.catalina.startup.VersionLoggerListener log
信息: Command line argument: -Djava.io.tmpdir=/Users/daihuijun/IdeaProjects/Tomcat7.0/catalina-home/temp
九月 01, 2017 11:25:18 上午 org.apache.catalina.core.AprLifecycleListener lifecycleEvent
信息: The APR based Apache Tomcat Native library which allows optimal performance in production environments was not found on the java.library.path: /Users/daihuijun/Library/Java/Extensions:/Library/Java/Extensions:/Network/Library/Java/Extensions:/System/Library/Java/Extensions:/usr/lib/java:.
九月 01, 2017 11:25:18 上午 org.apache.coyote.AbstractProtocol init
信息: Initializing ProtocolHandler ["http-bio-8080"]
九月 01, 2017 11:25:18 上午 org.apache.coyote.AbstractProtocol init
信息: Initializing ProtocolHandler ["ajp-bio-8009"]
九月 01, 2017 11:25:18 上午 org.apache.catalina.startup.Catalina load
信息: Initialization processed in 549 ms
九月 01, 2017 11:25:18 上午 org.apache.catalina.core.StandardService startInternal
信息: Starting service Catalina
九月 01, 2017 11:25:18 上午 org.apache.catalina.core.StandardEngine startInternal
信息: Starting Servlet Engine: Apache Tomcat/7.0.77
九月 01, 2017 11:25:18 上午 org.apache.catalina.startup.HostConfig deployDirectory
信息: Deploying web application directory /Users/daihuijun/IdeaProjects/Tomcat7.0/catalina-home/webapps/docs
九月 01, 2017 11:25:19 上午 org.apache.catalina.startup.HostConfig deployDirectory
信息: Deployment of web application directory /Users/daihuijun/IdeaProjects/Tomcat7.0/catalina-home/webapps/docs has finished in 347 ms
九月 01, 2017 11:25:19 上午 org.apache.catalina.startup.HostConfig deployDirectory
信息: Deploying web application directory /Users/daihuijun/IdeaProjects/Tomcat7.0/catalina-home/webapps/examples
九月 01, 2017 11:25:19 上午 org.apache.catalina.startup.HostConfig deployDirectory
信息: Deployment of web application directory /Users/daihuijun/IdeaProjects/Tomcat7.0/catalina-home/webapps/examples has finished in 271 ms
九月 01, 2017 11:25:19 上午 org.apache.catalina.startup.HostConfig deployDirectory
信息: Deploying web application directory /Users/daihuijun/IdeaProjects/Tomcat7.0/catalina-home/webapps/host-manager
九月 01, 2017 11:25:19 上午 org.apache.catalina.startup.HostConfig deployDirectory
信息: Deployment of web application directory /Users/daihuijun/IdeaProjects/Tomcat7.0/catalina-home/webapps/host-manager has finished in 45 ms
九月 01, 2017 11:25:19 上午 org.apache.catalina.startup.HostConfig deployDirectory
信息: Deploying web application directory /Users/daihuijun/IdeaProjects/Tomcat7.0/catalina-home/webapps/manager
九月 01, 2017 11:25:19 上午 org.apache.catalina.startup.HostConfig deployDirectory
信息: Deployment of web application directory /Users/daihuijun/IdeaProjects/Tomcat7.0/catalina-home/webapps/manager has finished in 47 ms
九月 01, 2017 11:25:19 上午 org.apache.catalina.startup.HostConfig deployDirectory
信息: Deploying web application directory /Users/daihuijun/IdeaProjects/Tomcat7.0/catalina-home/webapps/ROOT
九月 01, 2017 11:25:19 上午 org.apache.catalina.startup.HostConfig deployDirectory
信息: Deployment of web application directory /Users/daihuijun/IdeaProjects/Tomcat7.0/catalina-home/webapps/ROOT has finished in 37 ms
九月 01, 2017 11:25:19 上午 org.apache.catalina.startup.HostConfig deployDirectory
信息: Deploying web application directory /Users/daihuijun/IdeaProjects/Tomcat7.0/catalina-home/webapps/webapp-3.0
九月 01, 2017 11:25:19 上午 org.apache.catalina.core.StandardContext startInternal
严重: One or more listeners failed to start. Full details will be found in the appropriate container log file
九月 01, 2017 11:25:19 上午 org.apache.catalina.core.StandardContext startInternal
严重: Context [/webapp-3.0] startup failed due to previous errors
九月 01, 2017 11:25:19 上午 org.apache.catalina.startup.HostConfig deployDirectory
信息: Deployment of web application directory /Users/daihuijun/IdeaProjects/Tomcat7.0/catalina-home/webapps/webapp-3.0 has finished in 66 ms
九月 01, 2017 11:25:19 上午 org.apache.coyote.AbstractProtocol start
信息: Starting ProtocolHandler ["http-bio-8080"]
九月 01, 2017 11:25:19 上午 org.apache.coyote.AbstractProtocol start
信息: Starting ProtocolHandler ["ajp-bio-8009"]
九月 01, 2017 11:25:19 上午 org.apache.catalina.startup.Catalina start
信息: Server startup in 865 ms
九月 01, 2017 11:26:54 上午 org.apache.catalina.core.StandardServer await
信息: A valid shutdown command was received via the shutdown port. Stopping the Server instance.
九月 01, 2017 11:26:54 上午 org.apache.coyote.AbstractProtocol pause
信息: Pausing ProtocolHandler ["http-bio-8080"]
九月 01, 2017 11:26:54 上午 org.apache.coyote.AbstractProtocol pause
信息: Pausing ProtocolHandler ["ajp-bio-8009"]
九月 01, 2017 11:26:55 上午 org.apache.catalina.core.StandardService stopInternal
信息: Stopping service Catalina
九月 01, 2017 11:26:55 上午 org.apache.coyote.AbstractProtocol stop
信息: Stopping ProtocolHandler ["http-bio-8080"]
九月 01, 2017 11:26:55 上午 org.apache.coyote.AbstractProtocol stop
信息: Stopping ProtocolHandler ["ajp-bio-8009"]
九月 01, 2017 11:26:55 上午 org.apache.coyote.AbstractProtocol destroy
信息: Destroying ProtocolHandler ["http-bio-8080"]
九月 01, 2017 11:26:55 上午 org.apache.coyote.AbstractProtocol destroy
信息: Destroying ProtocolHandler ["ajp-bio-8009"]
九月 01, 2017 11:26:57 上午 org.apache.catalina.startup.VersionLoggerListener log
信息: Server version:        Apache Tomcat/7.0.77
九月 01, 2017 11:26:57 上午 org.apache.catalina.startup.VersionLoggerListener log
信息: Server built:          Mar 28 2017 16:01:48 UTC
九月 01, 2017 11:26:57 上午 org.apache.catalina.startup.VersionLoggerListener log
信息: Server number:         7.0.77.0
九月 01, 2017 11:26:57 上午 org.apache.catalina.startup.VersionLoggerListener log
信息: OS Name:               Mac OS X
九月 01, 2017 11:26:57 上午 org.apache.catalina.startup.VersionLoggerListener log
信息: OS Version:            10.12.6
九月 01, 2017 11:26:57 上午 org.apache.catalina.startup.VersionLoggerListener log
信息: Architecture:          x86_64
九月 01, 2017 11:26:57 上午 org.apache.catalina.startup.VersionLoggerListener log
信息: Java Home:             /Library/Java/JavaVirtualMachines/jdk1.7.0_80.jdk/Contents/Home/jre
九月 01, 2017 11:26:57 上午 org.apache.catalina.startup.VersionLoggerListener log
信息: JVM Version:           1.7.0_80-b15
九月 01, 2017 11:26:57 上午 org.apache.catalina.startup.VersionLoggerListener log
信息: JVM Vendor:            Oracle Corporation
九月 01, 2017 11:26:57 上午 org.apache.catalina.startup.VersionLoggerListener log
信息: CATALINA_BASE:         /Users/daihuijun/IdeaProjects/Tomcat7.0/catalina-home
九月 01, 2017 11:26:57 上午 org.apache.catalina.startup.VersionLoggerListener log
信息: CATALINA_HOME:         /Users/daihuijun/IdeaProjects/Tomcat7.0/catalina-home
九月 01, 2017 11:26:57 上午 org.apache.catalina.startup.VersionLoggerListener log
信息: Command line argument: -Djava.util.logging.config.file=/Users/daihuijun/IdeaProjects/Tomcat7.0/catalina-home/conf/logging.properties
九月 01, 2017 11:26:57 上午 org.apache.catalina.startup.VersionLoggerListener log
信息: Command line argument: -Djava.util.logging.manager=org.apache.juli.ClassLoaderLogManager
九月 01, 2017 11:26:57 上午 org.apache.catalina.startup.VersionLoggerListener log
信息: Command line argument: -Djdk.tls.ephemeralDHKeySize=2048
九月 01, 2017 11:26:57 上午 org.apache.catalina.startup.VersionLoggerListener log
信息: Command line argument: -Djava.endorsed.dirs=/Users/daihuijun/IdeaProjects/Tomcat7.0/catalina-home/endorsed
九月 01, 2017 11:26:57 上午 org.apache.catalina.startup.VersionLoggerListener log
信息: Command line argument: -Dcatalina.base=/Users/daihuijun/IdeaProjects/Tomcat7.0/catalina-home
九月 01, 2017 11:26:57 上午 org.apache.catalina.startup.VersionLoggerListener log
信息: Command line argument: -Dcatalina.home=/Users/daihuijun/IdeaProjects/Tomcat7.0/catalina-home
九月 01, 2017 11:26:57 上午 org.apache.catalina.startup.VersionLoggerListener log
信息: Command line argument: -Djava.io.tmpdir=/Users/daihuijun/IdeaProjects/Tomcat7.0/catalina-home/temp
九月 01, 2017 11:26:57 上午 org.apache.catalina.core.AprLifecycleListener lifecycleEvent
信息: The APR based Apache Tomcat Native library which allows optimal performance in production environments was not found on the java.library.path: /Users/daihuijun/Library/Java/Extensions:/Library/Java/Extensions:/Network/Library/Java/Extensions:/System/Library/Java/Extensions:/usr/lib/java:.
九月 01, 2017 11:26:57 上午 org.apache.coyote.AbstractProtocol init
信息: Initializing ProtocolHandler ["http-bio-8080"]
九月 01, 2017 11:26:57 上午 org.apache.coyote.AbstractProtocol init
信息: Initializing ProtocolHandler ["ajp-bio-8009"]
九月 01, 2017 11:26:57 上午 org.apache.catalina.startup.Catalina load
信息: Initialization processed in 538 ms
九月 01, 2017 11:26:57 上午 org.apache.catalina.core.StandardService startInternal
信息: Starting service Catalina
九月 01, 2017 11:26:57 上午 org.apache.catalina.core.StandardEngine startInternal
信息: Starting Servlet Engine: Apache Tomcat/7.0.77
九月 01, 2017 11:26:57 上午 org.apache.catalina.startup.HostConfig deployDirectory
信息: Deploying web application directory /Users/daihuijun/IdeaProjects/Tomcat7.0/catalina-home/webapps/docs
九月 01, 2017 11:26:57 上午 org.apache.catalina.startup.HostConfig deployDirectory
信息: Deployment of web application directory /Users/daihuijun/IdeaProjects/Tomcat7.0/catalina-home/webapps/docs has finished in 360 ms
九月 01, 2017 11:26:57 上午 org.apache.catalina.startup.HostConfig deployDirectory
信息: Deploying web application directory /Users/daihuijun/IdeaProjects/Tomcat7.0/catalina-home/webapps/examples
九月 01, 2017 11:26:58 上午 org.apache.catalina.startup.HostConfig deployDirectory
信息: Deployment of web application directory /Users/daihuijun/IdeaProjects/Tomcat7.0/catalina-home/webapps/examples has finished in 261 ms
九月 01, 2017 11:26:58 上午 org.apache.catalina.startup.HostConfig deployDirectory
信息: Deploying web application directory /Users/daihuijun/IdeaProjects/Tomcat7.0/catalina-home/webapps/host-manager
九月 01, 2017 11:26:58 上午 org.apache.catalina.startup.HostConfig deployDirectory
信息: Deployment of web application directory /Users/daihuijun/IdeaProjects/Tomcat7.0/catalina-home/webapps/host-manager has finished in 48 ms
九月 01, 2017 11:26:58 上午 org.apache.catalina.startup.HostConfig deployDirectory
信息: Deploying web application directory /Users/daihuijun/IdeaProjects/Tomcat7.0/catalina-home/webapps/manager
九月 01, 2017 11:26:58 上午 org.apache.catalina.startup.HostConfig deployDirectory
信息: Deployment of web application directory /Users/daihuijun/IdeaProjects/Tomcat7.0/catalina-home/webapps/manager has finished in 47 ms
九月 01, 2017 11:26:58 上午 org.apache.catalina.startup.HostConfig deployDirectory
信息: Deploying web application directory /Users/daihuijun/IdeaProjects/Tomcat7.0/catalina-home/webapps/ROOT
九月 01, 2017 11:26:58 上午 org.apache.catalina.startup.HostConfig deployDirectory
信息: Deployment of web application directory /Users/daihuijun/IdeaProjects/Tomcat7.0/catalina-home/webapps/ROOT has finished in 36 ms
九月 01, 2017 11:26:58 上午 org.apache.catalina.startup.HostConfig deployDirectory
信息: Deploying web application directory /Users/daihuijun/IdeaProjects/Tomcat7.0/catalina-home/webapps/webapp-3.0
九月 01, 2017 11:26:58 上午 org.apache.catalina.core.StandardContext startInternal
严重: One or more listeners failed to start. Full details will be found in the appropriate container log file
九月 01, 2017 11:26:58 上午 org.apache.catalina.core.StandardContext startInternal
严重: Context [/webapp-3.0] startup failed due to previous errors
九月 01, 2017 11:26:58 上午 org.apache.catalina.startup.HostConfig deployDirectory
信息: Deployment of web application directory /Users/daihuijun/IdeaProjects/Tomcat7.0/catalina-home/webapps/webapp-3.0 has finished in 59 ms
九月 01, 2017 11:26:58 上午 org.apache.coyote.AbstractProtocol start
信息: Starting ProtocolHandler ["http-bio-8080"]
九月 01, 2017 11:26:58 上午 org.apache.coyote.AbstractProtocol start
信息: Starting ProtocolHandler ["ajp-bio-8009"]
九月 01, 2017 11:26:58 上午 org.apache.catalina.startup.Catalina start
信息: Server startup in 862 ms
九月 01, 2017 11:28:17 上午 org.apache.catalina.core.StandardServer await
信息: A valid shutdown command was received via the shutdown port. Stopping the Server instance.
九月 01, 2017 11:28:17 上午 org.apache.coyote.AbstractProtocol pause
信息: Pausing ProtocolHandler ["http-bio-8080"]
九月 01, 2017 11:28:18 上午 org.apache.coyote.AbstractProtocol pause
信息: Pausing ProtocolHandler ["ajp-bio-8009"]
九月 01, 2017 11:28:18 上午 org.apache.catalina.core.StandardService stopInternal
信息: Stopping service Catalina
九月 01, 2017 11:28:18 上午 org.apache.coyote.AbstractProtocol stop
信息: Stopping ProtocolHandler ["http-bio-8080"]
九月 01, 2017 11:28:18 上午 org.apache.coyote.AbstractProtocol stop
信息: Stopping ProtocolHandler ["ajp-bio-8009"]
九月 01, 2017 11:28:18 上午 org.apache.coyote.AbstractProtocol destroy
信息: Destroying ProtocolHandler ["http-bio-8080"]
九月 01, 2017 11:28:18 上午 org.apache.coyote.AbstractProtocol destroy
信息: Destroying ProtocolHandler ["ajp-bio-8009"]
