八月 30, 2017 4:50:30 下午 org.apache.catalina.startup.VersionLoggerListener log
信息: Server version:        Apache Tomcat/@VERSION@
八月 30, 2017 4:50:30 下午 org.apache.catalina.startup.VersionLoggerListener log
信息: Server built:          @VERSION_BUILT@
八月 30, 2017 4:50:30 下午 org.apache.catalina.startup.VersionLoggerListener log
信息: Server number:         @VERSION_NUMBER@
八月 30, 2017 4:50:30 下午 org.apache.catalina.startup.VersionLoggerListener log
信息: OS Name:               Mac OS X
八月 30, 2017 4:50:30 下午 org.apache.catalina.startup.VersionLoggerListener log
信息: OS Version:            10.12.6
八月 30, 2017 4:50:30 下午 org.apache.catalina.startup.VersionLoggerListener log
信息: Architecture:          x86_64
八月 30, 2017 4:50:30 下午 org.apache.catalina.startup.VersionLoggerListener log
信息: Java Home:             /Library/Java/JavaVirtualMachines/jdk1.8.0_112.jdk/Contents/Home/jre
八月 30, 2017 4:50:30 下午 org.apache.catalina.startup.VersionLoggerListener log
信息: JVM Version:           1.8.0_112-b16
八月 30, 2017 4:50:30 下午 org.apache.catalina.startup.VersionLoggerListener log
信息: JVM Vendor:            Oracle Corporation
八月 30, 2017 4:50:30 下午 org.apache.catalina.startup.VersionLoggerListener log
信息: CATALINA_BASE:         /Users/daihuijun/IdeaProjects/Tomcat7.0/catalina-home
八月 30, 2017 4:50:30 下午 org.apache.catalina.startup.VersionLoggerListener log
信息: CATALINA_HOME:         /Users/daihuijun/IdeaProjects/Tomcat7.0/catalina-home
八月 30, 2017 4:50:30 下午 org.apache.catalina.startup.VersionLoggerListener log
信息: Command line argument: -agentlib:jdwp=transport=dt_socket,address=127.0.0.1:54944,suspend=y,server=n
八月 30, 2017 4:50:30 下午 org.apache.catalina.startup.VersionLoggerListener log
信息: Command line argument: -Xms2g
八月 30, 2017 4:50:30 下午 org.apache.catalina.startup.VersionLoggerListener log
信息: Command line argument: -Xmx2g
八月 30, 2017 4:50:30 下午 org.apache.catalina.startup.VersionLoggerListener log
信息: Command line argument: -Dcatalina.home=catalina-home
八月 30, 2017 4:50:30 下午 org.apache.catalina.startup.VersionLoggerListener log
信息: Command line argument: -Dcatalina.base=catalina-home
八月 30, 2017 4:50:30 下午 org.apache.catalina.startup.VersionLoggerListener log
信息: Command line argument: -Djava.endorsed.dirs=catalina-home/endorsed
八月 30, 2017 4:50:30 下午 org.apache.catalina.startup.VersionLoggerListener log
信息: Command line argument: -Djava.io.tmpdir=catalina-home/temp
八月 30, 2017 4:50:30 下午 org.apache.catalina.startup.VersionLoggerListener log
信息: Command line argument: -Djava.util.logging.manager=org.apache.juli.ClassLoaderLogManager
八月 30, 2017 4:50:30 下午 org.apache.catalina.startup.VersionLoggerListener log
信息: Command line argument: -Djava.util.logging.config.file=catalina-home/conf/logging.properties
八月 30, 2017 4:50:30 下午 org.apache.catalina.startup.VersionLoggerListener log
信息: Command line argument: -Dfile.encoding=UTF-8
八月 30, 2017 4:50:30 下午 org.apache.catalina.core.AprLifecycleListener lifecycleEvent
信息: The APR based Apache Tomcat Native library which allows optimal performance in production environments was not found on the java.library.path: /Users/daihuijun/Library/Java/Extensions:/Library/Java/Extensions:/Network/Library/Java/Extensions:/System/Library/Java/Extensions:/usr/lib/java:.
八月 30, 2017 4:50:31 下午 org.apache.coyote.AbstractProtocol init
信息: Initializing ProtocolHandler ["http-bio-8080"]
八月 30, 2017 4:50:31 下午 org.apache.coyote.AbstractProtocol init
信息: Initializing ProtocolHandler ["ajp-bio-8009"]
八月 30, 2017 4:50:31 下午 org.apache.catalina.startup.Catalina load
信息: Initialization processed in 3078 ms
八月 30, 2017 4:50:32 下午 org.apache.catalina.core.StandardService startInternal
信息: Starting service Catalina
八月 30, 2017 4:50:32 下午 org.apache.catalina.core.StandardEngine startInternal
信息: Starting Servlet Engine: Apache Tomcat/@VERSION@
八月 30, 2017 4:50:32 下午 org.apache.catalina.startup.HostConfig deployDirectory
信息: Deploying web application directory /Users/daihuijun/IdeaProjects/Tomcat7.0/catalina-home/webapps/docs
八月 30, 2017 4:50:34 下午 org.apache.catalina.startup.TldConfig execute
信息: At least one JAR was scanned for TLDs yet contained no TLDs. Enable debug logging for this logger for a complete list of JARs that were scanned but no TLDs were found in them. Skipping unneeded JARs during scanning can improve startup time and JSP compilation time.
八月 30, 2017 4:50:34 下午 org.apache.catalina.startup.HostConfig deployDirectory
信息: Deployment of web application directory /Users/daihuijun/IdeaProjects/Tomcat7.0/catalina-home/webapps/docs has finished in 2,069 ms
八月 30, 2017 4:50:34 下午 org.apache.catalina.startup.HostConfig deployDirectory
信息: Deploying web application directory /Users/daihuijun/IdeaProjects/Tomcat7.0/catalina-home/webapps/examples
八月 30, 2017 4:50:36 下午 org.apache.catalina.startup.TldConfig execute
信息: At least one JAR was scanned for TLDs yet contained no TLDs. Enable debug logging for this logger for a complete list of JARs that were scanned but no TLDs were found in them. Skipping unneeded JARs during scanning can improve startup time and JSP compilation time.
八月 30, 2017 4:50:36 下午 org.apache.catalina.startup.HostConfig deployDirectory
信息: Deployment of web application directory /Users/daihuijun/IdeaProjects/Tomcat7.0/catalina-home/webapps/examples has finished in 1,772 ms
八月 30, 2017 4:50:36 下午 org.apache.catalina.startup.HostConfig deployDirectory
信息: Deploying web application directory /Users/daihuijun/IdeaProjects/Tomcat7.0/catalina-home/webapps/host-manager
八月 30, 2017 4:50:36 下午 org.apache.catalina.startup.TldConfig execute
信息: At least one JAR was scanned for TLDs yet contained no TLDs. Enable debug logging for this logger for a complete list of JARs that were scanned but no TLDs were found in them. Skipping unneeded JARs during scanning can improve startup time and JSP compilation time.
八月 30, 2017 4:50:36 下午 org.apache.catalina.startup.HostConfig deployDirectory
信息: Deployment of web application directory /Users/daihuijun/IdeaProjects/Tomcat7.0/catalina-home/webapps/host-manager has finished in 72 ms
八月 30, 2017 4:50:36 下午 org.apache.catalina.startup.HostConfig deployDirectory
信息: Deploying web application directory /Users/daihuijun/IdeaProjects/Tomcat7.0/catalina-home/webapps/manager
八月 30, 2017 4:50:36 下午 org.apache.catalina.startup.TldConfig execute
信息: At least one JAR was scanned for TLDs yet contained no TLDs. Enable debug logging for this logger for a complete list of JARs that were scanned but no TLDs were found in them. Skipping unneeded JARs during scanning can improve startup time and JSP compilation time.
八月 30, 2017 4:50:36 下午 org.apache.catalina.startup.HostConfig deployDirectory
信息: Deployment of web application directory /Users/daihuijun/IdeaProjects/Tomcat7.0/catalina-home/webapps/manager has finished in 75 ms
八月 30, 2017 4:50:36 下午 org.apache.catalina.startup.HostConfig deployDirectory
信息: Deploying web application directory /Users/daihuijun/IdeaProjects/Tomcat7.0/catalina-home/webapps/ROOT
八月 30, 2017 4:50:37 下午 org.apache.catalina.startup.TldConfig execute
信息: At least one JAR was scanned for TLDs yet contained no TLDs. Enable debug logging for this logger for a complete list of JARs that were scanned but no TLDs were found in them. Skipping unneeded JARs during scanning can improve startup time and JSP compilation time.
八月 30, 2017 4:50:37 下午 org.apache.catalina.startup.HostConfig deployDirectory
信息: Deployment of web application directory /Users/daihuijun/IdeaProjects/Tomcat7.0/catalina-home/webapps/ROOT has finished in 1,190 ms
八月 30, 2017 4:50:37 下午 org.apache.coyote.AbstractProtocol start
信息: Starting ProtocolHandler ["http-bio-8080"]
八月 30, 2017 4:50:37 下午 org.apache.coyote.AbstractProtocol start
信息: Starting ProtocolHandler ["ajp-bio-8009"]
八月 30, 2017 4:50:37 下午 org.apache.catalina.startup.Catalina start
信息: Server startup in 5365 ms
八月 30, 2017 4:50:49 下午 org.apache.coyote.AbstractProtocol pause
信息: Pausing ProtocolHandler ["http-bio-8080"]
八月 30, 2017 4:50:49 下午 org.apache.coyote.AbstractProtocol pause
信息: Pausing ProtocolHandler ["ajp-bio-8009"]
八月 30, 2017 4:50:49 下午 org.apache.catalina.core.StandardService stopInternal
信息: Stopping service Catalina
八月 30, 2017 4:50:49 下午 org.apache.coyote.AbstractProtocol stop
信息: Stopping ProtocolHandler ["http-bio-8080"]
八月 30, 2017 4:50:49 下午 org.apache.coyote.AbstractProtocol stop
信息: Stopping ProtocolHandler ["ajp-bio-8009"]
八月 30, 2017 4:50:49 下午 org.apache.coyote.AbstractProtocol destroy
信息: Destroying ProtocolHandler ["http-bio-8080"]
八月 30, 2017 4:50:49 下午 org.apache.coyote.AbstractProtocol destroy
信息: Destroying ProtocolHandler ["ajp-bio-8009"]
八月 30, 2017 4:51:17 下午 org.apache.catalina.startup.VersionLoggerListener log
信息: Server version:        Apache Tomcat/@VERSION@
八月 30, 2017 4:51:17 下午 org.apache.catalina.startup.VersionLoggerListener log
信息: Server built:          @VERSION_BUILT@
八月 30, 2017 4:51:17 下午 org.apache.catalina.startup.VersionLoggerListener log
信息: Server number:         @VERSION_NUMBER@
八月 30, 2017 4:51:17 下午 org.apache.catalina.startup.VersionLoggerListener log
信息: OS Name:               Mac OS X
八月 30, 2017 4:51:17 下午 org.apache.catalina.startup.VersionLoggerListener log
信息: OS Version:            10.12.6
八月 30, 2017 4:51:17 下午 org.apache.catalina.startup.VersionLoggerListener log
信息: Architecture:          x86_64
八月 30, 2017 4:51:17 下午 org.apache.catalina.startup.VersionLoggerListener log
信息: Java Home:             /Library/Java/JavaVirtualMachines/jdk1.8.0_112.jdk/Contents/Home/jre
八月 30, 2017 4:51:17 下午 org.apache.catalina.startup.VersionLoggerListener log
信息: JVM Version:           1.8.0_112-b16
八月 30, 2017 4:51:17 下午 org.apache.catalina.startup.VersionLoggerListener log
信息: JVM Vendor:            Oracle Corporation
八月 30, 2017 4:51:17 下午 org.apache.catalina.startup.VersionLoggerListener log
信息: CATALINA_BASE:         /Users/daihuijun/IdeaProjects/Tomcat7.0/catalina-home
八月 30, 2017 4:51:17 下午 org.apache.catalina.startup.VersionLoggerListener log
信息: CATALINA_HOME:         /Users/daihuijun/IdeaProjects/Tomcat7.0/catalina-home
八月 30, 2017 4:51:17 下午 org.apache.catalina.startup.VersionLoggerListener log
信息: Command line argument: -agentlib:jdwp=transport=dt_socket,address=127.0.0.1:54950,suspend=y,server=n
八月 30, 2017 4:51:17 下午 org.apache.catalina.startup.VersionLoggerListener log
信息: Command line argument: -Xms2g
八月 30, 2017 4:51:18 下午 org.apache.catalina.startup.VersionLoggerListener log
信息: Command line argument: -Xmx2g
八月 30, 2017 4:51:18 下午 org.apache.catalina.startup.VersionLoggerListener log
信息: Command line argument: -Dcatalina.home=catalina-home
八月 30, 2017 4:51:18 下午 org.apache.catalina.startup.VersionLoggerListener log
信息: Command line argument: -Dcatalina.base=catalina-home
八月 30, 2017 4:51:18 下午 org.apache.catalina.startup.VersionLoggerListener log
信息: Command line argument: -Djava.endorsed.dirs=catalina-home/endorsed
八月 30, 2017 4:51:18 下午 org.apache.catalina.startup.VersionLoggerListener log
信息: Command line argument: -Djava.io.tmpdir=catalina-home/temp
八月 30, 2017 4:51:18 下午 org.apache.catalina.startup.VersionLoggerListener log
信息: Command line argument: -Djava.util.logging.manager=org.apache.juli.ClassLoaderLogManager
八月 30, 2017 4:51:18 下午 org.apache.catalina.startup.VersionLoggerListener log
信息: Command line argument: -Djava.util.logging.config.file=catalina-home/conf/logging.properties
八月 30, 2017 4:51:18 下午 org.apache.catalina.startup.VersionLoggerListener log
信息: Command line argument: -Dfile.encoding=UTF-8
八月 30, 2017 4:51:18 下午 org.apache.catalina.core.AprLifecycleListener lifecycleEvent
信息: The APR based Apache Tomcat Native library which allows optimal performance in production environments was not found on the java.library.path: /Users/daihuijun/Library/Java/Extensions:/Library/Java/Extensions:/Network/Library/Java/Extensions:/System/Library/Java/Extensions:/usr/lib/java:.
八月 30, 2017 4:51:19 下午 org.apache.coyote.AbstractProtocol init
信息: Initializing ProtocolHandler ["http-bio-8080"]
八月 30, 2017 4:51:19 下午 org.apache.coyote.AbstractProtocol init
信息: Initializing ProtocolHandler ["ajp-bio-8009"]
八月 30, 2017 4:51:19 下午 org.apache.catalina.startup.Catalina load
信息: Initialization processed in 2999 ms
八月 30, 2017 4:51:19 下午 org.apache.catalina.core.StandardService startInternal
信息: Starting service Catalina
八月 30, 2017 4:51:19 下午 org.apache.catalina.core.StandardEngine startInternal
信息: Starting Servlet Engine: Apache Tomcat/@VERSION@
八月 30, 2017 4:51:19 下午 org.apache.catalina.startup.HostConfig deployDirectory
信息: Deploying web application directory /Users/daihuijun/IdeaProjects/Tomcat7.0/catalina-home/webapps/docs
八月 30, 2017 4:51:21 下午 org.apache.catalina.startup.TldConfig execute
信息: At least one JAR was scanned for TLDs yet contained no TLDs. Enable debug logging for this logger for a complete list of JARs that were scanned but no TLDs were found in them. Skipping unneeded JARs during scanning can improve startup time and JSP compilation time.
八月 30, 2017 4:51:22 下午 org.apache.catalina.startup.HostConfig deployDirectory
信息: Deployment of web application directory /Users/daihuijun/IdeaProjects/Tomcat7.0/catalina-home/webapps/docs has finished in 2,162 ms
八月 30, 2017 4:51:22 下午 org.apache.catalina.startup.HostConfig deployDirectory
信息: Deploying web application directory /Users/daihuijun/IdeaProjects/Tomcat7.0/catalina-home/webapps/examples
八月 30, 2017 4:51:23 下午 org.apache.catalina.startup.TldConfig execute
信息: At least one JAR was scanned for TLDs yet contained no TLDs. Enable debug logging for this logger for a complete list of JARs that were scanned but no TLDs were found in them. Skipping unneeded JARs during scanning can improve startup time and JSP compilation time.
八月 30, 2017 4:51:23 下午 org.apache.catalina.startup.HostConfig deployDirectory
信息: Deployment of web application directory /Users/daihuijun/IdeaProjects/Tomcat7.0/catalina-home/webapps/examples has finished in 1,704 ms
八月 30, 2017 4:51:23 下午 org.apache.catalina.startup.HostConfig deployDirectory
信息: Deploying web application directory /Users/daihuijun/IdeaProjects/Tomcat7.0/catalina-home/webapps/host-manager
八月 30, 2017 4:51:23 下午 org.apache.catalina.startup.TldConfig execute
信息: At least one JAR was scanned for TLDs yet contained no TLDs. Enable debug logging for this logger for a complete list of JARs that were scanned but no TLDs were found in them. Skipping unneeded JARs during scanning can improve startup time and JSP compilation time.
八月 30, 2017 4:51:23 下午 org.apache.catalina.startup.HostConfig deployDirectory
信息: Deployment of web application directory /Users/daihuijun/IdeaProjects/Tomcat7.0/catalina-home/webapps/host-manager has finished in 72 ms
八月 30, 2017 4:51:23 下午 org.apache.catalina.startup.HostConfig deployDirectory
信息: Deploying web application directory /Users/daihuijun/IdeaProjects/Tomcat7.0/catalina-home/webapps/manager
八月 30, 2017 4:51:23 下午 org.apache.catalina.startup.TldConfig execute
信息: At least one JAR was scanned for TLDs yet contained no TLDs. Enable debug logging for this logger for a complete list of JARs that were scanned but no TLDs were found in them. Skipping unneeded JARs during scanning can improve startup time and JSP compilation time.
八月 30, 2017 4:51:23 下午 org.apache.catalina.startup.HostConfig deployDirectory
信息: Deployment of web application directory /Users/daihuijun/IdeaProjects/Tomcat7.0/catalina-home/webapps/manager has finished in 78 ms
八月 30, 2017 4:51:23 下午 org.apache.catalina.startup.HostConfig deployDirectory
信息: Deploying web application directory /Users/daihuijun/IdeaProjects/Tomcat7.0/catalina-home/webapps/ROOT
八月 30, 2017 4:51:25 下午 org.apache.catalina.startup.TldConfig execute
信息: At least one JAR was scanned for TLDs yet contained no TLDs. Enable debug logging for this logger for a complete list of JARs that were scanned but no TLDs were found in them. Skipping unneeded JARs during scanning can improve startup time and JSP compilation time.
八月 30, 2017 4:51:25 下午 org.apache.catalina.startup.HostConfig deployDirectory
信息: Deployment of web application directory /Users/daihuijun/IdeaProjects/Tomcat7.0/catalina-home/webapps/ROOT has finished in 1,205 ms
八月 30, 2017 4:51:25 下午 org.apache.coyote.AbstractProtocol start
信息: Starting ProtocolHandler ["http-bio-8080"]
八月 30, 2017 4:51:25 下午 org.apache.coyote.AbstractProtocol start
信息: Starting ProtocolHandler ["ajp-bio-8009"]
八月 30, 2017 4:51:25 下午 org.apache.catalina.startup.Catalina start
信息: Server startup in 5395 ms
八月 30, 2017 4:51:31 下午 org.apache.coyote.AbstractProtocol pause
信息: Pausing ProtocolHandler ["http-bio-8080"]
八月 30, 2017 4:51:31 下午 org.apache.coyote.AbstractProtocol pause
信息: Pausing ProtocolHandler ["ajp-bio-8009"]
八月 30, 2017 4:51:31 下午 org.apache.catalina.core.StandardService stopInternal
信息: Stopping service Catalina
八月 30, 2017 4:51:31 下午 org.apache.coyote.AbstractProtocol stop
信息: Stopping ProtocolHandler ["http-bio-8080"]
八月 30, 2017 4:51:31 下午 org.apache.coyote.AbstractProtocol stop
信息: Stopping ProtocolHandler ["ajp-bio-8009"]
八月 30, 2017 4:51:31 下午 org.apache.coyote.AbstractProtocol destroy
信息: Destroying ProtocolHandler ["http-bio-8080"]
八月 30, 2017 4:51:31 下午 org.apache.coyote.AbstractProtocol destroy
信息: Destroying ProtocolHandler ["ajp-bio-8009"]
八月 30, 2017 4:56:00 下午 org.apache.catalina.startup.VersionLoggerListener log
信息: Server version:        Apache Tomcat/@VERSION@
八月 30, 2017 4:56:00 下午 org.apache.catalina.startup.VersionLoggerListener log
信息: Server built:          @VERSION_BUILT@
八月 30, 2017 4:56:00 下午 org.apache.catalina.startup.VersionLoggerListener log
信息: Server number:         @VERSION_NUMBER@
八月 30, 2017 4:56:00 下午 org.apache.catalina.startup.VersionLoggerListener log
信息: OS Name:               Mac OS X
八月 30, 2017 4:56:00 下午 org.apache.catalina.startup.VersionLoggerListener log
信息: OS Version:            10.12.6
八月 30, 2017 4:56:00 下午 org.apache.catalina.startup.VersionLoggerListener log
信息: Architecture:          x86_64
八月 30, 2017 4:56:00 下午 org.apache.catalina.startup.VersionLoggerListener log
信息: Java Home:             /Library/Java/JavaVirtualMachines/jdk1.8.0_112.jdk/Contents/Home/jre
八月 30, 2017 4:56:00 下午 org.apache.catalina.startup.VersionLoggerListener log
信息: JVM Version:           1.8.0_112-b16
八月 30, 2017 4:56:00 下午 org.apache.catalina.startup.VersionLoggerListener log
信息: JVM Vendor:            Oracle Corporation
八月 30, 2017 4:56:00 下午 org.apache.catalina.startup.VersionLoggerListener log
信息: CATALINA_BASE:         /Users/daihuijun/IdeaProjects/Tomcat7.0/catalina-home
八月 30, 2017 4:56:00 下午 org.apache.catalina.startup.VersionLoggerListener log
信息: CATALINA_HOME:         /Users/daihuijun/IdeaProjects/Tomcat7.0/catalina-home
八月 30, 2017 4:56:00 下午 org.apache.catalina.startup.VersionLoggerListener log
信息: Command line argument: -agentlib:jdwp=transport=dt_socket,address=127.0.0.1:54985,suspend=y,server=n
八月 30, 2017 4:56:00 下午 org.apache.catalina.startup.VersionLoggerListener log
信息: Command line argument: -Xms2g
八月 30, 2017 4:56:00 下午 org.apache.catalina.startup.VersionLoggerListener log
信息: Command line argument: -Xmx2g
八月 30, 2017 4:56:00 下午 org.apache.catalina.startup.VersionLoggerListener log
信息: Command line argument: -Dcatalina.home=catalina-home
八月 30, 2017 4:56:00 下午 org.apache.catalina.startup.VersionLoggerListener log
信息: Command line argument: -Dcatalina.base=catalina-home
八月 30, 2017 4:56:00 下午 org.apache.catalina.startup.VersionLoggerListener log
信息: Command line argument: -Djava.endorsed.dirs=catalina-home/endorsed
八月 30, 2017 4:56:00 下午 org.apache.catalina.startup.VersionLoggerListener log
信息: Command line argument: -Djava.io.tmpdir=catalina-home/temp
八月 30, 2017 4:56:00 下午 org.apache.catalina.startup.VersionLoggerListener log
信息: Command line argument: -Djava.util.logging.manager=org.apache.juli.ClassLoaderLogManager
八月 30, 2017 4:56:00 下午 org.apache.catalina.startup.VersionLoggerListener log
信息: Command line argument: -Djava.util.logging.config.file=catalina-home/conf/logging.properties
八月 30, 2017 4:56:00 下午 org.apache.catalina.startup.VersionLoggerListener log
信息: Command line argument: -Dfile.encoding=UTF-8
八月 30, 2017 4:56:00 下午 org.apache.catalina.core.AprLifecycleListener lifecycleEvent
信息: The APR based Apache Tomcat Native library which allows optimal performance in production environments was not found on the java.library.path: /Users/daihuijun/Library/Java/Extensions:/Library/Java/Extensions:/Network/Library/Java/Extensions:/System/Library/Java/Extensions:/usr/lib/java:.
八月 30, 2017 4:56:00 下午 org.apache.coyote.AbstractProtocol init
信息: Initializing ProtocolHandler ["http-bio-8080"]
八月 30, 2017 4:56:00 下午 org.apache.coyote.AbstractProtocol init
信息: Initializing ProtocolHandler ["ajp-bio-8009"]
八月 30, 2017 4:56:00 下午 org.apache.catalina.startup.Catalina load
信息: Initialization processed in 531 ms
八月 30, 2017 4:56:00 下午 org.apache.catalina.core.StandardService startInternal
信息: Starting service Catalina
八月 30, 2017 4:56:00 下午 org.apache.catalina.core.StandardEngine startInternal
信息: Starting Servlet Engine: Apache Tomcat/@VERSION@
八月 30, 2017 4:56:00 下午 org.apache.catalina.startup.HostConfig deployDirectory
信息: Deploying web application directory /Users/daihuijun/IdeaProjects/Tomcat7.0/catalina-home/webapps/docs
八月 30, 2017 4:56:02 下午 org.apache.catalina.startup.TldConfig execute
信息: At least one JAR was scanned for TLDs yet contained no TLDs. Enable debug logging for this logger for a complete list of JARs that were scanned but no TLDs were found in them. Skipping unneeded JARs during scanning can improve startup time and JSP compilation time.
八月 30, 2017 4:56:02 下午 org.apache.catalina.startup.HostConfig deployDirectory
信息: Deployment of web application directory /Users/daihuijun/IdeaProjects/Tomcat7.0/catalina-home/webapps/docs has finished in 2,319 ms
八月 30, 2017 4:56:02 下午 org.apache.catalina.startup.HostConfig deployDirectory
信息: Deploying web application directory /Users/daihuijun/IdeaProjects/Tomcat7.0/catalina-home/webapps/examples
八月 30, 2017 4:56:04 下午 org.apache.catalina.startup.TldConfig execute
信息: At least one JAR was scanned for TLDs yet contained no TLDs. Enable debug logging for this logger for a complete list of JARs that were scanned but no TLDs were found in them. Skipping unneeded JARs during scanning can improve startup time and JSP compilation time.
八月 30, 2017 4:56:04 下午 org.apache.catalina.startup.HostConfig deployDirectory
信息: Deployment of web application directory /Users/daihuijun/IdeaProjects/Tomcat7.0/catalina-home/webapps/examples has finished in 1,921 ms
八月 30, 2017 4:56:04 下午 org.apache.catalina.startup.HostConfig deployDirectory
信息: Deploying web application directory /Users/daihuijun/IdeaProjects/Tomcat7.0/catalina-home/webapps/host-manager
八月 30, 2017 4:56:04 下午 org.apache.catalina.startup.TldConfig execute
信息: At least one JAR was scanned for TLDs yet contained no TLDs. Enable debug logging for this logger for a complete list of JARs that were scanned but no TLDs were found in them. Skipping unneeded JARs during scanning can improve startup time and JSP compilation time.
八月 30, 2017 4:56:04 下午 org.apache.catalina.startup.HostConfig deployDirectory
信息: Deployment of web application directory /Users/daihuijun/IdeaProjects/Tomcat7.0/catalina-home/webapps/host-manager has finished in 77 ms
八月 30, 2017 4:56:04 下午 org.apache.catalina.startup.HostConfig deployDirectory
信息: Deploying web application directory /Users/daihuijun/IdeaProjects/Tomcat7.0/catalina-home/webapps/manager
八月 30, 2017 4:56:04 下午 org.apache.catalina.startup.TldConfig execute
信息: At least one JAR was scanned for TLDs yet contained no TLDs. Enable debug logging for this logger for a complete list of JARs that were scanned but no TLDs were found in them. Skipping unneeded JARs during scanning can improve startup time and JSP compilation time.
八月 30, 2017 4:56:04 下午 org.apache.catalina.startup.HostConfig deployDirectory
信息: Deployment of web application directory /Users/daihuijun/IdeaProjects/Tomcat7.0/catalina-home/webapps/manager has finished in 76 ms
八月 30, 2017 4:56:04 下午 org.apache.catalina.startup.HostConfig deployDirectory
信息: Deploying web application directory /Users/daihuijun/IdeaProjects/Tomcat7.0/catalina-home/webapps/ROOT
八月 30, 2017 4:56:06 下午 org.apache.catalina.startup.TldConfig execute
信息: At least one JAR was scanned for TLDs yet contained no TLDs. Enable debug logging for this logger for a complete list of JARs that were scanned but no TLDs were found in them. Skipping unneeded JARs during scanning can improve startup time and JSP compilation time.
八月 30, 2017 4:56:06 下午 org.apache.catalina.startup.HostConfig deployDirectory
信息: Deployment of web application directory /Users/daihuijun/IdeaProjects/Tomcat7.0/catalina-home/webapps/ROOT has finished in 1,230 ms
八月 30, 2017 4:56:06 下午 org.apache.coyote.AbstractProtocol start
信息: Starting ProtocolHandler ["http-bio-8080"]
八月 30, 2017 4:56:06 下午 org.apache.coyote.AbstractProtocol start
信息: Starting ProtocolHandler ["ajp-bio-8009"]
八月 30, 2017 4:56:06 下午 org.apache.catalina.startup.Catalina start
信息: Server startup in 5672 ms
八月 30, 2017 4:59:55 下午 org.apache.catalina.startup.VersionLoggerListener log
信息: Server version:        Apache Tomcat/@VERSION@
八月 30, 2017 4:59:55 下午 org.apache.catalina.startup.VersionLoggerListener log
信息: Server built:          @VERSION_BUILT@
八月 30, 2017 4:59:55 下午 org.apache.catalina.startup.VersionLoggerListener log
信息: Server number:         @VERSION_NUMBER@
八月 30, 2017 4:59:55 下午 org.apache.catalina.startup.VersionLoggerListener log
信息: OS Name:               Mac OS X
八月 30, 2017 4:59:55 下午 org.apache.catalina.startup.VersionLoggerListener log
信息: OS Version:            10.12.6
八月 30, 2017 4:59:55 下午 org.apache.catalina.startup.VersionLoggerListener log
信息: Architecture:          x86_64
八月 30, 2017 4:59:55 下午 org.apache.catalina.startup.VersionLoggerListener log
信息: Java Home:             /Library/Java/JavaVirtualMachines/jdk1.8.0_112.jdk/Contents/Home/jre
八月 30, 2017 4:59:55 下午 org.apache.catalina.startup.VersionLoggerListener log
信息: JVM Version:           1.8.0_112-b16
八月 30, 2017 4:59:55 下午 org.apache.catalina.startup.VersionLoggerListener log
信息: JVM Vendor:            Oracle Corporation
八月 30, 2017 4:59:55 下午 org.apache.catalina.startup.VersionLoggerListener log
信息: CATALINA_BASE:         /Users/daihuijun/IdeaProjects/Tomcat7.0/catalina-home
八月 30, 2017 4:59:55 下午 org.apache.catalina.startup.VersionLoggerListener log
信息: CATALINA_HOME:         /Users/daihuijun/IdeaProjects/Tomcat7.0/catalina-home
八月 30, 2017 4:59:55 下午 org.apache.catalina.startup.VersionLoggerListener log
信息: Command line argument: -agentlib:jdwp=transport=dt_socket,address=127.0.0.1:55090,suspend=y,server=n
八月 30, 2017 4:59:55 下午 org.apache.catalina.startup.VersionLoggerListener log
信息: Command line argument: -Xms2g
八月 30, 2017 4:59:55 下午 org.apache.catalina.startup.VersionLoggerListener log
信息: Command line argument: -Xmx2g
八月 30, 2017 4:59:55 下午 org.apache.catalina.startup.VersionLoggerListener log
信息: Command line argument: -Dcatalina.home=catalina-home
八月 30, 2017 4:59:55 下午 org.apache.catalina.startup.VersionLoggerListener log
信息: Command line argument: -Dcatalina.base=catalina-home
八月 30, 2017 4:59:55 下午 org.apache.catalina.startup.VersionLoggerListener log
信息: Command line argument: -Djava.endorsed.dirs=catalina-home/endorsed
八月 30, 2017 4:59:55 下午 org.apache.catalina.startup.VersionLoggerListener log
信息: Command line argument: -Djava.io.tmpdir=catalina-home/temp
八月 30, 2017 4:59:55 下午 org.apache.catalina.startup.VersionLoggerListener log
信息: Command line argument: -Djava.util.logging.manager=org.apache.juli.ClassLoaderLogManager
八月 30, 2017 4:59:55 下午 org.apache.catalina.startup.VersionLoggerListener log
信息: Command line argument: -Djava.util.logging.config.file=catalina-home/conf/logging.properties
八月 30, 2017 4:59:55 下午 org.apache.catalina.startup.VersionLoggerListener log
信息: Command line argument: -Dfile.encoding=UTF-8
八月 30, 2017 4:59:55 下午 org.apache.catalina.core.AprLifecycleListener lifecycleEvent
信息: The APR based Apache Tomcat Native library which allows optimal performance in production environments was not found on the java.library.path: /Users/daihuijun/Library/Java/Extensions:/Library/Java/Extensions:/Network/Library/Java/Extensions:/System/Library/Java/Extensions:/usr/lib/java:.
八月 30, 2017 4:59:55 下午 org.apache.coyote.AbstractProtocol init
信息: Initializing ProtocolHandler ["http-bio-8080"]
八月 30, 2017 4:59:55 下午 org.apache.coyote.AbstractProtocol init
严重: Failed to initialize end point associated with ProtocolHandler ["http-bio-8080"]
java.net.BindException: Address already in use (Bind failed) <null>:8080
	at org.apache.tomcat.util.net.JIoEndpoint.bind(JIoEndpoint.java:413)
	at org.apache.tomcat.util.net.AbstractEndpoint.init(AbstractEndpoint.java:715)
	at org.apache.coyote.AbstractProtocol.init(AbstractProtocol.java:452)
	at org.apache.coyote.http11.AbstractHttp11JsseProtocol.init(AbstractHttp11JsseProtocol.java:119)
	at org.apache.catalina.connector.Connector.initInternal(Connector.java:978)
	at org.apache.catalina.util.LifecycleBase.init(LifecycleBase.java:102)
	at org.apache.catalina.core.StandardService.initInternal(StandardService.java:560)
	at org.apache.catalina.util.LifecycleBase.init(LifecycleBase.java:102)
	at org.apache.catalina.core.StandardServer.initInternal(StandardServer.java:840)
	at org.apache.catalina.util.LifecycleBase.init(LifecycleBase.java:102)
	at org.apache.catalina.startup.Catalina.load(Catalina.java:642)
	at sun.reflect.NativeMethodAccessorImpl.invoke0(Native Method)
	at sun.reflect.NativeMethodAccessorImpl.invoke(NativeMethodAccessorImpl.java:62)
	at sun.reflect.DelegatingMethodAccessorImpl.invoke(DelegatingMethodAccessorImpl.java:43)
	at java.lang.reflect.Method.invoke(Method.java:498)
	at org.apache.catalina.startup.Bootstrap.load(Bootstrap.java:253)
	at org.apache.catalina.startup.Bootstrap.main(Bootstrap.java:427)
Caused by: java.net.BindException: Address already in use (Bind failed)
	at java.net.PlainSocketImpl.socketBind(Native Method)
	at java.net.AbstractPlainSocketImpl.bind(AbstractPlainSocketImpl.java:387)
	at java.net.ServerSocket.bind(ServerSocket.java:375)
	at java.net.ServerSocket.<init>(ServerSocket.java:237)
	at java.net.ServerSocket.<init>(ServerSocket.java:181)
	at org.apache.tomcat.util.net.DefaultServerSocketFactory.createSocket(DefaultServerSocketFactory.java:49)
	at org.apache.tomcat.util.net.JIoEndpoint.bind(JIoEndpoint.java:400)
	... 16 more

八月 30, 2017 4:59:55 下午 org.apache.catalina.core.StandardService initInternal
严重: Failed to initialize connector [Connector[HTTP/1.1-8080]]
org.apache.catalina.LifecycleException: Failed to initialize component [Connector[HTTP/1.1-8080]]
	at org.apache.catalina.util.LifecycleBase.init(LifecycleBase.java:108)
	at org.apache.catalina.core.StandardService.initInternal(StandardService.java:560)
	at org.apache.catalina.util.LifecycleBase.init(LifecycleBase.java:102)
	at org.apache.catalina.core.StandardServer.initInternal(StandardServer.java:840)
	at org.apache.catalina.util.LifecycleBase.init(LifecycleBase.java:102)
	at org.apache.catalina.startup.Catalina.load(Catalina.java:642)
	at sun.reflect.NativeMethodAccessorImpl.invoke0(Native Method)
	at sun.reflect.NativeMethodAccessorImpl.invoke(NativeMethodAccessorImpl.java:62)
	at sun.reflect.DelegatingMethodAccessorImpl.invoke(DelegatingMethodAccessorImpl.java:43)
	at java.lang.reflect.Method.invoke(Method.java:498)
	at org.apache.catalina.startup.Bootstrap.load(Bootstrap.java:253)
	at org.apache.catalina.startup.Bootstrap.main(Bootstrap.java:427)
Caused by: org.apache.catalina.LifecycleException: Protocol handler initialization failed
	at org.apache.catalina.connector.Connector.initInternal(Connector.java:982)
	at org.apache.catalina.util.LifecycleBase.init(LifecycleBase.java:102)
	... 11 more
Caused by: java.net.BindException: Address already in use (Bind failed) <null>:8080
	at org.apache.tomcat.util.net.JIoEndpoint.bind(JIoEndpoint.java:413)
	at org.apache.tomcat.util.net.AbstractEndpoint.init(AbstractEndpoint.java:715)
	at org.apache.coyote.AbstractProtocol.init(AbstractProtocol.java:452)
	at org.apache.coyote.http11.AbstractHttp11JsseProtocol.init(AbstractHttp11JsseProtocol.java:119)
	at org.apache.catalina.connector.Connector.initInternal(Connector.java:978)
	... 12 more
Caused by: java.net.BindException: Address already in use (Bind failed)
	at java.net.PlainSocketImpl.socketBind(Native Method)
	at java.net.AbstractPlainSocketImpl.bind(AbstractPlainSocketImpl.java:387)
	at java.net.ServerSocket.bind(ServerSocket.java:375)
	at java.net.ServerSocket.<init>(ServerSocket.java:237)
	at java.net.ServerSocket.<init>(ServerSocket.java:181)
	at org.apache.tomcat.util.net.DefaultServerSocketFactory.createSocket(DefaultServerSocketFactory.java:49)
	at org.apache.tomcat.util.net.JIoEndpoint.bind(JIoEndpoint.java:400)
	... 16 more

八月 30, 2017 4:59:55 下午 org.apache.coyote.AbstractProtocol init
信息: Initializing ProtocolHandler ["ajp-bio-8009"]
八月 30, 2017 4:59:55 下午 org.apache.coyote.AbstractProtocol init
严重: Failed to initialize end point associated with ProtocolHandler ["ajp-bio-8009"]
java.net.BindException: Address already in use (Bind failed) <null>:8009
	at org.apache.tomcat.util.net.JIoEndpoint.bind(JIoEndpoint.java:413)
	at org.apache.tomcat.util.net.AbstractEndpoint.init(AbstractEndpoint.java:715)
	at org.apache.coyote.AbstractProtocol.init(AbstractProtocol.java:452)
	at org.apache.catalina.connector.Connector.initInternal(Connector.java:978)
	at org.apache.catalina.util.LifecycleBase.init(LifecycleBase.java:102)
	at org.apache.catalina.core.StandardService.initInternal(StandardService.java:560)
	at org.apache.catalina.util.LifecycleBase.init(LifecycleBase.java:102)
	at org.apache.catalina.core.StandardServer.initInternal(StandardServer.java:840)
	at org.apache.catalina.util.LifecycleBase.init(LifecycleBase.java:102)
	at org.apache.catalina.startup.Catalina.load(Catalina.java:642)
	at sun.reflect.NativeMethodAccessorImpl.invoke0(Native Method)
	at sun.reflect.NativeMethodAccessorImpl.invoke(NativeMethodAccessorImpl.java:62)
	at sun.reflect.DelegatingMethodAccessorImpl.invoke(DelegatingMethodAccessorImpl.java:43)
	at java.lang.reflect.Method.invoke(Method.java:498)
	at org.apache.catalina.startup.Bootstrap.load(Bootstrap.java:253)
	at org.apache.catalina.startup.Bootstrap.main(Bootstrap.java:427)
Caused by: java.net.BindException: Address already in use (Bind failed)
	at java.net.PlainSocketImpl.socketBind(Native Method)
	at java.net.AbstractPlainSocketImpl.bind(AbstractPlainSocketImpl.java:387)
	at java.net.ServerSocket.bind(ServerSocket.java:375)
	at java.net.ServerSocket.<init>(ServerSocket.java:237)
	at java.net.ServerSocket.<init>(ServerSocket.java:181)
	at org.apache.tomcat.util.net.DefaultServerSocketFactory.createSocket(DefaultServerSocketFactory.java:49)
	at org.apache.tomcat.util.net.JIoEndpoint.bind(JIoEndpoint.java:400)
	... 15 more

八月 30, 2017 4:59:55 下午 org.apache.catalina.core.StandardService initInternal
严重: Failed to initialize connector [Connector[AJP/1.3-8009]]
org.apache.catalina.LifecycleException: Failed to initialize component [Connector[AJP/1.3-8009]]
	at org.apache.catalina.util.LifecycleBase.init(LifecycleBase.java:108)
	at org.apache.catalina.core.StandardService.initInternal(StandardService.java:560)
	at org.apache.catalina.util.LifecycleBase.init(LifecycleBase.java:102)
	at org.apache.catalina.core.StandardServer.initInternal(StandardServer.java:840)
	at org.apache.catalina.util.LifecycleBase.init(LifecycleBase.java:102)
	at org.apache.catalina.startup.Catalina.load(Catalina.java:642)
	at sun.reflect.NativeMethodAccessorImpl.invoke0(Native Method)
	at sun.reflect.NativeMethodAccessorImpl.invoke(NativeMethodAccessorImpl.java:62)
	at sun.reflect.DelegatingMethodAccessorImpl.invoke(DelegatingMethodAccessorImpl.java:43)
	at java.lang.reflect.Method.invoke(Method.java:498)
	at org.apache.catalina.startup.Bootstrap.load(Bootstrap.java:253)
	at org.apache.catalina.startup.Bootstrap.main(Bootstrap.java:427)
Caused by: org.apache.catalina.LifecycleException: Protocol handler initialization failed
	at org.apache.catalina.connector.Connector.initInternal(Connector.java:982)
	at org.apache.catalina.util.LifecycleBase.init(LifecycleBase.java:102)
	... 11 more
Caused by: java.net.BindException: Address already in use (Bind failed) <null>:8009
	at org.apache.tomcat.util.net.JIoEndpoint.bind(JIoEndpoint.java:413)
	at org.apache.tomcat.util.net.AbstractEndpoint.init(AbstractEndpoint.java:715)
	at org.apache.coyote.AbstractProtocol.init(AbstractProtocol.java:452)
	at org.apache.catalina.connector.Connector.initInternal(Connector.java:978)
	... 12 more
Caused by: java.net.BindException: Address already in use (Bind failed)
	at java.net.PlainSocketImpl.socketBind(Native Method)
	at java.net.AbstractPlainSocketImpl.bind(AbstractPlainSocketImpl.java:387)
	at java.net.ServerSocket.bind(ServerSocket.java:375)
	at java.net.ServerSocket.<init>(ServerSocket.java:237)
	at java.net.ServerSocket.<init>(ServerSocket.java:181)
	at org.apache.tomcat.util.net.DefaultServerSocketFactory.createSocket(DefaultServerSocketFactory.java:49)
	at org.apache.tomcat.util.net.JIoEndpoint.bind(JIoEndpoint.java:400)
	... 15 more

八月 30, 2017 4:59:55 下午 org.apache.catalina.startup.Catalina load
信息: Initialization processed in 500 ms
八月 30, 2017 4:59:55 下午 org.apache.catalina.core.StandardService startInternal
信息: Starting service Catalina
八月 30, 2017 4:59:55 下午 org.apache.catalina.core.StandardEngine startInternal
信息: Starting Servlet Engine: Apache Tomcat/@VERSION@
八月 30, 2017 4:59:55 下午 org.apache.catalina.startup.HostConfig deployDirectory
信息: Deploying web application directory /Users/daihuijun/IdeaProjects/Tomcat7.0/catalina-home/webapps/docs
八月 30, 2017 4:59:58 下午 org.apache.catalina.startup.TldConfig execute
信息: At least one JAR was scanned for TLDs yet contained no TLDs. Enable debug logging for this logger for a complete list of JARs that were scanned but no TLDs were found in them. Skipping unneeded JARs during scanning can improve startup time and JSP compilation time.
八月 30, 2017 4:59:58 下午 org.apache.catalina.startup.HostConfig deployDirectory
信息: Deployment of web application directory /Users/daihuijun/IdeaProjects/Tomcat7.0/catalina-home/webapps/docs has finished in 2,475 ms
八月 30, 2017 4:59:58 下午 org.apache.catalina.startup.HostConfig deployDirectory
信息: Deploying web application directory /Users/daihuijun/IdeaProjects/Tomcat7.0/catalina-home/webapps/examples
八月 30, 2017 5:00:00 下午 org.apache.catalina.startup.TldConfig execute
信息: At least one JAR was scanned for TLDs yet contained no TLDs. Enable debug logging for this logger for a complete list of JARs that were scanned but no TLDs were found in them. Skipping unneeded JARs during scanning can improve startup time and JSP compilation time.
八月 30, 2017 5:00:00 下午 org.apache.catalina.startup.HostConfig deployDirectory
信息: Deployment of web application directory /Users/daihuijun/IdeaProjects/Tomcat7.0/catalina-home/webapps/examples has finished in 2,009 ms
八月 30, 2017 5:00:00 下午 org.apache.catalina.startup.HostConfig deployDirectory
信息: Deploying web application directory /Users/daihuijun/IdeaProjects/Tomcat7.0/catalina-home/webapps/host-manager
八月 30, 2017 5:00:00 下午 org.apache.catalina.startup.TldConfig execute
信息: At least one JAR was scanned for TLDs yet contained no TLDs. Enable debug logging for this logger for a complete list of JARs that were scanned but no TLDs were found in them. Skipping unneeded JARs during scanning can improve startup time and JSP compilation time.
八月 30, 2017 5:00:00 下午 org.apache.catalina.startup.HostConfig deployDirectory
信息: Deployment of web application directory /Users/daihuijun/IdeaProjects/Tomcat7.0/catalina-home/webapps/host-manager has finished in 92 ms
八月 30, 2017 5:00:00 下午 org.apache.catalina.startup.HostConfig deployDirectory
信息: Deploying web application directory /Users/daihuijun/IdeaProjects/Tomcat7.0/catalina-home/webapps/manager
八月 30, 2017 5:00:00 下午 org.apache.catalina.startup.TldConfig execute
信息: At least one JAR was scanned for TLDs yet contained no TLDs. Enable debug logging for this logger for a complete list of JARs that were scanned but no TLDs were found in them. Skipping unneeded JARs during scanning can improve startup time and JSP compilation time.
八月 30, 2017 5:00:00 下午 org.apache.catalina.startup.HostConfig deployDirectory
信息: Deployment of web application directory /Users/daihuijun/IdeaProjects/Tomcat7.0/catalina-home/webapps/manager has finished in 89 ms
八月 30, 2017 5:00:00 下午 org.apache.catalina.startup.HostConfig deployDirectory
信息: Deploying web application directory /Users/daihuijun/IdeaProjects/Tomcat7.0/catalina-home/webapps/ROOT
八月 30, 2017 5:00:36 下午 org.apache.catalina.startup.VersionLoggerListener log
信息: Server version:        Apache Tomcat/@VERSION@
八月 30, 2017 5:00:36 下午 org.apache.catalina.startup.VersionLoggerListener log
信息: Server built:          @VERSION_BUILT@
八月 30, 2017 5:00:36 下午 org.apache.catalina.startup.VersionLoggerListener log
信息: Server number:         @VERSION_NUMBER@
八月 30, 2017 5:00:36 下午 org.apache.catalina.startup.VersionLoggerListener log
信息: OS Name:               Mac OS X
八月 30, 2017 5:00:36 下午 org.apache.catalina.startup.VersionLoggerListener log
信息: OS Version:            10.12.6
八月 30, 2017 5:00:36 下午 org.apache.catalina.startup.VersionLoggerListener log
信息: Architecture:          x86_64
八月 30, 2017 5:00:36 下午 org.apache.catalina.startup.VersionLoggerListener log
信息: Java Home:             /Library/Java/JavaVirtualMachines/jdk1.8.0_112.jdk/Contents/Home/jre
八月 30, 2017 5:00:36 下午 org.apache.catalina.startup.VersionLoggerListener log
信息: JVM Version:           1.8.0_112-b16
八月 30, 2017 5:00:36 下午 org.apache.catalina.startup.VersionLoggerListener log
信息: JVM Vendor:            Oracle Corporation
八月 30, 2017 5:00:36 下午 org.apache.catalina.startup.VersionLoggerListener log
信息: CATALINA_BASE:         /Users/daihuijun/IdeaProjects/Tomcat7.0/catalina-home
八月 30, 2017 5:00:36 下午 org.apache.catalina.startup.VersionLoggerListener log
信息: CATALINA_HOME:         /Users/daihuijun/IdeaProjects/Tomcat7.0/catalina-home
八月 30, 2017 5:00:36 下午 org.apache.catalina.startup.VersionLoggerListener log
信息: Command line argument: -agentlib:jdwp=transport=dt_socket,address=127.0.0.1:55094,suspend=y,server=n
八月 30, 2017 5:00:36 下午 org.apache.catalina.startup.VersionLoggerListener log
信息: Command line argument: -Xms2g
八月 30, 2017 5:00:36 下午 org.apache.catalina.startup.VersionLoggerListener log
信息: Command line argument: -Xmx2g
八月 30, 2017 5:00:36 下午 org.apache.catalina.startup.VersionLoggerListener log
信息: Command line argument: -Dcatalina.home=catalina-home
八月 30, 2017 5:00:36 下午 org.apache.catalina.startup.VersionLoggerListener log
信息: Command line argument: -Dcatalina.base=catalina-home
八月 30, 2017 5:00:36 下午 org.apache.catalina.startup.VersionLoggerListener log
信息: Command line argument: -Djava.endorsed.dirs=catalina-home/endorsed
八月 30, 2017 5:00:36 下午 org.apache.catalina.startup.VersionLoggerListener log
信息: Command line argument: -Djava.io.tmpdir=catalina-home/temp
八月 30, 2017 5:00:36 下午 org.apache.catalina.startup.VersionLoggerListener log
信息: Command line argument: -Djava.util.logging.manager=org.apache.juli.ClassLoaderLogManager
八月 30, 2017 5:00:36 下午 org.apache.catalina.startup.VersionLoggerListener log
信息: Command line argument: -Djava.util.logging.config.file=catalina-home/conf/logging.properties
八月 30, 2017 5:00:36 下午 org.apache.catalina.startup.VersionLoggerListener log
信息: Command line argument: -Dfile.encoding=UTF-8
八月 30, 2017 5:00:36 下午 org.apache.catalina.core.AprLifecycleListener lifecycleEvent
信息: The APR based Apache Tomcat Native library which allows optimal performance in production environments was not found on the java.library.path: /Users/daihuijun/Library/Java/Extensions:/Library/Java/Extensions:/Network/Library/Java/Extensions:/System/Library/Java/Extensions:/usr/lib/java:.
八月 30, 2017 5:00:36 下午 org.apache.coyote.AbstractProtocol init
信息: Initializing ProtocolHandler ["http-bio-8080"]
八月 30, 2017 5:00:36 下午 org.apache.coyote.AbstractProtocol init
严重: Failed to initialize end point associated with ProtocolHandler ["http-bio-8080"]
java.net.BindException: Address already in use (Bind failed) <null>:8080
	at org.apache.tomcat.util.net.JIoEndpoint.bind(JIoEndpoint.java:413)
	at org.apache.tomcat.util.net.AbstractEndpoint.init(AbstractEndpoint.java:715)
	at org.apache.coyote.AbstractProtocol.init(AbstractProtocol.java:452)
	at org.apache.coyote.http11.AbstractHttp11JsseProtocol.init(AbstractHttp11JsseProtocol.java:119)
	at org.apache.catalina.connector.Connector.initInternal(Connector.java:978)
	at org.apache.catalina.util.LifecycleBase.init(LifecycleBase.java:102)
	at org.apache.catalina.core.StandardService.initInternal(StandardService.java:560)
	at org.apache.catalina.util.LifecycleBase.init(LifecycleBase.java:102)
	at org.apache.catalina.core.StandardServer.initInternal(StandardServer.java:840)
	at org.apache.catalina.util.LifecycleBase.init(LifecycleBase.java:102)
	at org.apache.catalina.startup.Catalina.load(Catalina.java:642)
	at sun.reflect.NativeMethodAccessorImpl.invoke0(Native Method)
	at sun.reflect.NativeMethodAccessorImpl.invoke(NativeMethodAccessorImpl.java:62)
	at sun.reflect.DelegatingMethodAccessorImpl.invoke(DelegatingMethodAccessorImpl.java:43)
	at java.lang.reflect.Method.invoke(Method.java:498)
	at org.apache.catalina.startup.Bootstrap.load(Bootstrap.java:253)
	at org.apache.catalina.startup.Bootstrap.main(Bootstrap.java:427)
Caused by: java.net.BindException: Address already in use (Bind failed)
	at java.net.PlainSocketImpl.socketBind(Native Method)
	at java.net.AbstractPlainSocketImpl.bind(AbstractPlainSocketImpl.java:387)
	at java.net.ServerSocket.bind(ServerSocket.java:375)
	at java.net.ServerSocket.<init>(ServerSocket.java:237)
	at java.net.ServerSocket.<init>(ServerSocket.java:181)
	at org.apache.tomcat.util.net.DefaultServerSocketFactory.createSocket(DefaultServerSocketFactory.java:49)
	at org.apache.tomcat.util.net.JIoEndpoint.bind(JIoEndpoint.java:400)
	... 16 more

八月 30, 2017 5:00:36 下午 org.apache.catalina.core.StandardService initInternal
严重: Failed to initialize connector [Connector[HTTP/1.1-8080]]
org.apache.catalina.LifecycleException: Failed to initialize component [Connector[HTTP/1.1-8080]]
	at org.apache.catalina.util.LifecycleBase.init(LifecycleBase.java:108)
	at org.apache.catalina.core.StandardService.initInternal(StandardService.java:560)
	at org.apache.catalina.util.LifecycleBase.init(LifecycleBase.java:102)
	at org.apache.catalina.core.StandardServer.initInternal(StandardServer.java:840)
	at org.apache.catalina.util.LifecycleBase.init(LifecycleBase.java:102)
	at org.apache.catalina.startup.Catalina.load(Catalina.java:642)
	at sun.reflect.NativeMethodAccessorImpl.invoke0(Native Method)
	at sun.reflect.NativeMethodAccessorImpl.invoke(NativeMethodAccessorImpl.java:62)
	at sun.reflect.DelegatingMethodAccessorImpl.invoke(DelegatingMethodAccessorImpl.java:43)
	at java.lang.reflect.Method.invoke(Method.java:498)
	at org.apache.catalina.startup.Bootstrap.load(Bootstrap.java:253)
	at org.apache.catalina.startup.Bootstrap.main(Bootstrap.java:427)
Caused by: org.apache.catalina.LifecycleException: Protocol handler initialization failed
	at org.apache.catalina.connector.Connector.initInternal(Connector.java:982)
	at org.apache.catalina.util.LifecycleBase.init(LifecycleBase.java:102)
	... 11 more
Caused by: java.net.BindException: Address already in use (Bind failed) <null>:8080
	at org.apache.tomcat.util.net.JIoEndpoint.bind(JIoEndpoint.java:413)
	at org.apache.tomcat.util.net.AbstractEndpoint.init(AbstractEndpoint.java:715)
	at org.apache.coyote.AbstractProtocol.init(AbstractProtocol.java:452)
	at org.apache.coyote.http11.AbstractHttp11JsseProtocol.init(AbstractHttp11JsseProtocol.java:119)
	at org.apache.catalina.connector.Connector.initInternal(Connector.java:978)
	... 12 more
Caused by: java.net.BindException: Address already in use (Bind failed)
	at java.net.PlainSocketImpl.socketBind(Native Method)
	at java.net.AbstractPlainSocketImpl.bind(AbstractPlainSocketImpl.java:387)
	at java.net.ServerSocket.bind(ServerSocket.java:375)
	at java.net.ServerSocket.<init>(ServerSocket.java:237)
	at java.net.ServerSocket.<init>(ServerSocket.java:181)
	at org.apache.tomcat.util.net.DefaultServerSocketFactory.createSocket(DefaultServerSocketFactory.java:49)
	at org.apache.tomcat.util.net.JIoEndpoint.bind(JIoEndpoint.java:400)
	... 16 more

八月 30, 2017 5:00:36 下午 org.apache.coyote.AbstractProtocol init
信息: Initializing ProtocolHandler ["ajp-bio-8009"]
八月 30, 2017 5:00:36 下午 org.apache.coyote.AbstractProtocol init
严重: Failed to initialize end point associated with ProtocolHandler ["ajp-bio-8009"]
java.net.BindException: Address already in use (Bind failed) <null>:8009
	at org.apache.tomcat.util.net.JIoEndpoint.bind(JIoEndpoint.java:413)
	at org.apache.tomcat.util.net.AbstractEndpoint.init(AbstractEndpoint.java:715)
	at org.apache.coyote.AbstractProtocol.init(AbstractProtocol.java:452)
	at org.apache.catalina.connector.Connector.initInternal(Connector.java:978)
	at org.apache.catalina.util.LifecycleBase.init(LifecycleBase.java:102)
	at org.apache.catalina.core.StandardService.initInternal(StandardService.java:560)
	at org.apache.catalina.util.LifecycleBase.init(LifecycleBase.java:102)
	at org.apache.catalina.core.StandardServer.initInternal(StandardServer.java:840)
	at org.apache.catalina.util.LifecycleBase.init(LifecycleBase.java:102)
	at org.apache.catalina.startup.Catalina.load(Catalina.java:642)
	at sun.reflect.NativeMethodAccessorImpl.invoke0(Native Method)
	at sun.reflect.NativeMethodAccessorImpl.invoke(NativeMethodAccessorImpl.java:62)
	at sun.reflect.DelegatingMethodAccessorImpl.invoke(DelegatingMethodAccessorImpl.java:43)
	at java.lang.reflect.Method.invoke(Method.java:498)
	at org.apache.catalina.startup.Bootstrap.load(Bootstrap.java:253)
	at org.apache.catalina.startup.Bootstrap.main(Bootstrap.java:427)
Caused by: java.net.BindException: Address already in use (Bind failed)
	at java.net.PlainSocketImpl.socketBind(Native Method)
	at java.net.AbstractPlainSocketImpl.bind(AbstractPlainSocketImpl.java:387)
	at java.net.ServerSocket.bind(ServerSocket.java:375)
	at java.net.ServerSocket.<init>(ServerSocket.java:237)
	at java.net.ServerSocket.<init>(ServerSocket.java:181)
	at org.apache.tomcat.util.net.DefaultServerSocketFactory.createSocket(DefaultServerSocketFactory.java:49)
	at org.apache.tomcat.util.net.JIoEndpoint.bind(JIoEndpoint.java:400)
	... 15 more

八月 30, 2017 5:00:36 下午 org.apache.catalina.core.StandardService initInternal
严重: Failed to initialize connector [Connector[AJP/1.3-8009]]
org.apache.catalina.LifecycleException: Failed to initialize component [Connector[AJP/1.3-8009]]
	at org.apache.catalina.util.LifecycleBase.init(LifecycleBase.java:108)
	at org.apache.catalina.core.StandardService.initInternal(StandardService.java:560)
	at org.apache.catalina.util.LifecycleBase.init(LifecycleBase.java:102)
	at org.apache.catalina.core.StandardServer.initInternal(StandardServer.java:840)
	at org.apache.catalina.util.LifecycleBase.init(LifecycleBase.java:102)
	at org.apache.catalina.startup.Catalina.load(Catalina.java:642)
	at sun.reflect.NativeMethodAccessorImpl.invoke0(Native Method)
	at sun.reflect.NativeMethodAccessorImpl.invoke(NativeMethodAccessorImpl.java:62)
	at sun.reflect.DelegatingMethodAccessorImpl.invoke(DelegatingMethodAccessorImpl.java:43)
	at java.lang.reflect.Method.invoke(Method.java:498)
	at org.apache.catalina.startup.Bootstrap.load(Bootstrap.java:253)
	at org.apache.catalina.startup.Bootstrap.main(Bootstrap.java:427)
Caused by: org.apache.catalina.LifecycleException: Protocol handler initialization failed
	at org.apache.catalina.connector.Connector.initInternal(Connector.java:982)
	at org.apache.catalina.util.LifecycleBase.init(LifecycleBase.java:102)
	... 11 more
Caused by: java.net.BindException: Address already in use (Bind failed) <null>:8009
	at org.apache.tomcat.util.net.JIoEndpoint.bind(JIoEndpoint.java:413)
	at org.apache.tomcat.util.net.AbstractEndpoint.init(AbstractEndpoint.java:715)
	at org.apache.coyote.AbstractProtocol.init(AbstractProtocol.java:452)
	at org.apache.catalina.connector.Connector.initInternal(Connector.java:978)
	... 12 more
Caused by: java.net.BindException: Address already in use (Bind failed)
	at java.net.PlainSocketImpl.socketBind(Native Method)
	at java.net.AbstractPlainSocketImpl.bind(AbstractPlainSocketImpl.java:387)
	at java.net.ServerSocket.bind(ServerSocket.java:375)
	at java.net.ServerSocket.<init>(ServerSocket.java:237)
	at java.net.ServerSocket.<init>(ServerSocket.java:181)
	at org.apache.tomcat.util.net.DefaultServerSocketFactory.createSocket(DefaultServerSocketFactory.java:49)
	at org.apache.tomcat.util.net.JIoEndpoint.bind(JIoEndpoint.java:400)
	... 15 more

八月 30, 2017 5:00:36 下午 org.apache.catalina.startup.Catalina load
信息: Initialization processed in 566 ms
八月 30, 2017 5:00:36 下午 org.apache.catalina.core.StandardService startInternal
信息: Starting service Catalina
八月 30, 2017 5:00:36 下午 org.apache.catalina.core.StandardEngine startInternal
信息: Starting Servlet Engine: Apache Tomcat/@VERSION@
八月 30, 2017 5:00:36 下午 org.apache.catalina.startup.HostConfig deployDirectory
信息: Deploying web application directory /Users/daihuijun/IdeaProjects/Tomcat7.0/catalina-home/webapps/docs
八月 30, 2017 5:00:39 下午 org.apache.catalina.startup.TldConfig execute
信息: At least one JAR was scanned for TLDs yet contained no TLDs. Enable debug logging for this logger for a complete list of JARs that were scanned but no TLDs were found in them. Skipping unneeded JARs during scanning can improve startup time and JSP compilation time.
八月 30, 2017 5:00:39 下午 org.apache.catalina.startup.HostConfig deployDirectory
信息: Deployment of web application directory /Users/daihuijun/IdeaProjects/Tomcat7.0/catalina-home/webapps/docs has finished in 2,751 ms
八月 30, 2017 5:00:39 下午 org.apache.catalina.startup.HostConfig deployDirectory
信息: Deploying web application directory /Users/daihuijun/IdeaProjects/Tomcat7.0/catalina-home/webapps/examples
八月 30, 2017 5:00:58 下午 org.apache.catalina.startup.VersionLoggerListener log
信息: Server version:        Apache Tomcat/@VERSION@
八月 30, 2017 5:00:58 下午 org.apache.catalina.startup.VersionLoggerListener log
信息: Server built:          @VERSION_BUILT@
八月 30, 2017 5:00:58 下午 org.apache.catalina.startup.VersionLoggerListener log
信息: Server number:         @VERSION_NUMBER@
八月 30, 2017 5:00:58 下午 org.apache.catalina.startup.VersionLoggerListener log
信息: OS Name:               Mac OS X
八月 30, 2017 5:00:58 下午 org.apache.catalina.startup.VersionLoggerListener log
信息: OS Version:            10.12.6
八月 30, 2017 5:00:58 下午 org.apache.catalina.startup.VersionLoggerListener log
信息: Architecture:          x86_64
八月 30, 2017 5:00:58 下午 org.apache.catalina.startup.VersionLoggerListener log
信息: Java Home:             /Library/Java/JavaVirtualMachines/jdk1.8.0_112.jdk/Contents/Home/jre
八月 30, 2017 5:00:58 下午 org.apache.catalina.startup.VersionLoggerListener log
信息: JVM Version:           1.8.0_112-b16
八月 30, 2017 5:00:58 下午 org.apache.catalina.startup.VersionLoggerListener log
信息: JVM Vendor:            Oracle Corporation
八月 30, 2017 5:00:58 下午 org.apache.catalina.startup.VersionLoggerListener log
信息: CATALINA_BASE:         /Users/daihuijun/IdeaProjects/Tomcat7.0/catalina-home
八月 30, 2017 5:00:58 下午 org.apache.catalina.startup.VersionLoggerListener log
信息: CATALINA_HOME:         /Users/daihuijun/IdeaProjects/Tomcat7.0/catalina-home
八月 30, 2017 5:00:58 下午 org.apache.catalina.startup.VersionLoggerListener log
信息: Command line argument: -Xms2g
八月 30, 2017 5:00:58 下午 org.apache.catalina.startup.VersionLoggerListener log
信息: Command line argument: -Xmx2g
八月 30, 2017 5:00:58 下午 org.apache.catalina.startup.VersionLoggerListener log
信息: Command line argument: -Dcatalina.home=catalina-home
八月 30, 2017 5:00:58 下午 org.apache.catalina.startup.VersionLoggerListener log
信息: Command line argument: -Dcatalina.base=catalina-home
八月 30, 2017 5:00:58 下午 org.apache.catalina.startup.VersionLoggerListener log
信息: Command line argument: -Djava.endorsed.dirs=catalina-home/endorsed
八月 30, 2017 5:00:58 下午 org.apache.catalina.startup.VersionLoggerListener log
信息: Command line argument: -Djava.io.tmpdir=catalina-home/temp
八月 30, 2017 5:00:58 下午 org.apache.catalina.startup.VersionLoggerListener log
信息: Command line argument: -Djava.util.logging.manager=org.apache.juli.ClassLoaderLogManager
八月 30, 2017 5:00:58 下午 org.apache.catalina.startup.VersionLoggerListener log
信息: Command line argument: -Djava.util.logging.config.file=catalina-home/conf/logging.properties
八月 30, 2017 5:00:58 下午 org.apache.catalina.startup.VersionLoggerListener log
信息: Command line argument: -javaagent:/Applications/IntelliJ IDEA.app/Contents/lib/idea_rt.jar=55096:/Applications/IntelliJ IDEA.app/Contents/bin
八月 30, 2017 5:00:58 下午 org.apache.catalina.startup.VersionLoggerListener log
信息: Command line argument: -Dfile.encoding=UTF-8
八月 30, 2017 5:00:58 下午 org.apache.catalina.core.AprLifecycleListener lifecycleEvent
信息: The APR based Apache Tomcat Native library which allows optimal performance in production environments was not found on the java.library.path: /Users/daihuijun/Library/Java/Extensions:/Library/Java/Extensions:/Network/Library/Java/Extensions:/System/Library/Java/Extensions:/usr/lib/java:.
八月 30, 2017 5:00:58 下午 org.apache.coyote.AbstractProtocol init
信息: Initializing ProtocolHandler ["http-bio-8080"]
八月 30, 2017 5:00:58 下午 org.apache.coyote.AbstractProtocol init
严重: Failed to initialize end point associated with ProtocolHandler ["http-bio-8080"]
java.net.BindException: Address already in use (Bind failed) <null>:8080
	at org.apache.tomcat.util.net.JIoEndpoint.bind(JIoEndpoint.java:413)
	at org.apache.tomcat.util.net.AbstractEndpoint.init(AbstractEndpoint.java:715)
	at org.apache.coyote.AbstractProtocol.init(AbstractProtocol.java:452)
	at org.apache.coyote.http11.AbstractHttp11JsseProtocol.init(AbstractHttp11JsseProtocol.java:119)
	at org.apache.catalina.connector.Connector.initInternal(Connector.java:978)
	at org.apache.catalina.util.LifecycleBase.init(LifecycleBase.java:102)
	at org.apache.catalina.core.StandardService.initInternal(StandardService.java:560)
	at org.apache.catalina.util.LifecycleBase.init(LifecycleBase.java:102)
	at org.apache.catalina.core.StandardServer.initInternal(StandardServer.java:840)
	at org.apache.catalina.util.LifecycleBase.init(LifecycleBase.java:102)
	at org.apache.catalina.startup.Catalina.load(Catalina.java:642)
	at sun.reflect.NativeMethodAccessorImpl.invoke0(Native Method)
	at sun.reflect.NativeMethodAccessorImpl.invoke(NativeMethodAccessorImpl.java:62)
	at sun.reflect.DelegatingMethodAccessorImpl.invoke(DelegatingMethodAccessorImpl.java:43)
	at java.lang.reflect.Method.invoke(Method.java:498)
	at org.apache.catalina.startup.Bootstrap.load(Bootstrap.java:253)
	at org.apache.catalina.startup.Bootstrap.main(Bootstrap.java:427)
Caused by: java.net.BindException: Address already in use (Bind failed)
	at java.net.PlainSocketImpl.socketBind(Native Method)
	at java.net.AbstractPlainSocketImpl.bind(AbstractPlainSocketImpl.java:387)
	at java.net.ServerSocket.bind(ServerSocket.java:375)
	at java.net.ServerSocket.<init>(ServerSocket.java:237)
	at java.net.ServerSocket.<init>(ServerSocket.java:181)
	at org.apache.tomcat.util.net.DefaultServerSocketFactory.createSocket(DefaultServerSocketFactory.java:49)
	at org.apache.tomcat.util.net.JIoEndpoint.bind(JIoEndpoint.java:400)
	... 16 more

八月 30, 2017 5:00:58 下午 org.apache.catalina.core.StandardService initInternal
严重: Failed to initialize connector [Connector[HTTP/1.1-8080]]
org.apache.catalina.LifecycleException: Failed to initialize component [Connector[HTTP/1.1-8080]]
	at org.apache.catalina.util.LifecycleBase.init(LifecycleBase.java:108)
	at org.apache.catalina.core.StandardService.initInternal(StandardService.java:560)
	at org.apache.catalina.util.LifecycleBase.init(LifecycleBase.java:102)
	at org.apache.catalina.core.StandardServer.initInternal(StandardServer.java:840)
	at org.apache.catalina.util.LifecycleBase.init(LifecycleBase.java:102)
	at org.apache.catalina.startup.Catalina.load(Catalina.java:642)
	at sun.reflect.NativeMethodAccessorImpl.invoke0(Native Method)
	at sun.reflect.NativeMethodAccessorImpl.invoke(NativeMethodAccessorImpl.java:62)
	at sun.reflect.DelegatingMethodAccessorImpl.invoke(DelegatingMethodAccessorImpl.java:43)
	at java.lang.reflect.Method.invoke(Method.java:498)
	at org.apache.catalina.startup.Bootstrap.load(Bootstrap.java:253)
	at org.apache.catalina.startup.Bootstrap.main(Bootstrap.java:427)
Caused by: org.apache.catalina.LifecycleException: Protocol handler initialization failed
	at org.apache.catalina.connector.Connector.initInternal(Connector.java:982)
	at org.apache.catalina.util.LifecycleBase.init(LifecycleBase.java:102)
	... 11 more
Caused by: java.net.BindException: Address already in use (Bind failed) <null>:8080
	at org.apache.tomcat.util.net.JIoEndpoint.bind(JIoEndpoint.java:413)
	at org.apache.tomcat.util.net.AbstractEndpoint.init(AbstractEndpoint.java:715)
	at org.apache.coyote.AbstractProtocol.init(AbstractProtocol.java:452)
	at org.apache.coyote.http11.AbstractHttp11JsseProtocol.init(AbstractHttp11JsseProtocol.java:119)
	at org.apache.catalina.connector.Connector.initInternal(Connector.java:978)
	... 12 more
Caused by: java.net.BindException: Address already in use (Bind failed)
	at java.net.PlainSocketImpl.socketBind(Native Method)
	at java.net.AbstractPlainSocketImpl.bind(AbstractPlainSocketImpl.java:387)
	at java.net.ServerSocket.bind(ServerSocket.java:375)
	at java.net.ServerSocket.<init>(ServerSocket.java:237)
	at java.net.ServerSocket.<init>(ServerSocket.java:181)
	at org.apache.tomcat.util.net.DefaultServerSocketFactory.createSocket(DefaultServerSocketFactory.java:49)
	at org.apache.tomcat.util.net.JIoEndpoint.bind(JIoEndpoint.java:400)
	... 16 more

八月 30, 2017 5:00:58 下午 org.apache.coyote.AbstractProtocol init
信息: Initializing ProtocolHandler ["ajp-bio-8009"]
八月 30, 2017 5:00:58 下午 org.apache.coyote.AbstractProtocol init
严重: Failed to initialize end point associated with ProtocolHandler ["ajp-bio-8009"]
java.net.BindException: Address already in use (Bind failed) <null>:8009
	at org.apache.tomcat.util.net.JIoEndpoint.bind(JIoEndpoint.java:413)
	at org.apache.tomcat.util.net.AbstractEndpoint.init(AbstractEndpoint.java:715)
	at org.apache.coyote.AbstractProtocol.init(AbstractProtocol.java:452)
	at org.apache.catalina.connector.Connector.initInternal(Connector.java:978)
	at org.apache.catalina.util.LifecycleBase.init(LifecycleBase.java:102)
	at org.apache.catalina.core.StandardService.initInternal(StandardService.java:560)
	at org.apache.catalina.util.LifecycleBase.init(LifecycleBase.java:102)
	at org.apache.catalina.core.StandardServer.initInternal(StandardServer.java:840)
	at org.apache.catalina.util.LifecycleBase.init(LifecycleBase.java:102)
	at org.apache.catalina.startup.Catalina.load(Catalina.java:642)
	at sun.reflect.NativeMethodAccessorImpl.invoke0(Native Method)
	at sun.reflect.NativeMethodAccessorImpl.invoke(NativeMethodAccessorImpl.java:62)
	at sun.reflect.DelegatingMethodAccessorImpl.invoke(DelegatingMethodAccessorImpl.java:43)
	at java.lang.reflect.Method.invoke(Method.java:498)
	at org.apache.catalina.startup.Bootstrap.load(Bootstrap.java:253)
	at org.apache.catalina.startup.Bootstrap.main(Bootstrap.java:427)
Caused by: java.net.BindException: Address already in use (Bind failed)
	at java.net.PlainSocketImpl.socketBind(Native Method)
	at java.net.AbstractPlainSocketImpl.bind(AbstractPlainSocketImpl.java:387)
	at java.net.ServerSocket.bind(ServerSocket.java:375)
	at java.net.ServerSocket.<init>(ServerSocket.java:237)
	at java.net.ServerSocket.<init>(ServerSocket.java:181)
	at org.apache.tomcat.util.net.DefaultServerSocketFactory.createSocket(DefaultServerSocketFactory.java:49)
	at org.apache.tomcat.util.net.JIoEndpoint.bind(JIoEndpoint.java:400)
	... 15 more

八月 30, 2017 5:00:58 下午 org.apache.catalina.core.StandardService initInternal
严重: Failed to initialize connector [Connector[AJP/1.3-8009]]
org.apache.catalina.LifecycleException: Failed to initialize component [Connector[AJP/1.3-8009]]
	at org.apache.catalina.util.LifecycleBase.init(LifecycleBase.java:108)
	at org.apache.catalina.core.StandardService.initInternal(StandardService.java:560)
	at org.apache.catalina.util.LifecycleBase.init(LifecycleBase.java:102)
	at org.apache.catalina.core.StandardServer.initInternal(StandardServer.java:840)
	at org.apache.catalina.util.LifecycleBase.init(LifecycleBase.java:102)
	at org.apache.catalina.startup.Catalina.load(Catalina.java:642)
	at sun.reflect.NativeMethodAccessorImpl.invoke0(Native Method)
	at sun.reflect.NativeMethodAccessorImpl.invoke(NativeMethodAccessorImpl.java:62)
	at sun.reflect.DelegatingMethodAccessorImpl.invoke(DelegatingMethodAccessorImpl.java:43)
	at java.lang.reflect.Method.invoke(Method.java:498)
	at org.apache.catalina.startup.Bootstrap.load(Bootstrap.java:253)
	at org.apache.catalina.startup.Bootstrap.main(Bootstrap.java:427)
Caused by: org.apache.catalina.LifecycleException: Protocol handler initialization failed
	at org.apache.catalina.connector.Connector.initInternal(Connector.java:982)
	at org.apache.catalina.util.LifecycleBase.init(LifecycleBase.java:102)
	... 11 more
Caused by: java.net.BindException: Address already in use (Bind failed) <null>:8009
	at org.apache.tomcat.util.net.JIoEndpoint.bind(JIoEndpoint.java:413)
	at org.apache.tomcat.util.net.AbstractEndpoint.init(AbstractEndpoint.java:715)
	at org.apache.coyote.AbstractProtocol.init(AbstractProtocol.java:452)
	at org.apache.catalina.connector.Connector.initInternal(Connector.java:978)
	... 12 more
Caused by: java.net.BindException: Address already in use (Bind failed)
	at java.net.PlainSocketImpl.socketBind(Native Method)
	at java.net.AbstractPlainSocketImpl.bind(AbstractPlainSocketImpl.java:387)
	at java.net.ServerSocket.bind(ServerSocket.java:375)
	at java.net.ServerSocket.<init>(ServerSocket.java:237)
	at java.net.ServerSocket.<init>(ServerSocket.java:181)
	at org.apache.tomcat.util.net.DefaultServerSocketFactory.createSocket(DefaultServerSocketFactory.java:49)
	at org.apache.tomcat.util.net.JIoEndpoint.bind(JIoEndpoint.java:400)
	... 15 more

八月 30, 2017 5:00:58 下午 org.apache.catalina.startup.Catalina load
信息: Initialization processed in 449 ms
八月 30, 2017 5:00:58 下午 org.apache.catalina.core.StandardService startInternal
信息: Starting service Catalina
八月 30, 2017 5:00:58 下午 org.apache.catalina.core.StandardEngine startInternal
信息: Starting Servlet Engine: Apache Tomcat/@VERSION@
八月 30, 2017 5:00:58 下午 org.apache.catalina.startup.HostConfig deployDirectory
信息: Deploying web application directory /Users/daihuijun/IdeaProjects/Tomcat7.0/catalina-home/webapps/docs
八月 30, 2017 5:01:00 下午 org.apache.catalina.startup.TldConfig execute
信息: At least one JAR was scanned for TLDs yet contained no TLDs. Enable debug logging for this logger for a complete list of JARs that were scanned but no TLDs were found in them. Skipping unneeded JARs during scanning can improve startup time and JSP compilation time.
八月 30, 2017 5:01:00 下午 org.apache.catalina.startup.HostConfig deployDirectory
信息: Deployment of web application directory /Users/daihuijun/IdeaProjects/Tomcat7.0/catalina-home/webapps/docs has finished in 2,324 ms
八月 30, 2017 5:01:00 下午 org.apache.catalina.startup.HostConfig deployDirectory
信息: Deploying web application directory /Users/daihuijun/IdeaProjects/Tomcat7.0/catalina-home/webapps/examples
八月 30, 2017 5:01:02 下午 org.apache.catalina.startup.TldConfig execute
信息: At least one JAR was scanned for TLDs yet contained no TLDs. Enable debug logging for this logger for a complete list of JARs that were scanned but no TLDs were found in them. Skipping unneeded JARs during scanning can improve startup time and JSP compilation time.
八月 30, 2017 5:01:02 下午 org.apache.catalina.startup.HostConfig deployDirectory
信息: Deployment of web application directory /Users/daihuijun/IdeaProjects/Tomcat7.0/catalina-home/webapps/examples has finished in 2,080 ms
八月 30, 2017 5:01:02 下午 org.apache.catalina.startup.HostConfig deployDirectory
信息: Deploying web application directory /Users/daihuijun/IdeaProjects/Tomcat7.0/catalina-home/webapps/host-manager
八月 30, 2017 5:01:02 下午 org.apache.catalina.startup.TldConfig execute
信息: At least one JAR was scanned for TLDs yet contained no TLDs. Enable debug logging for this logger for a complete list of JARs that were scanned but no TLDs were found in them. Skipping unneeded JARs during scanning can improve startup time and JSP compilation time.
八月 30, 2017 5:01:02 下午 org.apache.catalina.startup.HostConfig deployDirectory
信息: Deployment of web application directory /Users/daihuijun/IdeaProjects/Tomcat7.0/catalina-home/webapps/host-manager has finished in 82 ms
八月 30, 2017 5:01:02 下午 org.apache.catalina.startup.HostConfig deployDirectory
信息: Deploying web application directory /Users/daihuijun/IdeaProjects/Tomcat7.0/catalina-home/webapps/manager
八月 30, 2017 5:01:02 下午 org.apache.catalina.startup.TldConfig execute
信息: At least one JAR was scanned for TLDs yet contained no TLDs. Enable debug logging for this logger for a complete list of JARs that were scanned but no TLDs were found in them. Skipping unneeded JARs during scanning can improve startup time and JSP compilation time.
八月 30, 2017 5:01:02 下午 org.apache.catalina.startup.HostConfig deployDirectory
信息: Deployment of web application directory /Users/daihuijun/IdeaProjects/Tomcat7.0/catalina-home/webapps/manager has finished in 99 ms
八月 30, 2017 5:01:02 下午 org.apache.catalina.startup.HostConfig deployDirectory
信息: Deploying web application directory /Users/daihuijun/IdeaProjects/Tomcat7.0/catalina-home/webapps/ROOT
八月 30, 2017 5:01:04 下午 org.apache.catalina.startup.TldConfig execute
信息: At least one JAR was scanned for TLDs yet contained no TLDs. Enable debug logging for this logger for a complete list of JARs that were scanned but no TLDs were found in them. Skipping unneeded JARs during scanning can improve startup time and JSP compilation time.
八月 30, 2017 5:01:04 下午 org.apache.catalina.startup.HostConfig deployDirectory
信息: Deployment of web application directory /Users/daihuijun/IdeaProjects/Tomcat7.0/catalina-home/webapps/ROOT has finished in 1,345 ms
八月 30, 2017 5:01:04 下午 org.apache.catalina.startup.Catalina start
信息: Server startup in 5962 ms
八月 30, 2017 5:01:04 下午 org.apache.catalina.core.StandardServer await
严重: StandardServer.await: create[localhost:8005]: 
java.net.BindException: Address already in use (Bind failed)
	at java.net.PlainSocketImpl.socketBind(Native Method)
	at java.net.AbstractPlainSocketImpl.bind(AbstractPlainSocketImpl.java:387)
	at java.net.ServerSocket.bind(ServerSocket.java:375)
	at java.net.ServerSocket.<init>(ServerSocket.java:237)
	at org.apache.catalina.core.StandardServer.await(StandardServer.java:445)
	at org.apache.catalina.startup.Catalina.await(Catalina.java:781)
	at org.apache.catalina.startup.Catalina.start(Catalina.java:727)
	at sun.reflect.NativeMethodAccessorImpl.invoke0(Native Method)
	at sun.reflect.NativeMethodAccessorImpl.invoke(NativeMethodAccessorImpl.java:62)
	at sun.reflect.DelegatingMethodAccessorImpl.invoke(DelegatingMethodAccessorImpl.java:43)
	at java.lang.reflect.Method.invoke(Method.java:498)
	at org.apache.catalina.startup.Bootstrap.start(Bootstrap.java:294)
	at org.apache.catalina.startup.Bootstrap.main(Bootstrap.java:428)

八月 30, 2017 5:01:04 下午 org.apache.coyote.AbstractProtocol pause
信息: Pausing ProtocolHandler ["http-bio-8080"]
八月 30, 2017 5:01:04 下午 org.apache.coyote.AbstractProtocol pause
信息: Pausing ProtocolHandler ["ajp-bio-8009"]
八月 30, 2017 5:01:04 下午 org.apache.catalina.core.StandardService stopInternal
信息: Stopping service Catalina
八月 30, 2017 5:01:04 下午 org.apache.coyote.AbstractProtocol stop
信息: Stopping ProtocolHandler ["http-bio-8080"]
八月 30, 2017 5:01:04 下午 org.apache.coyote.AbstractProtocol destroy
信息: Destroying ProtocolHandler ["http-bio-8080"]
八月 30, 2017 5:01:04 下午 org.apache.coyote.AbstractProtocol stop
信息: Stopping ProtocolHandler ["ajp-bio-8009"]
八月 30, 2017 5:01:04 下午 org.apache.coyote.AbstractProtocol destroy
信息: Destroying ProtocolHandler ["ajp-bio-8009"]
八月 30, 2017 5:01:20 下午 org.apache.coyote.AbstractProtocol pause
信息: Pausing ProtocolHandler ["http-bio-8080"]
八月 30, 2017 5:01:20 下午 org.apache.coyote.AbstractProtocol pause
信息: Pausing ProtocolHandler ["ajp-bio-8009"]
八月 30, 2017 5:01:21 下午 org.apache.catalina.core.StandardService stopInternal
信息: Stopping service Catalina
八月 30, 2017 5:01:21 下午 org.apache.coyote.AbstractProtocol stop
信息: Stopping ProtocolHandler ["http-bio-8080"]
八月 30, 2017 5:01:21 下午 org.apache.coyote.AbstractProtocol stop
信息: Stopping ProtocolHandler ["ajp-bio-8009"]
八月 30, 2017 5:01:21 下午 org.apache.coyote.AbstractProtocol destroy
信息: Destroying ProtocolHandler ["http-bio-8080"]
八月 30, 2017 5:01:21 下午 org.apache.coyote.AbstractProtocol destroy
信息: Destroying ProtocolHandler ["ajp-bio-8009"]
八月 30, 2017 5:01:27 下午 org.apache.catalina.startup.VersionLoggerListener log
信息: Server version:        Apache Tomcat/@VERSION@
八月 30, 2017 5:01:27 下午 org.apache.catalina.startup.VersionLoggerListener log
信息: Server built:          @VERSION_BUILT@
八月 30, 2017 5:01:27 下午 org.apache.catalina.startup.VersionLoggerListener log
信息: Server number:         @VERSION_NUMBER@
八月 30, 2017 5:01:27 下午 org.apache.catalina.startup.VersionLoggerListener log
信息: OS Name:               Mac OS X
八月 30, 2017 5:01:27 下午 org.apache.catalina.startup.VersionLoggerListener log
信息: OS Version:            10.12.6
八月 30, 2017 5:01:27 下午 org.apache.catalina.startup.VersionLoggerListener log
信息: Architecture:          x86_64
八月 30, 2017 5:01:27 下午 org.apache.catalina.startup.VersionLoggerListener log
信息: Java Home:             /Library/Java/JavaVirtualMachines/jdk1.8.0_112.jdk/Contents/Home/jre
八月 30, 2017 5:01:27 下午 org.apache.catalina.startup.VersionLoggerListener log
信息: JVM Version:           1.8.0_112-b16
八月 30, 2017 5:01:27 下午 org.apache.catalina.startup.VersionLoggerListener log
信息: JVM Vendor:            Oracle Corporation
八月 30, 2017 5:01:27 下午 org.apache.catalina.startup.VersionLoggerListener log
信息: CATALINA_BASE:         /Users/daihuijun/IdeaProjects/Tomcat7.0/catalina-home
八月 30, 2017 5:01:27 下午 org.apache.catalina.startup.VersionLoggerListener log
信息: CATALINA_HOME:         /Users/daihuijun/IdeaProjects/Tomcat7.0/catalina-home
八月 30, 2017 5:01:27 下午 org.apache.catalina.startup.VersionLoggerListener log
信息: Command line argument: -Xms2g
八月 30, 2017 5:01:27 下午 org.apache.catalina.startup.VersionLoggerListener log
信息: Command line argument: -Xmx2g
八月 30, 2017 5:01:27 下午 org.apache.catalina.startup.VersionLoggerListener log
信息: Command line argument: -Dcatalina.home=catalina-home
八月 30, 2017 5:01:27 下午 org.apache.catalina.startup.VersionLoggerListener log
信息: Command line argument: -Dcatalina.base=catalina-home
八月 30, 2017 5:01:27 下午 org.apache.catalina.startup.VersionLoggerListener log
信息: Command line argument: -Djava.endorsed.dirs=catalina-home/endorsed
八月 30, 2017 5:01:27 下午 org.apache.catalina.startup.VersionLoggerListener log
信息: Command line argument: -Djava.io.tmpdir=catalina-home/temp
八月 30, 2017 5:01:27 下午 org.apache.catalina.startup.VersionLoggerListener log
信息: Command line argument: -Djava.util.logging.manager=org.apache.juli.ClassLoaderLogManager
八月 30, 2017 5:01:27 下午 org.apache.catalina.startup.VersionLoggerListener log
信息: Command line argument: -Djava.util.logging.config.file=catalina-home/conf/logging.properties
八月 30, 2017 5:01:27 下午 org.apache.catalina.startup.VersionLoggerListener log
信息: Command line argument: -javaagent:/Applications/IntelliJ IDEA.app/Contents/lib/idea_rt.jar=55105:/Applications/IntelliJ IDEA.app/Contents/bin
八月 30, 2017 5:01:27 下午 org.apache.catalina.startup.VersionLoggerListener log
信息: Command line argument: -Dfile.encoding=UTF-8
八月 30, 2017 5:01:27 下午 org.apache.catalina.core.AprLifecycleListener lifecycleEvent
信息: The APR based Apache Tomcat Native library which allows optimal performance in production environments was not found on the java.library.path: /Users/daihuijun/Library/Java/Extensions:/Library/Java/Extensions:/Network/Library/Java/Extensions:/System/Library/Java/Extensions:/usr/lib/java:.
八月 30, 2017 5:01:27 下午 org.apache.coyote.AbstractProtocol init
信息: Initializing ProtocolHandler ["http-bio-8080"]
八月 30, 2017 5:01:27 下午 org.apache.coyote.AbstractProtocol init
信息: Initializing ProtocolHandler ["ajp-bio-8009"]
八月 30, 2017 5:01:27 下午 org.apache.catalina.startup.Catalina load
信息: Initialization processed in 446 ms
八月 30, 2017 5:01:27 下午 org.apache.catalina.core.StandardService startInternal
信息: Starting service Catalina
八月 30, 2017 5:01:27 下午 org.apache.catalina.core.StandardEngine startInternal
信息: Starting Servlet Engine: Apache Tomcat/@VERSION@
八月 30, 2017 5:01:27 下午 org.apache.catalina.startup.HostConfig deployDirectory
信息: Deploying web application directory /Users/daihuijun/IdeaProjects/Tomcat7.0/catalina-home/webapps/docs
八月 30, 2017 5:01:30 下午 org.apache.catalina.startup.TldConfig execute
信息: At least one JAR was scanned for TLDs yet contained no TLDs. Enable debug logging for this logger for a complete list of JARs that were scanned but no TLDs were found in them. Skipping unneeded JARs during scanning can improve startup time and JSP compilation time.
八月 30, 2017 5:01:30 下午 org.apache.catalina.startup.HostConfig deployDirectory
信息: Deployment of web application directory /Users/daihuijun/IdeaProjects/Tomcat7.0/catalina-home/webapps/docs has finished in 2,250 ms
八月 30, 2017 5:01:30 下午 org.apache.catalina.startup.HostConfig deployDirectory
信息: Deploying web application directory /Users/daihuijun/IdeaProjects/Tomcat7.0/catalina-home/webapps/examples
八月 30, 2017 5:01:31 下午 org.apache.catalina.startup.TldConfig execute
信息: At least one JAR was scanned for TLDs yet contained no TLDs. Enable debug logging for this logger for a complete list of JARs that were scanned but no TLDs were found in them. Skipping unneeded JARs during scanning can improve startup time and JSP compilation time.
八月 30, 2017 5:01:31 下午 org.apache.catalina.startup.HostConfig deployDirectory
信息: Deployment of web application directory /Users/daihuijun/IdeaProjects/Tomcat7.0/catalina-home/webapps/examples has finished in 1,788 ms
八月 30, 2017 5:01:31 下午 org.apache.catalina.startup.HostConfig deployDirectory
信息: Deploying web application directory /Users/daihuijun/IdeaProjects/Tomcat7.0/catalina-home/webapps/host-manager
八月 30, 2017 5:01:31 下午 org.apache.catalina.startup.TldConfig execute
信息: At least one JAR was scanned for TLDs yet contained no TLDs. Enable debug logging for this logger for a complete list of JARs that were scanned but no TLDs were found in them. Skipping unneeded JARs during scanning can improve startup time and JSP compilation time.
八月 30, 2017 5:01:31 下午 org.apache.catalina.startup.HostConfig deployDirectory
信息: Deployment of web application directory /Users/daihuijun/IdeaProjects/Tomcat7.0/catalina-home/webapps/host-manager has finished in 74 ms
八月 30, 2017 5:01:31 下午 org.apache.catalina.startup.HostConfig deployDirectory
信息: Deploying web application directory /Users/daihuijun/IdeaProjects/Tomcat7.0/catalina-home/webapps/manager
八月 30, 2017 5:01:32 下午 org.apache.catalina.startup.TldConfig execute
信息: At least one JAR was scanned for TLDs yet contained no TLDs. Enable debug logging for this logger for a complete list of JARs that were scanned but no TLDs were found in them. Skipping unneeded JARs during scanning can improve startup time and JSP compilation time.
八月 30, 2017 5:01:32 下午 org.apache.catalina.startup.HostConfig deployDirectory
信息: Deployment of web application directory /Users/daihuijun/IdeaProjects/Tomcat7.0/catalina-home/webapps/manager has finished in 75 ms
八月 30, 2017 5:01:32 下午 org.apache.catalina.startup.HostConfig deployDirectory
信息: Deploying web application directory /Users/daihuijun/IdeaProjects/Tomcat7.0/catalina-home/webapps/ROOT
八月 30, 2017 5:01:33 下午 org.apache.catalina.startup.TldConfig execute
信息: At least one JAR was scanned for TLDs yet contained no TLDs. Enable debug logging for this logger for a complete list of JARs that were scanned but no TLDs were found in them. Skipping unneeded JARs during scanning can improve startup time and JSP compilation time.
八月 30, 2017 5:01:33 下午 org.apache.catalina.startup.HostConfig deployDirectory
信息: Deployment of web application directory /Users/daihuijun/IdeaProjects/Tomcat7.0/catalina-home/webapps/ROOT has finished in 1,235 ms
八月 30, 2017 5:01:33 下午 org.apache.coyote.AbstractProtocol start
信息: Starting ProtocolHandler ["http-bio-8080"]
八月 30, 2017 5:01:33 下午 org.apache.coyote.AbstractProtocol start
信息: Starting ProtocolHandler ["ajp-bio-8009"]
八月 30, 2017 5:01:33 下午 org.apache.catalina.startup.Catalina start
信息: Server startup in 5463 ms
八月 30, 2017 5:04:32 下午 org.apache.coyote.AbstractProtocol pause
信息: Pausing ProtocolHandler ["http-bio-8080"]
八月 30, 2017 5:04:32 下午 org.apache.coyote.AbstractProtocol pause
信息: Pausing ProtocolHandler ["ajp-bio-8009"]
八月 30, 2017 5:04:32 下午 org.apache.catalina.core.StandardService stopInternal
信息: Stopping service Catalina
八月 30, 2017 5:04:32 下午 org.apache.coyote.AbstractProtocol stop
信息: Stopping ProtocolHandler ["http-bio-8080"]
八月 30, 2017 5:04:32 下午 org.apache.coyote.AbstractProtocol stop
信息: Stopping ProtocolHandler ["ajp-bio-8009"]
八月 30, 2017 5:04:32 下午 org.apache.coyote.AbstractProtocol destroy
信息: Destroying ProtocolHandler ["http-bio-8080"]
八月 30, 2017 5:04:32 下午 org.apache.coyote.AbstractProtocol destroy
信息: Destroying ProtocolHandler ["ajp-bio-8009"]
八月 30, 2017 5:04:37 下午 org.apache.catalina.startup.VersionLoggerListener log
信息: Server version:        Apache Tomcat/@VERSION@
八月 30, 2017 5:04:37 下午 org.apache.catalina.startup.VersionLoggerListener log
信息: Server built:          @VERSION_BUILT@
八月 30, 2017 5:04:37 下午 org.apache.catalina.startup.VersionLoggerListener log
信息: Server number:         @VERSION_NUMBER@
八月 30, 2017 5:04:37 下午 org.apache.catalina.startup.VersionLoggerListener log
信息: OS Name:               Mac OS X
八月 30, 2017 5:04:37 下午 org.apache.catalina.startup.VersionLoggerListener log
信息: OS Version:            10.12.6
八月 30, 2017 5:04:37 下午 org.apache.catalina.startup.VersionLoggerListener log
信息: Architecture:          x86_64
八月 30, 2017 5:04:37 下午 org.apache.catalina.startup.VersionLoggerListener log
信息: Java Home:             /Library/Java/JavaVirtualMachines/jdk1.8.0_112.jdk/Contents/Home/jre
八月 30, 2017 5:04:37 下午 org.apache.catalina.startup.VersionLoggerListener log
信息: JVM Version:           1.8.0_112-b16
八月 30, 2017 5:04:37 下午 org.apache.catalina.startup.VersionLoggerListener log
信息: JVM Vendor:            Oracle Corporation
八月 30, 2017 5:04:37 下午 org.apache.catalina.startup.VersionLoggerListener log
信息: CATALINA_BASE:         /Users/daihuijun/IdeaProjects/Tomcat7.0/catalina-home
八月 30, 2017 5:04:37 下午 org.apache.catalina.startup.VersionLoggerListener log
信息: CATALINA_HOME:         /Users/daihuijun/IdeaProjects/Tomcat7.0/catalina-home
八月 30, 2017 5:04:37 下午 org.apache.catalina.startup.VersionLoggerListener log
信息: Command line argument: -Xms2g
八月 30, 2017 5:04:37 下午 org.apache.catalina.startup.VersionLoggerListener log
信息: Command line argument: -Xmx2g
八月 30, 2017 5:04:37 下午 org.apache.catalina.startup.VersionLoggerListener log
信息: Command line argument: -Dcatalina.home=catalina-home
八月 30, 2017 5:04:37 下午 org.apache.catalina.startup.VersionLoggerListener log
信息: Command line argument: -Dcatalina.base=catalina-home
八月 30, 2017 5:04:37 下午 org.apache.catalina.startup.VersionLoggerListener log
信息: Command line argument: -Djava.endorsed.dirs=catalina-home/endorsed
八月 30, 2017 5:04:37 下午 org.apache.catalina.startup.VersionLoggerListener log
信息: Command line argument: -Djava.io.tmpdir=catalina-home/temp
八月 30, 2017 5:04:37 下午 org.apache.catalina.startup.VersionLoggerListener log
信息: Command line argument: -Djava.util.logging.manager=org.apache.juli.ClassLoaderLogManager
八月 30, 2017 5:04:37 下午 org.apache.catalina.startup.VersionLoggerListener log
信息: Command line argument: -Djava.util.logging.config.file=catalina-home/conf/logging.properties
八月 30, 2017 5:04:37 下午 org.apache.catalina.startup.VersionLoggerListener log
信息: Command line argument: -javaagent:/Applications/IntelliJ IDEA.app/Contents/lib/idea_rt.jar=55118:/Applications/IntelliJ IDEA.app/Contents/bin
八月 30, 2017 5:04:37 下午 org.apache.catalina.startup.VersionLoggerListener log
信息: Command line argument: -Dfile.encoding=UTF-8
八月 30, 2017 5:04:37 下午 org.apache.catalina.core.AprLifecycleListener lifecycleEvent
信息: The APR based Apache Tomcat Native library which allows optimal performance in production environments was not found on the java.library.path: /Users/daihuijun/Library/Java/Extensions:/Library/Java/Extensions:/Network/Library/Java/Extensions:/System/Library/Java/Extensions:/usr/lib/java:.
八月 30, 2017 5:04:37 下午 org.apache.coyote.AbstractProtocol init
信息: Initializing ProtocolHandler ["http-bio-8080"]
八月 30, 2017 5:04:37 下午 org.apache.coyote.AbstractProtocol init
信息: Initializing ProtocolHandler ["ajp-bio-8009"]
八月 30, 2017 5:04:37 下午 org.apache.catalina.startup.Catalina load
信息: Initialization processed in 452 ms
八月 30, 2017 5:04:37 下午 org.apache.catalina.core.StandardService startInternal
信息: Starting service Catalina
八月 30, 2017 5:04:37 下午 org.apache.catalina.core.StandardEngine startInternal
信息: Starting Servlet Engine: Apache Tomcat/@VERSION@
八月 30, 2017 5:04:37 下午 org.apache.catalina.startup.HostConfig deployDirectory
信息: Deploying web application directory /Users/daihuijun/IdeaProjects/Tomcat7.0/catalina-home/webapps/docs
八月 30, 2017 5:04:39 下午 org.apache.catalina.startup.TldConfig execute
信息: At least one JAR was scanned for TLDs yet contained no TLDs. Enable debug logging for this logger for a complete list of JARs that were scanned but no TLDs were found in them. Skipping unneeded JARs during scanning can improve startup time and JSP compilation time.
八月 30, 2017 5:04:39 下午 org.apache.catalina.startup.HostConfig deployDirectory
信息: Deployment of web application directory /Users/daihuijun/IdeaProjects/Tomcat7.0/catalina-home/webapps/docs has finished in 2,134 ms
八月 30, 2017 5:04:39 下午 org.apache.catalina.startup.HostConfig deployDirectory
信息: Deploying web application directory /Users/daihuijun/IdeaProjects/Tomcat7.0/catalina-home/webapps/examples
八月 30, 2017 5:04:41 下午 org.apache.catalina.startup.TldConfig execute
信息: At least one JAR was scanned for TLDs yet contained no TLDs. Enable debug logging for this logger for a complete list of JARs that were scanned but no TLDs were found in them. Skipping unneeded JARs during scanning can improve startup time and JSP compilation time.
八月 30, 2017 5:04:41 下午 org.apache.catalina.startup.HostConfig deployDirectory
信息: Deployment of web application directory /Users/daihuijun/IdeaProjects/Tomcat7.0/catalina-home/webapps/examples has finished in 1,792 ms
八月 30, 2017 5:04:41 下午 org.apache.catalina.startup.HostConfig deployDirectory
信息: Deploying web application directory /Users/daihuijun/IdeaProjects/Tomcat7.0/catalina-home/webapps/host-manager
八月 30, 2017 5:04:41 下午 org.apache.catalina.startup.TldConfig execute
信息: At least one JAR was scanned for TLDs yet contained no TLDs. Enable debug logging for this logger for a complete list of JARs that were scanned but no TLDs were found in them. Skipping unneeded JARs during scanning can improve startup time and JSP compilation time.
八月 30, 2017 5:04:41 下午 org.apache.catalina.startup.HostConfig deployDirectory
信息: Deployment of web application directory /Users/daihuijun/IdeaProjects/Tomcat7.0/catalina-home/webapps/host-manager has finished in 71 ms
八月 30, 2017 5:04:41 下午 org.apache.catalina.startup.HostConfig deployDirectory
信息: Deploying web application directory /Users/daihuijun/IdeaProjects/Tomcat7.0/catalina-home/webapps/manager
八月 30, 2017 5:04:41 下午 org.apache.catalina.startup.TldConfig execute
信息: At least one JAR was scanned for TLDs yet contained no TLDs. Enable debug logging for this logger for a complete list of JARs that were scanned but no TLDs were found in them. Skipping unneeded JARs during scanning can improve startup time and JSP compilation time.
八月 30, 2017 5:04:41 下午 org.apache.catalina.startup.HostConfig deployDirectory
信息: Deployment of web application directory /Users/daihuijun/IdeaProjects/Tomcat7.0/catalina-home/webapps/manager has finished in 65 ms
八月 30, 2017 5:04:41 下午 org.apache.catalina.startup.HostConfig deployDirectory
信息: Deploying web application directory /Users/daihuijun/IdeaProjects/Tomcat7.0/catalina-home/webapps/ROOT
八月 30, 2017 5:04:42 下午 org.apache.catalina.startup.TldConfig execute
信息: At least one JAR was scanned for TLDs yet contained no TLDs. Enable debug logging for this logger for a complete list of JARs that were scanned but no TLDs were found in them. Skipping unneeded JARs during scanning can improve startup time and JSP compilation time.
八月 30, 2017 5:04:42 下午 org.apache.catalina.startup.HostConfig deployDirectory
信息: Deployment of web application directory /Users/daihuijun/IdeaProjects/Tomcat7.0/catalina-home/webapps/ROOT has finished in 1,157 ms
八月 30, 2017 5:04:42 下午 org.apache.coyote.AbstractProtocol start
信息: Starting ProtocolHandler ["http-bio-8080"]
八月 30, 2017 5:04:42 下午 org.apache.coyote.AbstractProtocol start
信息: Starting ProtocolHandler ["ajp-bio-8009"]
八月 30, 2017 5:04:42 下午 org.apache.catalina.startup.Catalina start
信息: Server startup in 5257 ms
八月 30, 2017 5:05:52 下午 org.apache.coyote.AbstractProtocol pause
信息: Pausing ProtocolHandler ["http-bio-8080"]
八月 30, 2017 5:05:52 下午 org.apache.coyote.AbstractProtocol pause
信息: Pausing ProtocolHandler ["ajp-bio-8009"]
八月 30, 2017 5:05:52 下午 org.apache.catalina.core.StandardService stopInternal
信息: Stopping service Catalina
八月 30, 2017 5:05:52 下午 org.apache.coyote.AbstractProtocol stop
信息: Stopping ProtocolHandler ["http-bio-8080"]
八月 30, 2017 5:05:52 下午 org.apache.coyote.AbstractProtocol stop
信息: Stopping ProtocolHandler ["ajp-bio-8009"]
八月 30, 2017 5:05:52 下午 org.apache.coyote.AbstractProtocol destroy
信息: Destroying ProtocolHandler ["http-bio-8080"]
八月 30, 2017 5:05:52 下午 org.apache.coyote.AbstractProtocol destroy
信息: Destroying ProtocolHandler ["ajp-bio-8009"]
