八月 30, 2017 4:50:36 下午 org.apache.catalina.core.ApplicationContext log
信息: ContextListener: contextInitialized()
八月 30, 2017 4:50:36 下午 org.apache.catalina.core.ApplicationContext log
信息: SessionListener: contextInitialized()
八月 30, 2017 4:50:36 下午 org.apache.catalina.core.ApplicationContext log
信息: ContextListener: attributeAdded('org.apache.jasper.compiler.TldLocationsCache', 'org.apache.jasper.compiler.TldLocationsCache@16af0ca')
八月 30, 2017 4:50:49 下午 org.apache.catalina.core.ApplicationContext log
信息: SessionListener: contextDestroyed()
八月 30, 2017 4:50:49 下午 org.apache.catalina.core.ApplicationContext log
信息: ContextListener: contextDestroyed()
八月 30, 2017 4:51:23 下午 org.apache.catalina.core.ApplicationContext log
信息: ContextListener: contextInitialized()
八月 30, 2017 4:51:23 下午 org.apache.catalina.core.ApplicationContext log
信息: SessionListener: contextInitialized()
八月 30, 2017 4:51:23 下午 org.apache.catalina.core.ApplicationContext log
信息: ContextListener: attributeAdded('org.apache.jasper.compiler.TldLocationsCache', 'org.apache.jasper.compiler.TldLocationsCache@44dbbc73')
八月 30, 2017 4:51:31 下午 org.apache.catalina.core.ApplicationContext log
信息: SessionListener: contextDestroyed()
八月 30, 2017 4:51:31 下午 org.apache.catalina.core.ApplicationContext log
信息: ContextListener: contextDestroyed()
八月 30, 2017 4:56:04 下午 org.apache.catalina.core.ApplicationContext log
信息: ContextListener: contextInitialized()
八月 30, 2017 4:56:04 下午 org.apache.catalina.core.ApplicationContext log
信息: SessionListener: contextInitialized()
八月 30, 2017 4:56:04 下午 org.apache.catalina.core.ApplicationContext log
信息: ContextListener: attributeAdded('org.apache.jasper.compiler.TldLocationsCache', 'org.apache.jasper.compiler.TldLocationsCache@5f75cb11')
八月 30, 2017 5:00:00 下午 org.apache.catalina.core.ApplicationContext log
信息: ContextListener: contextInitialized()
八月 30, 2017 5:00:00 下午 org.apache.catalina.core.ApplicationContext log
信息: SessionListener: contextInitialized()
八月 30, 2017 5:00:00 下午 org.apache.catalina.core.ApplicationContext log
信息: ContextListener: attributeAdded('org.apache.jasper.compiler.TldLocationsCache', 'org.apache.jasper.compiler.TldLocationsCache@1b4792c0')
八月 30, 2017 5:01:02 下午 org.apache.catalina.core.ApplicationContext log
信息: ContextListener: contextInitialized()
八月 30, 2017 5:01:02 下午 org.apache.catalina.core.ApplicationContext log
信息: SessionListener: contextInitialized()
八月 30, 2017 5:01:02 下午 org.apache.catalina.core.ApplicationContext log
信息: ContextListener: attributeAdded('org.apache.jasper.compiler.TldLocationsCache', 'org.apache.jasper.compiler.TldLocationsCache@37401b3a')
八月 30, 2017 5:01:04 下午 org.apache.catalina.core.ApplicationContext log
信息: SessionListener: contextDestroyed()
八月 30, 2017 5:01:04 下午 org.apache.catalina.core.ApplicationContext log
信息: ContextListener: contextDestroyed()
八月 30, 2017 5:01:21 下午 org.apache.catalina.core.ApplicationContext log
信息: SessionListener: contextDestroyed()
八月 30, 2017 5:01:21 下午 org.apache.catalina.core.ApplicationContext log
信息: ContextListener: contextDestroyed()
八月 30, 2017 5:01:31 下午 org.apache.catalina.core.ApplicationContext log
信息: ContextListener: contextInitialized()
八月 30, 2017 5:01:31 下午 org.apache.catalina.core.ApplicationContext log
信息: SessionListener: contextInitialized()
八月 30, 2017 5:01:31 下午 org.apache.catalina.core.ApplicationContext log
信息: ContextListener: attributeAdded('org.apache.jasper.compiler.TldLocationsCache', 'org.apache.jasper.compiler.TldLocationsCache@72f7f940')
八月 30, 2017 5:04:32 下午 org.apache.catalina.core.ApplicationContext log
信息: SessionListener: contextDestroyed()
八月 30, 2017 5:04:32 下午 org.apache.catalina.core.ApplicationContext log
信息: ContextListener: contextDestroyed()
八月 30, 2017 5:04:41 下午 org.apache.catalina.core.ApplicationContext log
信息: ContextListener: contextInitialized()
八月 30, 2017 5:04:41 下午 org.apache.catalina.core.ApplicationContext log
信息: SessionListener: contextInitialized()
八月 30, 2017 5:04:41 下午 org.apache.catalina.core.ApplicationContext log
信息: ContextListener: attributeAdded('org.apache.jasper.compiler.TldLocationsCache', 'org.apache.jasper.compiler.TldLocationsCache@8f15576')
八月 30, 2017 5:05:52 下午 org.apache.catalina.core.ApplicationContext log
信息: SessionListener: contextDestroyed()
八月 30, 2017 5:05:52 下午 org.apache.catalina.core.ApplicationContext log
信息: ContextListener: contextDestroyed()
