八月 31, 2017 9:41:16 上午 org.apache.catalina.core.ApplicationContext log
信息: ContextListener: contextInitialized()
八月 31, 2017 9:41:16 上午 org.apache.catalina.core.ApplicationContext log
信息: SessionListener: contextInitialized()
八月 31, 2017 9:41:16 上午 org.apache.catalina.core.ApplicationContext log
信息: ContextListener: attributeAdded('org.apache.jasper.compiler.TldLocationsCache', 'org.apache.jasper.compiler.TldLocationsCache@5db895c1')
八月 31, 2017 2:16:37 下午 org.apache.catalina.core.ApplicationContext log
信息: ContextListener: contextInitialized()
八月 31, 2017 2:16:37 下午 org.apache.catalina.core.ApplicationContext log
信息: SessionListener: contextInitialized()
八月 31, 2017 2:16:37 下午 org.apache.catalina.core.ApplicationContext log
信息: ContextListener: attributeAdded('org.apache.jasper.compiler.TldLocationsCache', 'org.apache.jasper.compiler.TldLocationsCache@16d697a3')
八月 31, 2017 2:16:38 下午 org.apache.catalina.core.ApplicationContext log
信息: SessionListener: contextDestroyed()
八月 31, 2017 2:16:38 下午 org.apache.catalina.core.ApplicationContext log
信息: ContextListener: contextDestroyed()
八月 31, 2017 2:16:53 下午 org.apache.catalina.core.ApplicationContext log
信息: SessionListener: contextDestroyed()
八月 31, 2017 2:16:53 下午 org.apache.catalina.core.ApplicationContext log
信息: ContextListener: contextDestroyed()
八月 31, 2017 2:17:07 下午 org.apache.catalina.core.ApplicationContext log
信息: ContextListener: contextInitialized()
八月 31, 2017 2:17:07 下午 org.apache.catalina.core.ApplicationContext log
信息: SessionListener: contextInitialized()
八月 31, 2017 2:17:07 下午 org.apache.catalina.core.ApplicationContext log
信息: ContextListener: attributeAdded('org.apache.jasper.compiler.TldLocationsCache', 'org.apache.jasper.compiler.TldLocationsCache@1163a022')
八月 31, 2017 3:46:52 下午 org.apache.catalina.core.ApplicationContext log
信息: SessionListener: contextDestroyed()
八月 31, 2017 3:46:52 下午 org.apache.catalina.core.ApplicationContext log
信息: ContextListener: contextDestroyed()
八月 31, 2017 7:11:12 下午 org.apache.catalina.core.ApplicationContext log
信息: ContextListener: contextInitialized()
八月 31, 2017 7:11:12 下午 org.apache.catalina.core.ApplicationContext log
信息: SessionListener: contextInitialized()
八月 31, 2017 7:11:12 下午 org.apache.catalina.core.ApplicationContext log
信息: ContextListener: attributeAdded('org.apache.jasper.compiler.TldLocationsCache', 'org.apache.jasper.compiler.TldLocationsCache@29ce78d6')
八月 31, 2017 7:11:26 下午 org.apache.catalina.core.ApplicationContext log
信息: SessionListener: contextDestroyed()
八月 31, 2017 7:11:26 下午 org.apache.catalina.core.ApplicationContext log
信息: ContextListener: contextDestroyed()
八月 31, 2017 7:19:18 下午 org.apache.catalina.core.ApplicationContext log
信息: ContextListener: contextInitialized()
八月 31, 2017 7:19:18 下午 org.apache.catalina.core.ApplicationContext log
信息: SessionListener: contextInitialized()
八月 31, 2017 7:19:18 下午 org.apache.catalina.core.ApplicationContext log
信息: ContextListener: attributeAdded('org.apache.jasper.compiler.TldLocationsCache', 'org.apache.jasper.compiler.TldLocationsCache@359f1161')
八月 31, 2017 8:50:45 下午 org.apache.catalina.core.ApplicationContext log
信息: SessionListener: contextDestroyed()
八月 31, 2017 8:50:45 下午 org.apache.catalina.core.ApplicationContext log
信息: ContextListener: contextDestroyed()
