九月 01, 2017 10:55:09 上午 org.apache.catalina.core.ApplicationContext log
信息: HTMLManager: init: Associated with Deployer 'Catalina:type=Deployer,host=localhost'
九月 01, 2017 10:55:09 上午 org.apache.catalina.core.ApplicationContext log
信息: HTMLManager: init: Global resources are available
九月 01, 2017 10:55:09 上午 org.apache.catalina.core.ApplicationContext log
信息: HTMLManager: list: Listing contexts for virtual host 'localhost'
九月 01, 2017 10:56:08 上午 org.apache.catalina.core.ApplicationContext log
信息: HTMLManager: init: Associated with Deployer 'Catalina:type=Deployer,host=localhost'
九月 01, 2017 10:56:08 上午 org.apache.catalina.core.ApplicationContext log
信息: HTMLManager: init: Global resources are available
九月 01, 2017 10:56:08 上午 org.apache.catalina.core.ApplicationContext log
信息: HTMLManager: list: Listing contexts for virtual host 'localhost'
九月 01, 2017 10:57:14 上午 org.apache.catalina.core.ApplicationContext log
信息: HTMLManager: list: Listing contexts for virtual host 'localhost'
九月 01, 2017 10:57:16 上午 org.apache.catalina.core.ApplicationContext log
信息: HTMLManager: list: Listing contexts for virtual host 'localhost'
九月 01, 2017 10:57:25 上午 org.apache.catalina.core.ApplicationContext log
信息: HTMLManager: start: Starting web application '/webapp'
九月 01, 2017 10:57:26 上午 org.apache.catalina.core.ApplicationContext log
信息: HTMLManager: list: Listing contexts for virtual host 'localhost'
九月 01, 2017 10:57:53 上午 org.apache.catalina.core.ApplicationContext log
信息: HTMLManager: undeploy: Undeploying web application at '/webapp'
九月 01, 2017 10:57:53 上午 org.apache.catalina.core.ApplicationContext log
信息: HTMLManager: list: Listing contexts for virtual host 'localhost'
九月 01, 2017 11:00:17 上午 org.apache.catalina.core.ApplicationContext log
信息: HTMLManager: init: Associated with Deployer 'Catalina:type=Deployer,host=localhost'
九月 01, 2017 11:00:17 上午 org.apache.catalina.core.ApplicationContext log
信息: HTMLManager: init: Global resources are available
九月 01, 2017 11:00:17 上午 org.apache.catalina.core.ApplicationContext log
信息: HTMLManager: list: Listing contexts for virtual host 'localhost'
九月 01, 2017 11:23:08 上午 org.apache.catalina.core.ApplicationContext log
信息: HTMLManager: init: Associated with Deployer 'Catalina:type=Deployer,host=localhost'
九月 01, 2017 11:23:08 上午 org.apache.catalina.core.ApplicationContext log
信息: HTMLManager: init: Global resources are available
九月 01, 2017 11:23:08 上午 org.apache.catalina.core.ApplicationContext log
信息: HTMLManager: list: Listing contexts for virtual host 'localhost'
九月 01, 2017 11:23:51 上午 org.apache.catalina.core.ApplicationContext log
信息: HTMLManager: list: Listing contexts for virtual host 'localhost'
